-------------------------------------------------------------------------------
Test set: se.ff.cc.RunCukesTest
-------------------------------------------------------------------------------
Tests run: 184, Failures: 0, Errors: 10, Skipped: 142, Time elapsed: 1.671 sec <<< FAILURE!
Given I have parsed a workbook(Scenario: Curate workbook schema validation.)  Time elapsed: 0.026 sec  <<< ERROR!
java.lang.NoClassDefFoundError: org/apache/poi/xssf/usermodel/XSSFSheet
	at java.lang.Class.getDeclaredMethods0(Native Method)
	at java.lang.Class.privateGetDeclaredMethods(Class.java:2701)
	at java.lang.Class.getDeclaredMethods(Class.java:1975)
	at com.google.inject.spi.InjectionPoint.getDeclaredMethods(InjectionPoint.java:766)
	at com.google.inject.spi.InjectionPoint.getInjectionPoints(InjectionPoint.java:683)
	at com.google.inject.spi.InjectionPoint.forInstanceMethodsAndFields(InjectionPoint.java:378)
	at com.google.inject.internal.ConstructorBindingImpl.getInternalDependencies(ConstructorBindingImpl.java:181)
	at com.google.inject.internal.InjectorImpl.getInternalDependencies(InjectorImpl.java:661)
	at com.google.inject.internal.InjectorImpl.cleanup(InjectorImpl.java:617)
	at com.google.inject.internal.InjectorImpl.initializeJitBinding(InjectorImpl.java:603)
	at com.google.inject.internal.InjectorImpl.createJustInTimeBinding(InjectorImpl.java:932)
	at com.google.inject.internal.InjectorImpl.createJustInTimeBindingRecursive(InjectorImpl.java:852)
	at com.google.inject.internal.InjectorImpl.getJustInTimeBinding(InjectorImpl.java:291)
	at com.google.inject.internal.InjectorImpl.getBindingOrThrow(InjectorImpl.java:222)
	at com.google.inject.internal.InjectorImpl.getProviderOrThrow(InjectorImpl.java:1040)
	at com.google.inject.internal.InjectorImpl.getProvider(InjectorImpl.java:1071)
	at com.google.inject.internal.InjectorImpl.getProvider(InjectorImpl.java:1034)
	at com.google.inject.internal.InjectorImpl.getInstance(InjectorImpl.java:1086)
	at com.prft.cif.guice.inject.CIFInjector.getInstance(CIFInjector.java:38)
	at com.prft.cif.guice.inject.CIFInjector.createInstance(CIFInjector.java:52)
	at se.ff.cc.WorkbookStepDefs.some_start_condition(WorkbookStepDefs.java:40)
	at ?.Given I have parsed a workbook(se/ff/cc/AbcControls.feature:31)
Caused by: java.lang.ClassNotFoundException: org.apache.poi.xssf.usermodel.XSSFSheet
	at java.net.URLClassLoader.findClass(URLClassLoader.java:381)
	at java.lang.ClassLoader.loadClass(ClassLoader.java:424)
	at sun.misc.Launcher$AppClassLoader.loadClass(Launcher.java:331)
	at java.lang.ClassLoader.loadClass(ClassLoader.java:357)
	at java.lang.Class.getDeclaredMethods0(Native Method)
	at java.lang.Class.privateGetDeclaredMethods(Class.java:2701)
	at java.lang.Class.getDeclaredMethods(Class.java:1975)
	at com.google.inject.spi.InjectionPoint.getDeclaredMethods(InjectionPoint.java:766)
	at com.google.inject.spi.InjectionPoint.getInjectionPoints(InjectionPoint.java:683)
	at com.google.inject.spi.InjectionPoint.forInstanceMethodsAndFields(InjectionPoint.java:378)
	at com.google.inject.internal.ConstructorBindingImpl.getInternalDependencies(ConstructorBindingImpl.java:181)
	at com.google.inject.internal.InjectorImpl.getInternalDependencies(InjectorImpl.java:661)
	at com.google.inject.internal.InjectorImpl.cleanup(InjectorImpl.java:617)
	at com.google.inject.internal.InjectorImpl.initializeJitBinding(InjectorImpl.java:603)
	at com.google.inject.internal.InjectorImpl.createJustInTimeBinding(InjectorImpl.java:932)
	at com.google.inject.internal.InjectorImpl.createJustInTimeBindingRecursive(InjectorImpl.java:852)
	at com.google.inject.internal.InjectorImpl.getJustInTimeBinding(InjectorImpl.java:291)
	at com.google.inject.internal.InjectorImpl.getBindingOrThrow(InjectorImpl.java:222)
	at com.google.inject.internal.InjectorImpl.getProviderOrThrow(InjectorImpl.java:1040)
	at com.google.inject.internal.InjectorImpl.getProvider(InjectorImpl.java:1071)
	at com.google.inject.internal.InjectorImpl.getProvider(InjectorImpl.java:1034)
	at com.google.inject.internal.InjectorImpl.getInstance(InjectorImpl.java:1086)
	at com.prft.cif.guice.inject.CIFInjector.getInstance(CIFInjector.java:38)
	at com.prft.cif.guice.inject.CIFInjector.createInstance(CIFInjector.java:52)
	at se.ff.cc.WorkbookStepDefs.some_start_condition(WorkbookStepDefs.java:40)
	at sun.reflect.NativeMethodAccessorImpl.invoke0(Native Method)
	at sun.reflect.NativeMethodAccessorImpl.invoke(NativeMethodAccessorImpl.java:62)
	at sun.reflect.DelegatingMethodAccessorImpl.invoke(DelegatingMethodAccessorImpl.java:43)
	at java.lang.reflect.Method.invoke(Method.java:498)
	at cucumber.runtime.Utils$1.call(Utils.java:37)
	at cucumber.runtime.Timeout.timeout(Timeout.java:13)
	at cucumber.runtime.Utils.invoke(Utils.java:31)
	at cucumber.runtime.java.JavaStepDefinition.execute(JavaStepDefinition.java:38)
	at cucumber.runtime.StepDefinitionMatch.runStep(StepDefinitionMatch.java:37)
	at cucumber.runtime.Runtime.runStep(Runtime.java:299)
	at cucumber.runtime.model.StepContainer.runStep(StepContainer.java:44)
	at cucumber.runtime.model.StepContainer.runSteps(StepContainer.java:39)
	at cucumber.runtime.model.CucumberScenario.run(CucumberScenario.java:44)
	at cucumber.runtime.junit.ExecutionUnitRunner.run(ExecutionUnitRunner.java:91)
	at cucumber.runtime.junit.FeatureRunner.runChild(FeatureRunner.java:63)
	at cucumber.runtime.junit.FeatureRunner.runChild(FeatureRunner.java:18)
	at org.junit.runners.ParentRunner$3.run(ParentRunner.java:290)
	at org.junit.runners.ParentRunner$1.schedule(ParentRunner.java:71)
	at org.junit.runners.ParentRunner.runChildren(ParentRunner.java:288)
	at org.junit.runners.ParentRunner.access$000(ParentRunner.java:58)
	at org.junit.runners.ParentRunner$2.evaluate(ParentRunner.java:268)
	at org.junit.runners.ParentRunner.run(ParentRunner.java:363)
	at cucumber.runtime.junit.FeatureRunner.run(FeatureRunner.java:70)
	at cucumber.api.junit.Cucumber.runChild(Cucumber.java:93)
	at cucumber.api.junit.Cucumber.runChild(Cucumber.java:37)
	at org.junit.runners.ParentRunner$3.run(ParentRunner.java:290)
	at org.junit.runners.ParentRunner$1.schedule(ParentRunner.java:71)
	at org.junit.runners.ParentRunner.runChildren(ParentRunner.java:288)
	at org.junit.runners.ParentRunner.access$000(ParentRunner.java:58)
	at org.junit.runners.ParentRunner$2.evaluate(ParentRunner.java:268)
	at org.junit.runners.ParentRunner.run(ParentRunner.java:363)
	at cucumber.api.junit.Cucumber.run(Cucumber.java:98)
	at org.apache.maven.surefire.junit4.JUnit4Provider.execute(JUnit4Provider.java:252)
	at org.apache.maven.surefire.junit4.JUnit4Provider.executeTestSet(JUnit4Provider.java:141)
	at org.apache.maven.surefire.junit4.JUnit4Provider.invoke(JUnit4Provider.java:112)
	at sun.reflect.NativeMethodAccessorImpl.invoke0(Native Method)
	at sun.reflect.NativeMethodAccessorImpl.invoke(NativeMethodAccessorImpl.java:62)
	at sun.reflect.DelegatingMethodAccessorImpl.invoke(DelegatingMethodAccessorImpl.java:43)
	at java.lang.reflect.Method.invoke(Method.java:498)
	at org.apache.maven.surefire.util.ReflectionUtils.invokeMethodWithArray(ReflectionUtils.java:189)
	at org.apache.maven.surefire.booter.ProviderFactory$ProviderProxy.invoke(ProviderFactory.java:165)
	at org.apache.maven.surefire.booter.ProviderFactory.invokeProvider(ProviderFactory.java:85)
	at org.apache.maven.surefire.booter.ForkedBooter.runSuitesInProcess(ForkedBooter.java:115)
	at org.apache.maven.surefire.booter.ForkedBooter.main(ForkedBooter.java:75)

Scenario: Curate workbook schema validation.  Time elapsed: 0.027 sec  <<< ERROR!
java.lang.NoClassDefFoundError: org/apache/poi/xssf/usermodel/XSSFSheet
	at java.lang.Class.getDeclaredMethods0(Native Method)
	at java.lang.Class.privateGetDeclaredMethods(Class.java:2701)
	at java.lang.Class.getDeclaredMethods(Class.java:1975)
	at com.google.inject.spi.InjectionPoint.getDeclaredMethods(InjectionPoint.java:766)
	at com.google.inject.spi.InjectionPoint.getInjectionPoints(InjectionPoint.java:683)
	at com.google.inject.spi.InjectionPoint.forInstanceMethodsAndFields(InjectionPoint.java:378)
	at com.google.inject.internal.ConstructorBindingImpl.getInternalDependencies(ConstructorBindingImpl.java:181)
	at com.google.inject.internal.InjectorImpl.getInternalDependencies(InjectorImpl.java:661)
	at com.google.inject.internal.InjectorImpl.cleanup(InjectorImpl.java:617)
	at com.google.inject.internal.InjectorImpl.initializeJitBinding(InjectorImpl.java:603)
	at com.google.inject.internal.InjectorImpl.createJustInTimeBinding(InjectorImpl.java:932)
	at com.google.inject.internal.InjectorImpl.createJustInTimeBindingRecursive(InjectorImpl.java:852)
	at com.google.inject.internal.InjectorImpl.getJustInTimeBinding(InjectorImpl.java:291)
	at com.google.inject.internal.InjectorImpl.getBindingOrThrow(InjectorImpl.java:222)
	at com.google.inject.internal.InjectorImpl.getProviderOrThrow(InjectorImpl.java:1040)
	at com.google.inject.internal.InjectorImpl.getProvider(InjectorImpl.java:1071)
	at com.google.inject.internal.InjectorImpl.getProvider(InjectorImpl.java:1034)
	at com.google.inject.internal.InjectorImpl.getInstance(InjectorImpl.java:1086)
	at com.prft.cif.guice.inject.CIFInjector.getInstance(CIFInjector.java:38)
	at com.prft.cif.guice.inject.CIFInjector.createInstance(CIFInjector.java:52)
	at se.ff.cc.WorkbookStepDefs.some_start_condition(WorkbookStepDefs.java:40)
	at ?.Given I have parsed a workbook(se/ff/cc/AbcControls.feature:31)
Caused by: java.lang.ClassNotFoundException: org.apache.poi.xssf.usermodel.XSSFSheet
	at java.net.URLClassLoader.findClass(URLClassLoader.java:381)
	at java.lang.ClassLoader.loadClass(ClassLoader.java:424)
	at sun.misc.Launcher$AppClassLoader.loadClass(Launcher.java:331)
	at java.lang.ClassLoader.loadClass(ClassLoader.java:357)
	at java.lang.Class.getDeclaredMethods0(Native Method)
	at java.lang.Class.privateGetDeclaredMethods(Class.java:2701)
	at java.lang.Class.getDeclaredMethods(Class.java:1975)
	at com.google.inject.spi.InjectionPoint.getDeclaredMethods(InjectionPoint.java:766)
	at com.google.inject.spi.InjectionPoint.getInjectionPoints(InjectionPoint.java:683)
	at com.google.inject.spi.InjectionPoint.forInstanceMethodsAndFields(InjectionPoint.java:378)
	at com.google.inject.internal.ConstructorBindingImpl.getInternalDependencies(ConstructorBindingImpl.java:181)
	at com.google.inject.internal.InjectorImpl.getInternalDependencies(InjectorImpl.java:661)
	at com.google.inject.internal.InjectorImpl.cleanup(InjectorImpl.java:617)
	at com.google.inject.internal.InjectorImpl.initializeJitBinding(InjectorImpl.java:603)
	at com.google.inject.internal.InjectorImpl.createJustInTimeBinding(InjectorImpl.java:932)
	at com.google.inject.internal.InjectorImpl.createJustInTimeBindingRecursive(InjectorImpl.java:852)
	at com.google.inject.internal.InjectorImpl.getJustInTimeBinding(InjectorImpl.java:291)
	at com.google.inject.internal.InjectorImpl.getBindingOrThrow(InjectorImpl.java:222)
	at com.google.inject.internal.InjectorImpl.getProviderOrThrow(InjectorImpl.java:1040)
	at com.google.inject.internal.InjectorImpl.getProvider(InjectorImpl.java:1071)
	at com.google.inject.internal.InjectorImpl.getProvider(InjectorImpl.java:1034)
	at com.google.inject.internal.InjectorImpl.getInstance(InjectorImpl.java:1086)
	at com.prft.cif.guice.inject.CIFInjector.getInstance(CIFInjector.java:38)
	at com.prft.cif.guice.inject.CIFInjector.createInstance(CIFInjector.java:52)
	at se.ff.cc.WorkbookStepDefs.some_start_condition(WorkbookStepDefs.java:40)
	at sun.reflect.NativeMethodAccessorImpl.invoke0(Native Method)
	at sun.reflect.NativeMethodAccessorImpl.invoke(NativeMethodAccessorImpl.java:62)
	at sun.reflect.DelegatingMethodAccessorImpl.invoke(DelegatingMethodAccessorImpl.java:43)
	at java.lang.reflect.Method.invoke(Method.java:498)
	at cucumber.runtime.Utils$1.call(Utils.java:37)
	at cucumber.runtime.Timeout.timeout(Timeout.java:13)
	at cucumber.runtime.Utils.invoke(Utils.java:31)
	at cucumber.runtime.java.JavaStepDefinition.execute(JavaStepDefinition.java:38)
	at cucumber.runtime.StepDefinitionMatch.runStep(StepDefinitionMatch.java:37)
	at cucumber.runtime.Runtime.runStep(Runtime.java:299)
	at cucumber.runtime.model.StepContainer.runStep(StepContainer.java:44)
	at cucumber.runtime.model.StepContainer.runSteps(StepContainer.java:39)
	at cucumber.runtime.model.CucumberScenario.run(CucumberScenario.java:44)
	at cucumber.runtime.junit.ExecutionUnitRunner.run(ExecutionUnitRunner.java:91)
	at cucumber.runtime.junit.FeatureRunner.runChild(FeatureRunner.java:63)
	at cucumber.runtime.junit.FeatureRunner.runChild(FeatureRunner.java:18)
	at org.junit.runners.ParentRunner$3.run(ParentRunner.java:290)
	at org.junit.runners.ParentRunner$1.schedule(ParentRunner.java:71)
	at org.junit.runners.ParentRunner.runChildren(ParentRunner.java:288)
	at org.junit.runners.ParentRunner.access$000(ParentRunner.java:58)
	at org.junit.runners.ParentRunner$2.evaluate(ParentRunner.java:268)
	at org.junit.runners.ParentRunner.run(ParentRunner.java:363)
	at cucumber.runtime.junit.FeatureRunner.run(FeatureRunner.java:70)
	at cucumber.api.junit.Cucumber.runChild(Cucumber.java:93)
	at cucumber.api.junit.Cucumber.runChild(Cucumber.java:37)
	at org.junit.runners.ParentRunner$3.run(ParentRunner.java:290)
	at org.junit.runners.ParentRunner$1.schedule(ParentRunner.java:71)
	at org.junit.runners.ParentRunner.runChildren(ParentRunner.java:288)
	at org.junit.runners.ParentRunner.access$000(ParentRunner.java:58)
	at org.junit.runners.ParentRunner$2.evaluate(ParentRunner.java:268)
	at org.junit.runners.ParentRunner.run(ParentRunner.java:363)
	at cucumber.api.junit.Cucumber.run(Cucumber.java:98)
	at org.apache.maven.surefire.junit4.JUnit4Provider.execute(JUnit4Provider.java:252)
	at org.apache.maven.surefire.junit4.JUnit4Provider.executeTestSet(JUnit4Provider.java:141)
	at org.apache.maven.surefire.junit4.JUnit4Provider.invoke(JUnit4Provider.java:112)
	at sun.reflect.NativeMethodAccessorImpl.invoke0(Native Method)
	at sun.reflect.NativeMethodAccessorImpl.invoke(NativeMethodAccessorImpl.java:62)
	at sun.reflect.DelegatingMethodAccessorImpl.invoke(DelegatingMethodAccessorImpl.java:43)
	at java.lang.reflect.Method.invoke(Method.java:498)
	at org.apache.maven.surefire.util.ReflectionUtils.invokeMethodWithArray(ReflectionUtils.java:189)
	at org.apache.maven.surefire.booter.ProviderFactory$ProviderProxy.invoke(ProviderFactory.java:165)
	at org.apache.maven.surefire.booter.ProviderFactory.invokeProvider(ProviderFactory.java:85)
	at org.apache.maven.surefire.booter.ForkedBooter.runSuitesInProcess(ForkedBooter.java:115)
	at org.apache.maven.surefire.booter.ForkedBooter.main(ForkedBooter.java:75)

Given a data set in the RAW zone and its counterpart in the curate zone(Scenario: Data from the RAW zone should be completely ingested to the curate zone according to the metadata provided by the workbook.)  Time elapsed: 0.001 sec  <<< ERROR!
java.lang.NoClassDefFoundError: org/apache/poi/xssf/usermodel/XSSFSheet
	at java.lang.Class.getDeclaredMethods0(Native Method)
	at java.lang.Class.privateGetDeclaredMethods(Class.java:2701)
	at java.lang.Class.getDeclaredMethods(Class.java:1975)
	at com.google.inject.spi.InjectionPoint.getDeclaredMethods(InjectionPoint.java:766)
	at com.google.inject.spi.InjectionPoint.getInjectionPoints(InjectionPoint.java:683)
	at com.google.inject.spi.InjectionPoint.forInstanceMethodsAndFields(InjectionPoint.java:378)
	at com.google.inject.internal.ConstructorBindingImpl.getInternalDependencies(ConstructorBindingImpl.java:181)
	at com.google.inject.internal.InjectorImpl.getInternalDependencies(InjectorImpl.java:661)
	at com.google.inject.internal.InjectorImpl.cleanup(InjectorImpl.java:617)
	at com.google.inject.internal.InjectorImpl.initializeJitBinding(InjectorImpl.java:603)
	at com.google.inject.internal.InjectorImpl.createJustInTimeBinding(InjectorImpl.java:932)
	at com.google.inject.internal.InjectorImpl.createJustInTimeBindingRecursive(InjectorImpl.java:852)
	at com.google.inject.internal.InjectorImpl.getJustInTimeBinding(InjectorImpl.java:291)
	at com.google.inject.internal.InjectorImpl.getBindingOrThrow(InjectorImpl.java:222)
	at com.google.inject.internal.InjectorImpl.getProviderOrThrow(InjectorImpl.java:1040)
	at com.google.inject.internal.InjectorImpl.getProvider(InjectorImpl.java:1071)
	at com.google.inject.internal.InjectorImpl.getProvider(InjectorImpl.java:1034)
	at com.google.inject.internal.InjectorImpl.getInstance(InjectorImpl.java:1086)
	at com.prft.cif.guice.inject.CIFInjector.getInstance(CIFInjector.java:38)
	at com.prft.cif.guice.inject.CIFInjector.createInstance(CIFInjector.java:52)
	at se.ff.cc.CurateStepDefs.some_start_condition(CurateStepDefs.java:41)
	at ?.Given a data set in the RAW zone and its counterpart in the curate zone(se/ff/cc/Curate.feature:9)
Caused by: java.lang.ClassNotFoundException: org.apache.poi.xssf.usermodel.XSSFSheet
	at java.net.URLClassLoader.findClass(URLClassLoader.java:381)
	at java.lang.ClassLoader.loadClass(ClassLoader.java:424)
	at sun.misc.Launcher$AppClassLoader.loadClass(Launcher.java:331)
	at java.lang.ClassLoader.loadClass(ClassLoader.java:357)
	at java.lang.Class.getDeclaredMethods0(Native Method)
	at java.lang.Class.privateGetDeclaredMethods(Class.java:2701)
	at java.lang.Class.getDeclaredMethods(Class.java:1975)
	at com.google.inject.spi.InjectionPoint.getDeclaredMethods(InjectionPoint.java:766)
	at com.google.inject.spi.InjectionPoint.getInjectionPoints(InjectionPoint.java:683)
	at com.google.inject.spi.InjectionPoint.forInstanceMethodsAndFields(InjectionPoint.java:378)
	at com.google.inject.internal.ConstructorBindingImpl.getInternalDependencies(ConstructorBindingImpl.java:181)
	at com.google.inject.internal.InjectorImpl.getInternalDependencies(InjectorImpl.java:661)
	at com.google.inject.internal.InjectorImpl.cleanup(InjectorImpl.java:617)
	at com.google.inject.internal.InjectorImpl.initializeJitBinding(InjectorImpl.java:603)
	at com.google.inject.internal.InjectorImpl.createJustInTimeBinding(InjectorImpl.java:932)
	at com.google.inject.internal.InjectorImpl.createJustInTimeBindingRecursive(InjectorImpl.java:852)
	at com.google.inject.internal.InjectorImpl.getJustInTimeBinding(InjectorImpl.java:291)
	at com.google.inject.internal.InjectorImpl.getBindingOrThrow(InjectorImpl.java:222)
	at com.google.inject.internal.InjectorImpl.getProviderOrThrow(InjectorImpl.java:1040)
	at com.google.inject.internal.InjectorImpl.getProvider(InjectorImpl.java:1071)
	at com.google.inject.internal.InjectorImpl.getProvider(InjectorImpl.java:1034)
	at com.google.inject.internal.InjectorImpl.getInstance(InjectorImpl.java:1086)
	at com.prft.cif.guice.inject.CIFInjector.getInstance(CIFInjector.java:38)
	at com.prft.cif.guice.inject.CIFInjector.createInstance(CIFInjector.java:52)
	at se.ff.cc.CurateStepDefs.some_start_condition(CurateStepDefs.java:41)
	at sun.reflect.NativeMethodAccessorImpl.invoke0(Native Method)
	at sun.reflect.NativeMethodAccessorImpl.invoke(NativeMethodAccessorImpl.java:62)
	at sun.reflect.DelegatingMethodAccessorImpl.invoke(DelegatingMethodAccessorImpl.java:43)
	at java.lang.reflect.Method.invoke(Method.java:498)
	at cucumber.runtime.Utils$1.call(Utils.java:37)
	at cucumber.runtime.Timeout.timeout(Timeout.java:13)
	at cucumber.runtime.Utils.invoke(Utils.java:31)
	at cucumber.runtime.java.JavaStepDefinition.execute(JavaStepDefinition.java:38)
	at cucumber.runtime.StepDefinitionMatch.runStep(StepDefinitionMatch.java:37)
	at cucumber.runtime.Runtime.runStep(Runtime.java:299)
	at cucumber.runtime.model.StepContainer.runStep(StepContainer.java:44)
	at cucumber.runtime.model.StepContainer.runSteps(StepContainer.java:39)
	at cucumber.runtime.model.CucumberScenario.run(CucumberScenario.java:44)
	at cucumber.runtime.junit.ExecutionUnitRunner.run(ExecutionUnitRunner.java:91)
	at cucumber.runtime.junit.FeatureRunner.runChild(FeatureRunner.java:63)
	at cucumber.runtime.junit.FeatureRunner.runChild(FeatureRunner.java:18)
	at org.junit.runners.ParentRunner$3.run(ParentRunner.java:290)
	at org.junit.runners.ParentRunner$1.schedule(ParentRunner.java:71)
	at org.junit.runners.ParentRunner.runChildren(ParentRunner.java:288)
	at org.junit.runners.ParentRunner.access$000(ParentRunner.java:58)
	at org.junit.runners.ParentRunner$2.evaluate(ParentRunner.java:268)
	at org.junit.runners.ParentRunner.run(ParentRunner.java:363)
	at cucumber.runtime.junit.FeatureRunner.run(FeatureRunner.java:70)
	at cucumber.api.junit.Cucumber.runChild(Cucumber.java:93)
	at cucumber.api.junit.Cucumber.runChild(Cucumber.java:37)
	at org.junit.runners.ParentRunner$3.run(ParentRunner.java:290)
	at org.junit.runners.ParentRunner$1.schedule(ParentRunner.java:71)
	at org.junit.runners.ParentRunner.runChildren(ParentRunner.java:288)
	at org.junit.runners.ParentRunner.access$000(ParentRunner.java:58)
	at org.junit.runners.ParentRunner$2.evaluate(ParentRunner.java:268)
	at org.junit.runners.ParentRunner.run(ParentRunner.java:363)
	at cucumber.api.junit.Cucumber.run(Cucumber.java:98)
	at org.apache.maven.surefire.junit4.JUnit4Provider.execute(JUnit4Provider.java:252)
	at org.apache.maven.surefire.junit4.JUnit4Provider.executeTestSet(JUnit4Provider.java:141)
	at org.apache.maven.surefire.junit4.JUnit4Provider.invoke(JUnit4Provider.java:112)
	at sun.reflect.NativeMethodAccessorImpl.invoke0(Native Method)
	at sun.reflect.NativeMethodAccessorImpl.invoke(NativeMethodAccessorImpl.java:62)
	at sun.reflect.DelegatingMethodAccessorImpl.invoke(DelegatingMethodAccessorImpl.java:43)
	at java.lang.reflect.Method.invoke(Method.java:498)
	at org.apache.maven.surefire.util.ReflectionUtils.invokeMethodWithArray(ReflectionUtils.java:189)
	at org.apache.maven.surefire.booter.ProviderFactory$ProviderProxy.invoke(ProviderFactory.java:165)
	at org.apache.maven.surefire.booter.ProviderFactory.invokeProvider(ProviderFactory.java:85)
	at org.apache.maven.surefire.booter.ForkedBooter.runSuitesInProcess(ForkedBooter.java:115)
	at org.apache.maven.surefire.booter.ForkedBooter.main(ForkedBooter.java:75)

Scenario: Data from the RAW zone should be completely ingested to the curate zone according to the metadata provided by the workbook.  Time elapsed: 0.002 sec  <<< ERROR!
java.lang.NoClassDefFoundError: org/apache/poi/xssf/usermodel/XSSFSheet
	at java.lang.Class.getDeclaredMethods0(Native Method)
	at java.lang.Class.privateGetDeclaredMethods(Class.java:2701)
	at java.lang.Class.getDeclaredMethods(Class.java:1975)
	at com.google.inject.spi.InjectionPoint.getDeclaredMethods(InjectionPoint.java:766)
	at com.google.inject.spi.InjectionPoint.getInjectionPoints(InjectionPoint.java:683)
	at com.google.inject.spi.InjectionPoint.forInstanceMethodsAndFields(InjectionPoint.java:378)
	at com.google.inject.internal.ConstructorBindingImpl.getInternalDependencies(ConstructorBindingImpl.java:181)
	at com.google.inject.internal.InjectorImpl.getInternalDependencies(InjectorImpl.java:661)
	at com.google.inject.internal.InjectorImpl.cleanup(InjectorImpl.java:617)
	at com.google.inject.internal.InjectorImpl.initializeJitBinding(InjectorImpl.java:603)
	at com.google.inject.internal.InjectorImpl.createJustInTimeBinding(InjectorImpl.java:932)
	at com.google.inject.internal.InjectorImpl.createJustInTimeBindingRecursive(InjectorImpl.java:852)
	at com.google.inject.internal.InjectorImpl.getJustInTimeBinding(InjectorImpl.java:291)
	at com.google.inject.internal.InjectorImpl.getBindingOrThrow(InjectorImpl.java:222)
	at com.google.inject.internal.InjectorImpl.getProviderOrThrow(InjectorImpl.java:1040)
	at com.google.inject.internal.InjectorImpl.getProvider(InjectorImpl.java:1071)
	at com.google.inject.internal.InjectorImpl.getProvider(InjectorImpl.java:1034)
	at com.google.inject.internal.InjectorImpl.getInstance(InjectorImpl.java:1086)
	at com.prft.cif.guice.inject.CIFInjector.getInstance(CIFInjector.java:38)
	at com.prft.cif.guice.inject.CIFInjector.createInstance(CIFInjector.java:52)
	at se.ff.cc.CurateStepDefs.some_start_condition(CurateStepDefs.java:41)
	at ?.Given a data set in the RAW zone and its counterpart in the curate zone(se/ff/cc/Curate.feature:9)
Caused by: java.lang.ClassNotFoundException: org.apache.poi.xssf.usermodel.XSSFSheet
	at java.net.URLClassLoader.findClass(URLClassLoader.java:381)
	at java.lang.ClassLoader.loadClass(ClassLoader.java:424)
	at sun.misc.Launcher$AppClassLoader.loadClass(Launcher.java:331)
	at java.lang.ClassLoader.loadClass(ClassLoader.java:357)
	at java.lang.Class.getDeclaredMethods0(Native Method)
	at java.lang.Class.privateGetDeclaredMethods(Class.java:2701)
	at java.lang.Class.getDeclaredMethods(Class.java:1975)
	at com.google.inject.spi.InjectionPoint.getDeclaredMethods(InjectionPoint.java:766)
	at com.google.inject.spi.InjectionPoint.getInjectionPoints(InjectionPoint.java:683)
	at com.google.inject.spi.InjectionPoint.forInstanceMethodsAndFields(InjectionPoint.java:378)
	at com.google.inject.internal.ConstructorBindingImpl.getInternalDependencies(ConstructorBindingImpl.java:181)
	at com.google.inject.internal.InjectorImpl.getInternalDependencies(InjectorImpl.java:661)
	at com.google.inject.internal.InjectorImpl.cleanup(InjectorImpl.java:617)
	at com.google.inject.internal.InjectorImpl.initializeJitBinding(InjectorImpl.java:603)
	at com.google.inject.internal.InjectorImpl.createJustInTimeBinding(InjectorImpl.java:932)
	at com.google.inject.internal.InjectorImpl.createJustInTimeBindingRecursive(InjectorImpl.java:852)
	at com.google.inject.internal.InjectorImpl.getJustInTimeBinding(InjectorImpl.java:291)
	at com.google.inject.internal.InjectorImpl.getBindingOrThrow(InjectorImpl.java:222)
	at com.google.inject.internal.InjectorImpl.getProviderOrThrow(InjectorImpl.java:1040)
	at com.google.inject.internal.InjectorImpl.getProvider(InjectorImpl.java:1071)
	at com.google.inject.internal.InjectorImpl.getProvider(InjectorImpl.java:1034)
	at com.google.inject.internal.InjectorImpl.getInstance(InjectorImpl.java:1086)
	at com.prft.cif.guice.inject.CIFInjector.getInstance(CIFInjector.java:38)
	at com.prft.cif.guice.inject.CIFInjector.createInstance(CIFInjector.java:52)
	at se.ff.cc.CurateStepDefs.some_start_condition(CurateStepDefs.java:41)
	at sun.reflect.NativeMethodAccessorImpl.invoke0(Native Method)
	at sun.reflect.NativeMethodAccessorImpl.invoke(NativeMethodAccessorImpl.java:62)
	at sun.reflect.DelegatingMethodAccessorImpl.invoke(DelegatingMethodAccessorImpl.java:43)
	at java.lang.reflect.Method.invoke(Method.java:498)
	at cucumber.runtime.Utils$1.call(Utils.java:37)
	at cucumber.runtime.Timeout.timeout(Timeout.java:13)
	at cucumber.runtime.Utils.invoke(Utils.java:31)
	at cucumber.runtime.java.JavaStepDefinition.execute(JavaStepDefinition.java:38)
	at cucumber.runtime.StepDefinitionMatch.runStep(StepDefinitionMatch.java:37)
	at cucumber.runtime.Runtime.runStep(Runtime.java:299)
	at cucumber.runtime.model.StepContainer.runStep(StepContainer.java:44)
	at cucumber.runtime.model.StepContainer.runSteps(StepContainer.java:39)
	at cucumber.runtime.model.CucumberScenario.run(CucumberScenario.java:44)
	at cucumber.runtime.junit.ExecutionUnitRunner.run(ExecutionUnitRunner.java:91)
	at cucumber.runtime.junit.FeatureRunner.runChild(FeatureRunner.java:63)
	at cucumber.runtime.junit.FeatureRunner.runChild(FeatureRunner.java:18)
	at org.junit.runners.ParentRunner$3.run(ParentRunner.java:290)
	at org.junit.runners.ParentRunner$1.schedule(ParentRunner.java:71)
	at org.junit.runners.ParentRunner.runChildren(ParentRunner.java:288)
	at org.junit.runners.ParentRunner.access$000(ParentRunner.java:58)
	at org.junit.runners.ParentRunner$2.evaluate(ParentRunner.java:268)
	at org.junit.runners.ParentRunner.run(ParentRunner.java:363)
	at cucumber.runtime.junit.FeatureRunner.run(FeatureRunner.java:70)
	at cucumber.api.junit.Cucumber.runChild(Cucumber.java:93)
	at cucumber.api.junit.Cucumber.runChild(Cucumber.java:37)
	at org.junit.runners.ParentRunner$3.run(ParentRunner.java:290)
	at org.junit.runners.ParentRunner$1.schedule(ParentRunner.java:71)
	at org.junit.runners.ParentRunner.runChildren(ParentRunner.java:288)
	at org.junit.runners.ParentRunner.access$000(ParentRunner.java:58)
	at org.junit.runners.ParentRunner$2.evaluate(ParentRunner.java:268)
	at org.junit.runners.ParentRunner.run(ParentRunner.java:363)
	at cucumber.api.junit.Cucumber.run(Cucumber.java:98)
	at org.apache.maven.surefire.junit4.JUnit4Provider.execute(JUnit4Provider.java:252)
	at org.apache.maven.surefire.junit4.JUnit4Provider.executeTestSet(JUnit4Provider.java:141)
	at org.apache.maven.surefire.junit4.JUnit4Provider.invoke(JUnit4Provider.java:112)
	at sun.reflect.NativeMethodAccessorImpl.invoke0(Native Method)
	at sun.reflect.NativeMethodAccessorImpl.invoke(NativeMethodAccessorImpl.java:62)
	at sun.reflect.DelegatingMethodAccessorImpl.invoke(DelegatingMethodAccessorImpl.java:43)
	at java.lang.reflect.Method.invoke(Method.java:498)
	at org.apache.maven.surefire.util.ReflectionUtils.invokeMethodWithArray(ReflectionUtils.java:189)
	at org.apache.maven.surefire.booter.ProviderFactory$ProviderProxy.invoke(ProviderFactory.java:165)
	at org.apache.maven.surefire.booter.ProviderFactory.invokeProvider(ProviderFactory.java:85)
	at org.apache.maven.surefire.booter.ForkedBooter.runSuitesInProcess(ForkedBooter.java:115)
	at org.apache.maven.surefire.booter.ForkedBooter.main(ForkedBooter.java:75)

Given I have parsed a workbook(Scenario: RAW zone file transfer.)  Time elapsed: 0.049 sec  <<< ERROR!
java.lang.NoClassDefFoundError: org/apache/poi/xssf/usermodel/XSSFSheet
	at java.lang.Class.getDeclaredMethods0(Native Method)
	at java.lang.Class.privateGetDeclaredMethods(Class.java:2701)
	at java.lang.Class.getDeclaredMethods(Class.java:1975)
	at com.google.inject.spi.InjectionPoint.getDeclaredMethods(InjectionPoint.java:766)
	at com.google.inject.spi.InjectionPoint.getInjectionPoints(InjectionPoint.java:683)
	at com.google.inject.spi.InjectionPoint.forInstanceMethodsAndFields(InjectionPoint.java:378)
	at com.google.inject.internal.ConstructorBindingImpl.getInternalDependencies(ConstructorBindingImpl.java:181)
	at com.google.inject.internal.InjectorImpl.getInternalDependencies(InjectorImpl.java:661)
	at com.google.inject.internal.InjectorImpl.cleanup(InjectorImpl.java:617)
	at com.google.inject.internal.InjectorImpl.initializeJitBinding(InjectorImpl.java:603)
	at com.google.inject.internal.InjectorImpl.createJustInTimeBinding(InjectorImpl.java:932)
	at com.google.inject.internal.InjectorImpl.createJustInTimeBindingRecursive(InjectorImpl.java:852)
	at com.google.inject.internal.InjectorImpl.getJustInTimeBinding(InjectorImpl.java:291)
	at com.google.inject.internal.InjectorImpl.getBindingOrThrow(InjectorImpl.java:222)
	at com.google.inject.internal.InjectorImpl.getProviderOrThrow(InjectorImpl.java:1040)
	at com.google.inject.internal.InjectorImpl.getProvider(InjectorImpl.java:1071)
	at com.google.inject.internal.InjectorImpl.getProvider(InjectorImpl.java:1034)
	at com.google.inject.internal.InjectorImpl.getInstance(InjectorImpl.java:1086)
	at com.prft.cif.guice.inject.CIFInjector.getInstance(CIFInjector.java:38)
	at com.prft.cif.guice.inject.CIFInjector.createInstance(CIFInjector.java:52)
	at se.ff.cc.WorkbookStepDefs.some_start_condition(WorkbookStepDefs.java:40)
	at ?.Given I have parsed a workbook(se/ff/cc/Curate.feature:40)
Caused by: java.lang.ClassNotFoundException: org.apache.poi.xssf.usermodel.XSSFSheet
	at java.net.URLClassLoader.findClass(URLClassLoader.java:381)
	at java.lang.ClassLoader.loadClass(ClassLoader.java:424)
	at sun.misc.Launcher$AppClassLoader.loadClass(Launcher.java:331)
	at java.lang.ClassLoader.loadClass(ClassLoader.java:357)
	at java.lang.Class.getDeclaredMethods0(Native Method)
	at java.lang.Class.privateGetDeclaredMethods(Class.java:2701)
	at java.lang.Class.getDeclaredMethods(Class.java:1975)
	at com.google.inject.spi.InjectionPoint.getDeclaredMethods(InjectionPoint.java:766)
	at com.google.inject.spi.InjectionPoint.getInjectionPoints(InjectionPoint.java:683)
	at com.google.inject.spi.InjectionPoint.forInstanceMethodsAndFields(InjectionPoint.java:378)
	at com.google.inject.internal.ConstructorBindingImpl.getInternalDependencies(ConstructorBindingImpl.java:181)
	at com.google.inject.internal.InjectorImpl.getInternalDependencies(InjectorImpl.java:661)
	at com.google.inject.internal.InjectorImpl.cleanup(InjectorImpl.java:617)
	at com.google.inject.internal.InjectorImpl.initializeJitBinding(InjectorImpl.java:603)
	at com.google.inject.internal.InjectorImpl.createJustInTimeBinding(InjectorImpl.java:932)
	at com.google.inject.internal.InjectorImpl.createJustInTimeBindingRecursive(InjectorImpl.java:852)
	at com.google.inject.internal.InjectorImpl.getJustInTimeBinding(InjectorImpl.java:291)
	at com.google.inject.internal.InjectorImpl.getBindingOrThrow(InjectorImpl.java:222)
	at com.google.inject.internal.InjectorImpl.getProviderOrThrow(InjectorImpl.java:1040)
	at com.google.inject.internal.InjectorImpl.getProvider(InjectorImpl.java:1071)
	at com.google.inject.internal.InjectorImpl.getProvider(InjectorImpl.java:1034)
	at com.google.inject.internal.InjectorImpl.getInstance(InjectorImpl.java:1086)
	at com.prft.cif.guice.inject.CIFInjector.getInstance(CIFInjector.java:38)
	at com.prft.cif.guice.inject.CIFInjector.createInstance(CIFInjector.java:52)
	at se.ff.cc.WorkbookStepDefs.some_start_condition(WorkbookStepDefs.java:40)
	at sun.reflect.NativeMethodAccessorImpl.invoke0(Native Method)
	at sun.reflect.NativeMethodAccessorImpl.invoke(NativeMethodAccessorImpl.java:62)
	at sun.reflect.DelegatingMethodAccessorImpl.invoke(DelegatingMethodAccessorImpl.java:43)
	at java.lang.reflect.Method.invoke(Method.java:498)
	at cucumber.runtime.Utils$1.call(Utils.java:37)
	at cucumber.runtime.Timeout.timeout(Timeout.java:13)
	at cucumber.runtime.Utils.invoke(Utils.java:31)
	at cucumber.runtime.java.JavaStepDefinition.execute(JavaStepDefinition.java:38)
	at cucumber.runtime.StepDefinitionMatch.runStep(StepDefinitionMatch.java:37)
	at cucumber.runtime.Runtime.runStep(Runtime.java:299)
	at cucumber.runtime.model.StepContainer.runStep(StepContainer.java:44)
	at cucumber.runtime.model.StepContainer.runSteps(StepContainer.java:39)
	at cucumber.runtime.model.CucumberScenario.run(CucumberScenario.java:44)
	at cucumber.runtime.junit.ExecutionUnitRunner.run(ExecutionUnitRunner.java:91)
	at cucumber.runtime.junit.FeatureRunner.runChild(FeatureRunner.java:63)
	at cucumber.runtime.junit.FeatureRunner.runChild(FeatureRunner.java:18)
	at org.junit.runners.ParentRunner$3.run(ParentRunner.java:290)
	at org.junit.runners.ParentRunner$1.schedule(ParentRunner.java:71)
	at org.junit.runners.ParentRunner.runChildren(ParentRunner.java:288)
	at org.junit.runners.ParentRunner.access$000(ParentRunner.java:58)
	at org.junit.runners.ParentRunner$2.evaluate(ParentRunner.java:268)
	at org.junit.runners.ParentRunner.run(ParentRunner.java:363)
	at cucumber.runtime.junit.FeatureRunner.run(FeatureRunner.java:70)
	at cucumber.api.junit.Cucumber.runChild(Cucumber.java:93)
	at cucumber.api.junit.Cucumber.runChild(Cucumber.java:37)
	at org.junit.runners.ParentRunner$3.run(ParentRunner.java:290)
	at org.junit.runners.ParentRunner$1.schedule(ParentRunner.java:71)
	at org.junit.runners.ParentRunner.runChildren(ParentRunner.java:288)
	at org.junit.runners.ParentRunner.access$000(ParentRunner.java:58)
	at org.junit.runners.ParentRunner$2.evaluate(ParentRunner.java:268)
	at org.junit.runners.ParentRunner.run(ParentRunner.java:363)
	at cucumber.api.junit.Cucumber.run(Cucumber.java:98)
	at org.apache.maven.surefire.junit4.JUnit4Provider.execute(JUnit4Provider.java:252)
	at org.apache.maven.surefire.junit4.JUnit4Provider.executeTestSet(JUnit4Provider.java:141)
	at org.apache.maven.surefire.junit4.JUnit4Provider.invoke(JUnit4Provider.java:112)
	at sun.reflect.NativeMethodAccessorImpl.invoke0(Native Method)
	at sun.reflect.NativeMethodAccessorImpl.invoke(NativeMethodAccessorImpl.java:62)
	at sun.reflect.DelegatingMethodAccessorImpl.invoke(DelegatingMethodAccessorImpl.java:43)
	at java.lang.reflect.Method.invoke(Method.java:498)
	at org.apache.maven.surefire.util.ReflectionUtils.invokeMethodWithArray(ReflectionUtils.java:189)
	at org.apache.maven.surefire.booter.ProviderFactory$ProviderProxy.invoke(ProviderFactory.java:165)
	at org.apache.maven.surefire.booter.ProviderFactory.invokeProvider(ProviderFactory.java:85)
	at org.apache.maven.surefire.booter.ForkedBooter.runSuitesInProcess(ForkedBooter.java:115)
	at org.apache.maven.surefire.booter.ForkedBooter.main(ForkedBooter.java:75)

Scenario: RAW zone file transfer.  Time elapsed: 0.049 sec  <<< ERROR!
java.lang.NoClassDefFoundError: org/apache/poi/xssf/usermodel/XSSFSheet
	at java.lang.Class.getDeclaredMethods0(Native Method)
	at java.lang.Class.privateGetDeclaredMethods(Class.java:2701)
	at java.lang.Class.getDeclaredMethods(Class.java:1975)
	at com.google.inject.spi.InjectionPoint.getDeclaredMethods(InjectionPoint.java:766)
	at com.google.inject.spi.InjectionPoint.getInjectionPoints(InjectionPoint.java:683)
	at com.google.inject.spi.InjectionPoint.forInstanceMethodsAndFields(InjectionPoint.java:378)
	at com.google.inject.internal.ConstructorBindingImpl.getInternalDependencies(ConstructorBindingImpl.java:181)
	at com.google.inject.internal.InjectorImpl.getInternalDependencies(InjectorImpl.java:661)
	at com.google.inject.internal.InjectorImpl.cleanup(InjectorImpl.java:617)
	at com.google.inject.internal.InjectorImpl.initializeJitBinding(InjectorImpl.java:603)
	at com.google.inject.internal.InjectorImpl.createJustInTimeBinding(InjectorImpl.java:932)
	at com.google.inject.internal.InjectorImpl.createJustInTimeBindingRecursive(InjectorImpl.java:852)
	at com.google.inject.internal.InjectorImpl.getJustInTimeBinding(InjectorImpl.java:291)
	at com.google.inject.internal.InjectorImpl.getBindingOrThrow(InjectorImpl.java:222)
	at com.google.inject.internal.InjectorImpl.getProviderOrThrow(InjectorImpl.java:1040)
	at com.google.inject.internal.InjectorImpl.getProvider(InjectorImpl.java:1071)
	at com.google.inject.internal.InjectorImpl.getProvider(InjectorImpl.java:1034)
	at com.google.inject.internal.InjectorImpl.getInstance(InjectorImpl.java:1086)
	at com.prft.cif.guice.inject.CIFInjector.getInstance(CIFInjector.java:38)
	at com.prft.cif.guice.inject.CIFInjector.createInstance(CIFInjector.java:52)
	at se.ff.cc.WorkbookStepDefs.some_start_condition(WorkbookStepDefs.java:40)
	at ?.Given I have parsed a workbook(se/ff/cc/Curate.feature:40)
Caused by: java.lang.ClassNotFoundException: org.apache.poi.xssf.usermodel.XSSFSheet
	at java.net.URLClassLoader.findClass(URLClassLoader.java:381)
	at java.lang.ClassLoader.loadClass(ClassLoader.java:424)
	at sun.misc.Launcher$AppClassLoader.loadClass(Launcher.java:331)
	at java.lang.ClassLoader.loadClass(ClassLoader.java:357)
	at java.lang.Class.getDeclaredMethods0(Native Method)
	at java.lang.Class.privateGetDeclaredMethods(Class.java:2701)
	at java.lang.Class.getDeclaredMethods(Class.java:1975)
	at com.google.inject.spi.InjectionPoint.getDeclaredMethods(InjectionPoint.java:766)
	at com.google.inject.spi.InjectionPoint.getInjectionPoints(InjectionPoint.java:683)
	at com.google.inject.spi.InjectionPoint.forInstanceMethodsAndFields(InjectionPoint.java:378)
	at com.google.inject.internal.ConstructorBindingImpl.getInternalDependencies(ConstructorBindingImpl.java:181)
	at com.google.inject.internal.InjectorImpl.getInternalDependencies(InjectorImpl.java:661)
	at com.google.inject.internal.InjectorImpl.cleanup(InjectorImpl.java:617)
	at com.google.inject.internal.InjectorImpl.initializeJitBinding(InjectorImpl.java:603)
	at com.google.inject.internal.InjectorImpl.createJustInTimeBinding(InjectorImpl.java:932)
	at com.google.inject.internal.InjectorImpl.createJustInTimeBindingRecursive(InjectorImpl.java:852)
	at com.google.inject.internal.InjectorImpl.getJustInTimeBinding(InjectorImpl.java:291)
	at com.google.inject.internal.InjectorImpl.getBindingOrThrow(InjectorImpl.java:222)
	at com.google.inject.internal.InjectorImpl.getProviderOrThrow(InjectorImpl.java:1040)
	at com.google.inject.internal.InjectorImpl.getProvider(InjectorImpl.java:1071)
	at com.google.inject.internal.InjectorImpl.getProvider(InjectorImpl.java:1034)
	at com.google.inject.internal.InjectorImpl.getInstance(InjectorImpl.java:1086)
	at com.prft.cif.guice.inject.CIFInjector.getInstance(CIFInjector.java:38)
	at com.prft.cif.guice.inject.CIFInjector.createInstance(CIFInjector.java:52)
	at se.ff.cc.WorkbookStepDefs.some_start_condition(WorkbookStepDefs.java:40)
	at sun.reflect.NativeMethodAccessorImpl.invoke0(Native Method)
	at sun.reflect.NativeMethodAccessorImpl.invoke(NativeMethodAccessorImpl.java:62)
	at sun.reflect.DelegatingMethodAccessorImpl.invoke(DelegatingMethodAccessorImpl.java:43)
	at java.lang.reflect.Method.invoke(Method.java:498)
	at cucumber.runtime.Utils$1.call(Utils.java:37)
	at cucumber.runtime.Timeout.timeout(Timeout.java:13)
	at cucumber.runtime.Utils.invoke(Utils.java:31)
	at cucumber.runtime.java.JavaStepDefinition.execute(JavaStepDefinition.java:38)
	at cucumber.runtime.StepDefinitionMatch.runStep(StepDefinitionMatch.java:37)
	at cucumber.runtime.Runtime.runStep(Runtime.java:299)
	at cucumber.runtime.model.StepContainer.runStep(StepContainer.java:44)
	at cucumber.runtime.model.StepContainer.runSteps(StepContainer.java:39)
	at cucumber.runtime.model.CucumberScenario.run(CucumberScenario.java:44)
	at cucumber.runtime.junit.ExecutionUnitRunner.run(ExecutionUnitRunner.java:91)
	at cucumber.runtime.junit.FeatureRunner.runChild(FeatureRunner.java:63)
	at cucumber.runtime.junit.FeatureRunner.runChild(FeatureRunner.java:18)
	at org.junit.runners.ParentRunner$3.run(ParentRunner.java:290)
	at org.junit.runners.ParentRunner$1.schedule(ParentRunner.java:71)
	at org.junit.runners.ParentRunner.runChildren(ParentRunner.java:288)
	at org.junit.runners.ParentRunner.access$000(ParentRunner.java:58)
	at org.junit.runners.ParentRunner$2.evaluate(ParentRunner.java:268)
	at org.junit.runners.ParentRunner.run(ParentRunner.java:363)
	at cucumber.runtime.junit.FeatureRunner.run(FeatureRunner.java:70)
	at cucumber.api.junit.Cucumber.runChild(Cucumber.java:93)
	at cucumber.api.junit.Cucumber.runChild(Cucumber.java:37)
	at org.junit.runners.ParentRunner$3.run(ParentRunner.java:290)
	at org.junit.runners.ParentRunner$1.schedule(ParentRunner.java:71)
	at org.junit.runners.ParentRunner.runChildren(ParentRunner.java:288)
	at org.junit.runners.ParentRunner.access$000(ParentRunner.java:58)
	at org.junit.runners.ParentRunner$2.evaluate(ParentRunner.java:268)
	at org.junit.runners.ParentRunner.run(ParentRunner.java:363)
	at cucumber.api.junit.Cucumber.run(Cucumber.java:98)
	at org.apache.maven.surefire.junit4.JUnit4Provider.execute(JUnit4Provider.java:252)
	at org.apache.maven.surefire.junit4.JUnit4Provider.executeTestSet(JUnit4Provider.java:141)
	at org.apache.maven.surefire.junit4.JUnit4Provider.invoke(JUnit4Provider.java:112)
	at sun.reflect.NativeMethodAccessorImpl.invoke0(Native Method)
	at sun.reflect.NativeMethodAccessorImpl.invoke(NativeMethodAccessorImpl.java:62)
	at sun.reflect.DelegatingMethodAccessorImpl.invoke(DelegatingMethodAccessorImpl.java:43)
	at java.lang.reflect.Method.invoke(Method.java:498)
	at org.apache.maven.surefire.util.ReflectionUtils.invokeMethodWithArray(ReflectionUtils.java:189)
	at org.apache.maven.surefire.booter.ProviderFactory$ProviderProxy.invoke(ProviderFactory.java:165)
	at org.apache.maven.surefire.booter.ProviderFactory.invokeProvider(ProviderFactory.java:85)
	at org.apache.maven.surefire.booter.ForkedBooter.runSuitesInProcess(ForkedBooter.java:115)
	at org.apache.maven.surefire.booter.ForkedBooter.main(ForkedBooter.java:75)

Given I have parsed a workbook(Scenario: Curate workbook schema validation.)  Time elapsed: 0.001 sec  <<< ERROR!
java.lang.NoClassDefFoundError: org/apache/poi/xssf/usermodel/XSSFSheet
	at java.lang.Class.getDeclaredMethods0(Native Method)
	at java.lang.Class.privateGetDeclaredMethods(Class.java:2701)
	at java.lang.Class.getDeclaredMethods(Class.java:1975)
	at com.google.inject.spi.InjectionPoint.getDeclaredMethods(InjectionPoint.java:766)
	at com.google.inject.spi.InjectionPoint.getInjectionPoints(InjectionPoint.java:683)
	at com.google.inject.spi.InjectionPoint.forInstanceMethodsAndFields(InjectionPoint.java:378)
	at com.google.inject.internal.ConstructorBindingImpl.getInternalDependencies(ConstructorBindingImpl.java:181)
	at com.google.inject.internal.InjectorImpl.getInternalDependencies(InjectorImpl.java:661)
	at com.google.inject.internal.InjectorImpl.cleanup(InjectorImpl.java:617)
	at com.google.inject.internal.InjectorImpl.initializeJitBinding(InjectorImpl.java:603)
	at com.google.inject.internal.InjectorImpl.createJustInTimeBinding(InjectorImpl.java:932)
	at com.google.inject.internal.InjectorImpl.createJustInTimeBindingRecursive(InjectorImpl.java:852)
	at com.google.inject.internal.InjectorImpl.getJustInTimeBinding(InjectorImpl.java:291)
	at com.google.inject.internal.InjectorImpl.getBindingOrThrow(InjectorImpl.java:222)
	at com.google.inject.internal.InjectorImpl.getProviderOrThrow(InjectorImpl.java:1040)
	at com.google.inject.internal.InjectorImpl.getProvider(InjectorImpl.java:1071)
	at com.google.inject.internal.InjectorImpl.getProvider(InjectorImpl.java:1034)
	at com.google.inject.internal.InjectorImpl.getInstance(InjectorImpl.java:1086)
	at com.prft.cif.guice.inject.CIFInjector.getInstance(CIFInjector.java:38)
	at com.prft.cif.guice.inject.CIFInjector.createInstance(CIFInjector.java:52)
	at se.ff.cc.WorkbookStepDefs.some_start_condition(WorkbookStepDefs.java:40)
	at ?.Given I have parsed a workbook(se/ff/cc/Publish.feature:56)
Caused by: java.lang.ClassNotFoundException: org.apache.poi.xssf.usermodel.XSSFSheet
	at java.net.URLClassLoader.findClass(URLClassLoader.java:381)
	at java.lang.ClassLoader.loadClass(ClassLoader.java:424)
	at sun.misc.Launcher$AppClassLoader.loadClass(Launcher.java:331)
	at java.lang.ClassLoader.loadClass(ClassLoader.java:357)
	at java.lang.Class.getDeclaredMethods0(Native Method)
	at java.lang.Class.privateGetDeclaredMethods(Class.java:2701)
	at java.lang.Class.getDeclaredMethods(Class.java:1975)
	at com.google.inject.spi.InjectionPoint.getDeclaredMethods(InjectionPoint.java:766)
	at com.google.inject.spi.InjectionPoint.getInjectionPoints(InjectionPoint.java:683)
	at com.google.inject.spi.InjectionPoint.forInstanceMethodsAndFields(InjectionPoint.java:378)
	at com.google.inject.internal.ConstructorBindingImpl.getInternalDependencies(ConstructorBindingImpl.java:181)
	at com.google.inject.internal.InjectorImpl.getInternalDependencies(InjectorImpl.java:661)
	at com.google.inject.internal.InjectorImpl.cleanup(InjectorImpl.java:617)
	at com.google.inject.internal.InjectorImpl.initializeJitBinding(InjectorImpl.java:603)
	at com.google.inject.internal.InjectorImpl.createJustInTimeBinding(InjectorImpl.java:932)
	at com.google.inject.internal.InjectorImpl.createJustInTimeBindingRecursive(InjectorImpl.java:852)
	at com.google.inject.internal.InjectorImpl.getJustInTimeBinding(InjectorImpl.java:291)
	at com.google.inject.internal.InjectorImpl.getBindingOrThrow(InjectorImpl.java:222)
	at com.google.inject.internal.InjectorImpl.getProviderOrThrow(InjectorImpl.java:1040)
	at com.google.inject.internal.InjectorImpl.getProvider(InjectorImpl.java:1071)
	at com.google.inject.internal.InjectorImpl.getProvider(InjectorImpl.java:1034)
	at com.google.inject.internal.InjectorImpl.getInstance(InjectorImpl.java:1086)
	at com.prft.cif.guice.inject.CIFInjector.getInstance(CIFInjector.java:38)
	at com.prft.cif.guice.inject.CIFInjector.createInstance(CIFInjector.java:52)
	at se.ff.cc.WorkbookStepDefs.some_start_condition(WorkbookStepDefs.java:40)
	at sun.reflect.NativeMethodAccessorImpl.invoke0(Native Method)
	at sun.reflect.NativeMethodAccessorImpl.invoke(NativeMethodAccessorImpl.java:62)
	at sun.reflect.DelegatingMethodAccessorImpl.invoke(DelegatingMethodAccessorImpl.java:43)
	at java.lang.reflect.Method.invoke(Method.java:498)
	at cucumber.runtime.Utils$1.call(Utils.java:37)
	at cucumber.runtime.Timeout.timeout(Timeout.java:13)
	at cucumber.runtime.Utils.invoke(Utils.java:31)
	at cucumber.runtime.java.JavaStepDefinition.execute(JavaStepDefinition.java:38)
	at cucumber.runtime.StepDefinitionMatch.runStep(StepDefinitionMatch.java:37)
	at cucumber.runtime.Runtime.runStep(Runtime.java:299)
	at cucumber.runtime.model.StepContainer.runStep(StepContainer.java:44)
	at cucumber.runtime.model.StepContainer.runSteps(StepContainer.java:39)
	at cucumber.runtime.model.CucumberScenario.run(CucumberScenario.java:44)
	at cucumber.runtime.junit.ExecutionUnitRunner.run(ExecutionUnitRunner.java:91)
	at cucumber.runtime.junit.FeatureRunner.runChild(FeatureRunner.java:63)
	at cucumber.runtime.junit.FeatureRunner.runChild(FeatureRunner.java:18)
	at org.junit.runners.ParentRunner$3.run(ParentRunner.java:290)
	at org.junit.runners.ParentRunner$1.schedule(ParentRunner.java:71)
	at org.junit.runners.ParentRunner.runChildren(ParentRunner.java:288)
	at org.junit.runners.ParentRunner.access$000(ParentRunner.java:58)
	at org.junit.runners.ParentRunner$2.evaluate(ParentRunner.java:268)
	at org.junit.runners.ParentRunner.run(ParentRunner.java:363)
	at cucumber.runtime.junit.FeatureRunner.run(FeatureRunner.java:70)
	at cucumber.api.junit.Cucumber.runChild(Cucumber.java:93)
	at cucumber.api.junit.Cucumber.runChild(Cucumber.java:37)
	at org.junit.runners.ParentRunner$3.run(ParentRunner.java:290)
	at org.junit.runners.ParentRunner$1.schedule(ParentRunner.java:71)
	at org.junit.runners.ParentRunner.runChildren(ParentRunner.java:288)
	at org.junit.runners.ParentRunner.access$000(ParentRunner.java:58)
	at org.junit.runners.ParentRunner$2.evaluate(ParentRunner.java:268)
	at org.junit.runners.ParentRunner.run(ParentRunner.java:363)
	at cucumber.api.junit.Cucumber.run(Cucumber.java:98)
	at org.apache.maven.surefire.junit4.JUnit4Provider.execute(JUnit4Provider.java:252)
	at org.apache.maven.surefire.junit4.JUnit4Provider.executeTestSet(JUnit4Provider.java:141)
	at org.apache.maven.surefire.junit4.JUnit4Provider.invoke(JUnit4Provider.java:112)
	at sun.reflect.NativeMethodAccessorImpl.invoke0(Native Method)
	at sun.reflect.NativeMethodAccessorImpl.invoke(NativeMethodAccessorImpl.java:62)
	at sun.reflect.DelegatingMethodAccessorImpl.invoke(DelegatingMethodAccessorImpl.java:43)
	at java.lang.reflect.Method.invoke(Method.java:498)
	at org.apache.maven.surefire.util.ReflectionUtils.invokeMethodWithArray(ReflectionUtils.java:189)
	at org.apache.maven.surefire.booter.ProviderFactory$ProviderProxy.invoke(ProviderFactory.java:165)
	at org.apache.maven.surefire.booter.ProviderFactory.invokeProvider(ProviderFactory.java:85)
	at org.apache.maven.surefire.booter.ForkedBooter.runSuitesInProcess(ForkedBooter.java:115)
	at org.apache.maven.surefire.booter.ForkedBooter.main(ForkedBooter.java:75)

Scenario: Curate workbook schema validation.  Time elapsed: 0.001 sec  <<< ERROR!
java.lang.NoClassDefFoundError: org/apache/poi/xssf/usermodel/XSSFSheet
	at java.lang.Class.getDeclaredMethods0(Native Method)
	at java.lang.Class.privateGetDeclaredMethods(Class.java:2701)
	at java.lang.Class.getDeclaredMethods(Class.java:1975)
	at com.google.inject.spi.InjectionPoint.getDeclaredMethods(InjectionPoint.java:766)
	at com.google.inject.spi.InjectionPoint.getInjectionPoints(InjectionPoint.java:683)
	at com.google.inject.spi.InjectionPoint.forInstanceMethodsAndFields(InjectionPoint.java:378)
	at com.google.inject.internal.ConstructorBindingImpl.getInternalDependencies(ConstructorBindingImpl.java:181)
	at com.google.inject.internal.InjectorImpl.getInternalDependencies(InjectorImpl.java:661)
	at com.google.inject.internal.InjectorImpl.cleanup(InjectorImpl.java:617)
	at com.google.inject.internal.InjectorImpl.initializeJitBinding(InjectorImpl.java:603)
	at com.google.inject.internal.InjectorImpl.createJustInTimeBinding(InjectorImpl.java:932)
	at com.google.inject.internal.InjectorImpl.createJustInTimeBindingRecursive(InjectorImpl.java:852)
	at com.google.inject.internal.InjectorImpl.getJustInTimeBinding(InjectorImpl.java:291)
	at com.google.inject.internal.InjectorImpl.getBindingOrThrow(InjectorImpl.java:222)
	at com.google.inject.internal.InjectorImpl.getProviderOrThrow(InjectorImpl.java:1040)
	at com.google.inject.internal.InjectorImpl.getProvider(InjectorImpl.java:1071)
	at com.google.inject.internal.InjectorImpl.getProvider(InjectorImpl.java:1034)
	at com.google.inject.internal.InjectorImpl.getInstance(InjectorImpl.java:1086)
	at com.prft.cif.guice.inject.CIFInjector.getInstance(CIFInjector.java:38)
	at com.prft.cif.guice.inject.CIFInjector.createInstance(CIFInjector.java:52)
	at se.ff.cc.WorkbookStepDefs.some_start_condition(WorkbookStepDefs.java:40)
	at ?.Given I have parsed a workbook(se/ff/cc/Publish.feature:56)
Caused by: java.lang.ClassNotFoundException: org.apache.poi.xssf.usermodel.XSSFSheet
	at java.net.URLClassLoader.findClass(URLClassLoader.java:381)
	at java.lang.ClassLoader.loadClass(ClassLoader.java:424)
	at sun.misc.Launcher$AppClassLoader.loadClass(Launcher.java:331)
	at java.lang.ClassLoader.loadClass(ClassLoader.java:357)
	at java.lang.Class.getDeclaredMethods0(Native Method)
	at java.lang.Class.privateGetDeclaredMethods(Class.java:2701)
	at java.lang.Class.getDeclaredMethods(Class.java:1975)
	at com.google.inject.spi.InjectionPoint.getDeclaredMethods(InjectionPoint.java:766)
	at com.google.inject.spi.InjectionPoint.getInjectionPoints(InjectionPoint.java:683)
	at com.google.inject.spi.InjectionPoint.forInstanceMethodsAndFields(InjectionPoint.java:378)
	at com.google.inject.internal.ConstructorBindingImpl.getInternalDependencies(ConstructorBindingImpl.java:181)
	at com.google.inject.internal.InjectorImpl.getInternalDependencies(InjectorImpl.java:661)
	at com.google.inject.internal.InjectorImpl.cleanup(InjectorImpl.java:617)
	at com.google.inject.internal.InjectorImpl.initializeJitBinding(InjectorImpl.java:603)
	at com.google.inject.internal.InjectorImpl.createJustInTimeBinding(InjectorImpl.java:932)
	at com.google.inject.internal.InjectorImpl.createJustInTimeBindingRecursive(InjectorImpl.java:852)
	at com.google.inject.internal.InjectorImpl.getJustInTimeBinding(InjectorImpl.java:291)
	at com.google.inject.internal.InjectorImpl.getBindingOrThrow(InjectorImpl.java:222)
	at com.google.inject.internal.InjectorImpl.getProviderOrThrow(InjectorImpl.java:1040)
	at com.google.inject.internal.InjectorImpl.getProvider(InjectorImpl.java:1071)
	at com.google.inject.internal.InjectorImpl.getProvider(InjectorImpl.java:1034)
	at com.google.inject.internal.InjectorImpl.getInstance(InjectorImpl.java:1086)
	at com.prft.cif.guice.inject.CIFInjector.getInstance(CIFInjector.java:38)
	at com.prft.cif.guice.inject.CIFInjector.createInstance(CIFInjector.java:52)
	at se.ff.cc.WorkbookStepDefs.some_start_condition(WorkbookStepDefs.java:40)
	at sun.reflect.NativeMethodAccessorImpl.invoke0(Native Method)
	at sun.reflect.NativeMethodAccessorImpl.invoke(NativeMethodAccessorImpl.java:62)
	at sun.reflect.DelegatingMethodAccessorImpl.invoke(DelegatingMethodAccessorImpl.java:43)
	at java.lang.reflect.Method.invoke(Method.java:498)
	at cucumber.runtime.Utils$1.call(Utils.java:37)
	at cucumber.runtime.Timeout.timeout(Timeout.java:13)
	at cucumber.runtime.Utils.invoke(Utils.java:31)
	at cucumber.runtime.java.JavaStepDefinition.execute(JavaStepDefinition.java:38)
	at cucumber.runtime.StepDefinitionMatch.runStep(StepDefinitionMatch.java:37)
	at cucumber.runtime.Runtime.runStep(Runtime.java:299)
	at cucumber.runtime.model.StepContainer.runStep(StepContainer.java:44)
	at cucumber.runtime.model.StepContainer.runSteps(StepContainer.java:39)
	at cucumber.runtime.model.CucumberScenario.run(CucumberScenario.java:44)
	at cucumber.runtime.junit.ExecutionUnitRunner.run(ExecutionUnitRunner.java:91)
	at cucumber.runtime.junit.FeatureRunner.runChild(FeatureRunner.java:63)
	at cucumber.runtime.junit.FeatureRunner.runChild(FeatureRunner.java:18)
	at org.junit.runners.ParentRunner$3.run(ParentRunner.java:290)
	at org.junit.runners.ParentRunner$1.schedule(ParentRunner.java:71)
	at org.junit.runners.ParentRunner.runChildren(ParentRunner.java:288)
	at org.junit.runners.ParentRunner.access$000(ParentRunner.java:58)
	at org.junit.runners.ParentRunner$2.evaluate(ParentRunner.java:268)
	at org.junit.runners.ParentRunner.run(ParentRunner.java:363)
	at cucumber.runtime.junit.FeatureRunner.run(FeatureRunner.java:70)
	at cucumber.api.junit.Cucumber.runChild(Cucumber.java:93)
	at cucumber.api.junit.Cucumber.runChild(Cucumber.java:37)
	at org.junit.runners.ParentRunner$3.run(ParentRunner.java:290)
	at org.junit.runners.ParentRunner$1.schedule(ParentRunner.java:71)
	at org.junit.runners.ParentRunner.runChildren(ParentRunner.java:288)
	at org.junit.runners.ParentRunner.access$000(ParentRunner.java:58)
	at org.junit.runners.ParentRunner$2.evaluate(ParentRunner.java:268)
	at org.junit.runners.ParentRunner.run(ParentRunner.java:363)
	at cucumber.api.junit.Cucumber.run(Cucumber.java:98)
	at org.apache.maven.surefire.junit4.JUnit4Provider.execute(JUnit4Provider.java:252)
	at org.apache.maven.surefire.junit4.JUnit4Provider.executeTestSet(JUnit4Provider.java:141)
	at org.apache.maven.surefire.junit4.JUnit4Provider.invoke(JUnit4Provider.java:112)
	at sun.reflect.NativeMethodAccessorImpl.invoke0(Native Method)
	at sun.reflect.NativeMethodAccessorImpl.invoke(NativeMethodAccessorImpl.java:62)
	at sun.reflect.DelegatingMethodAccessorImpl.invoke(DelegatingMethodAccessorImpl.java:43)
	at java.lang.reflect.Method.invoke(Method.java:498)
	at org.apache.maven.surefire.util.ReflectionUtils.invokeMethodWithArray(ReflectionUtils.java:189)
	at org.apache.maven.surefire.booter.ProviderFactory$ProviderProxy.invoke(ProviderFactory.java:165)
	at org.apache.maven.surefire.booter.ProviderFactory.invokeProvider(ProviderFactory.java:85)
	at org.apache.maven.surefire.booter.ForkedBooter.runSuitesInProcess(ForkedBooter.java:115)
	at org.apache.maven.surefire.booter.ForkedBooter.main(ForkedBooter.java:75)

Given I have parsed a workbook(Scenario: A workbook, parsed from an excel spreadsheet, should exist in Cloudera Navigator as metadata.)  Time elapsed: 0.001 sec  <<< ERROR!
java.lang.NoClassDefFoundError: org/apache/poi/xssf/usermodel/XSSFSheet
	at java.lang.Class.getDeclaredMethods0(Native Method)
	at java.lang.Class.privateGetDeclaredMethods(Class.java:2701)
	at java.lang.Class.getDeclaredMethods(Class.java:1975)
	at com.google.inject.spi.InjectionPoint.getDeclaredMethods(InjectionPoint.java:766)
	at com.google.inject.spi.InjectionPoint.getInjectionPoints(InjectionPoint.java:683)
	at com.google.inject.spi.InjectionPoint.forInstanceMethodsAndFields(InjectionPoint.java:378)
	at com.google.inject.internal.ConstructorBindingImpl.getInternalDependencies(ConstructorBindingImpl.java:181)
	at com.google.inject.internal.InjectorImpl.getInternalDependencies(InjectorImpl.java:661)
	at com.google.inject.internal.InjectorImpl.cleanup(InjectorImpl.java:617)
	at com.google.inject.internal.InjectorImpl.initializeJitBinding(InjectorImpl.java:603)
	at com.google.inject.internal.InjectorImpl.createJustInTimeBinding(InjectorImpl.java:932)
	at com.google.inject.internal.InjectorImpl.createJustInTimeBindingRecursive(InjectorImpl.java:852)
	at com.google.inject.internal.InjectorImpl.getJustInTimeBinding(InjectorImpl.java:291)
	at com.google.inject.internal.InjectorImpl.getBindingOrThrow(InjectorImpl.java:222)
	at com.google.inject.internal.InjectorImpl.getProviderOrThrow(InjectorImpl.java:1040)
	at com.google.inject.internal.InjectorImpl.getProvider(InjectorImpl.java:1071)
	at com.google.inject.internal.InjectorImpl.getProvider(InjectorImpl.java:1034)
	at com.google.inject.internal.InjectorImpl.getInstance(InjectorImpl.java:1086)
	at com.prft.cif.guice.inject.CIFInjector.getInstance(CIFInjector.java:38)
	at com.prft.cif.guice.inject.CIFInjector.createInstance(CIFInjector.java:52)
	at se.ff.cc.WorkbookStepDefs.some_start_condition(WorkbookStepDefs.java:40)
	at ?.Given I have parsed a workbook(se/ff/cc/workbook.feature:9)
Caused by: java.lang.ClassNotFoundException: org.apache.poi.xssf.usermodel.XSSFSheet
	at java.net.URLClassLoader.findClass(URLClassLoader.java:381)
	at java.lang.ClassLoader.loadClass(ClassLoader.java:424)
	at sun.misc.Launcher$AppClassLoader.loadClass(Launcher.java:331)
	at java.lang.ClassLoader.loadClass(ClassLoader.java:357)
	at java.lang.Class.getDeclaredMethods0(Native Method)
	at java.lang.Class.privateGetDeclaredMethods(Class.java:2701)
	at java.lang.Class.getDeclaredMethods(Class.java:1975)
	at com.google.inject.spi.InjectionPoint.getDeclaredMethods(InjectionPoint.java:766)
	at com.google.inject.spi.InjectionPoint.getInjectionPoints(InjectionPoint.java:683)
	at com.google.inject.spi.InjectionPoint.forInstanceMethodsAndFields(InjectionPoint.java:378)
	at com.google.inject.internal.ConstructorBindingImpl.getInternalDependencies(ConstructorBindingImpl.java:181)
	at com.google.inject.internal.InjectorImpl.getInternalDependencies(InjectorImpl.java:661)
	at com.google.inject.internal.InjectorImpl.cleanup(InjectorImpl.java:617)
	at com.google.inject.internal.InjectorImpl.initializeJitBinding(InjectorImpl.java:603)
	at com.google.inject.internal.InjectorImpl.createJustInTimeBinding(InjectorImpl.java:932)
	at com.google.inject.internal.InjectorImpl.createJustInTimeBindingRecursive(InjectorImpl.java:852)
	at com.google.inject.internal.InjectorImpl.getJustInTimeBinding(InjectorImpl.java:291)
	at com.google.inject.internal.InjectorImpl.getBindingOrThrow(InjectorImpl.java:222)
	at com.google.inject.internal.InjectorImpl.getProviderOrThrow(InjectorImpl.java:1040)
	at com.google.inject.internal.InjectorImpl.getProvider(InjectorImpl.java:1071)
	at com.google.inject.internal.InjectorImpl.getProvider(InjectorImpl.java:1034)
	at com.google.inject.internal.InjectorImpl.getInstance(InjectorImpl.java:1086)
	at com.prft.cif.guice.inject.CIFInjector.getInstance(CIFInjector.java:38)
	at com.prft.cif.guice.inject.CIFInjector.createInstance(CIFInjector.java:52)
	at se.ff.cc.WorkbookStepDefs.some_start_condition(WorkbookStepDefs.java:40)
	at sun.reflect.NativeMethodAccessorImpl.invoke0(Native Method)
	at sun.reflect.NativeMethodAccessorImpl.invoke(NativeMethodAccessorImpl.java:62)
	at sun.reflect.DelegatingMethodAccessorImpl.invoke(DelegatingMethodAccessorImpl.java:43)
	at java.lang.reflect.Method.invoke(Method.java:498)
	at cucumber.runtime.Utils$1.call(Utils.java:37)
	at cucumber.runtime.Timeout.timeout(Timeout.java:13)
	at cucumber.runtime.Utils.invoke(Utils.java:31)
	at cucumber.runtime.java.JavaStepDefinition.execute(JavaStepDefinition.java:38)
	at cucumber.runtime.StepDefinitionMatch.runStep(StepDefinitionMatch.java:37)
	at cucumber.runtime.Runtime.runStep(Runtime.java:299)
	at cucumber.runtime.model.StepContainer.runStep(StepContainer.java:44)
	at cucumber.runtime.model.StepContainer.runSteps(StepContainer.java:39)
	at cucumber.runtime.model.CucumberScenario.run(CucumberScenario.java:44)
	at cucumber.runtime.junit.ExecutionUnitRunner.run(ExecutionUnitRunner.java:91)
	at cucumber.runtime.junit.FeatureRunner.runChild(FeatureRunner.java:63)
	at cucumber.runtime.junit.FeatureRunner.runChild(FeatureRunner.java:18)
	at org.junit.runners.ParentRunner$3.run(ParentRunner.java:290)
	at org.junit.runners.ParentRunner$1.schedule(ParentRunner.java:71)
	at org.junit.runners.ParentRunner.runChildren(ParentRunner.java:288)
	at org.junit.runners.ParentRunner.access$000(ParentRunner.java:58)
	at org.junit.runners.ParentRunner$2.evaluate(ParentRunner.java:268)
	at org.junit.runners.ParentRunner.run(ParentRunner.java:363)
	at cucumber.runtime.junit.FeatureRunner.run(FeatureRunner.java:70)
	at cucumber.api.junit.Cucumber.runChild(Cucumber.java:93)
	at cucumber.api.junit.Cucumber.runChild(Cucumber.java:37)
	at org.junit.runners.ParentRunner$3.run(ParentRunner.java:290)
	at org.junit.runners.ParentRunner$1.schedule(ParentRunner.java:71)
	at org.junit.runners.ParentRunner.runChildren(ParentRunner.java:288)
	at org.junit.runners.ParentRunner.access$000(ParentRunner.java:58)
	at org.junit.runners.ParentRunner$2.evaluate(ParentRunner.java:268)
	at org.junit.runners.ParentRunner.run(ParentRunner.java:363)
	at cucumber.api.junit.Cucumber.run(Cucumber.java:98)
	at org.apache.maven.surefire.junit4.JUnit4Provider.execute(JUnit4Provider.java:252)
	at org.apache.maven.surefire.junit4.JUnit4Provider.executeTestSet(JUnit4Provider.java:141)
	at org.apache.maven.surefire.junit4.JUnit4Provider.invoke(JUnit4Provider.java:112)
	at sun.reflect.NativeMethodAccessorImpl.invoke0(Native Method)
	at sun.reflect.NativeMethodAccessorImpl.invoke(NativeMethodAccessorImpl.java:62)
	at sun.reflect.DelegatingMethodAccessorImpl.invoke(DelegatingMethodAccessorImpl.java:43)
	at java.lang.reflect.Method.invoke(Method.java:498)
	at org.apache.maven.surefire.util.ReflectionUtils.invokeMethodWithArray(ReflectionUtils.java:189)
	at org.apache.maven.surefire.booter.ProviderFactory$ProviderProxy.invoke(ProviderFactory.java:165)
	at org.apache.maven.surefire.booter.ProviderFactory.invokeProvider(ProviderFactory.java:85)
	at org.apache.maven.surefire.booter.ForkedBooter.runSuitesInProcess(ForkedBooter.java:115)
	at org.apache.maven.surefire.booter.ForkedBooter.main(ForkedBooter.java:75)

Scenario: A workbook, parsed from an excel spreadsheet, should exist in Cloudera Navigator as metadata.  Time elapsed: 0.001 sec  <<< ERROR!
java.lang.NoClassDefFoundError: org/apache/poi/xssf/usermodel/XSSFSheet
	at java.lang.Class.getDeclaredMethods0(Native Method)
	at java.lang.Class.privateGetDeclaredMethods(Class.java:2701)
	at java.lang.Class.getDeclaredMethods(Class.java:1975)
	at com.google.inject.spi.InjectionPoint.getDeclaredMethods(InjectionPoint.java:766)
	at com.google.inject.spi.InjectionPoint.getInjectionPoints(InjectionPoint.java:683)
	at com.google.inject.spi.InjectionPoint.forInstanceMethodsAndFields(InjectionPoint.java:378)
	at com.google.inject.internal.ConstructorBindingImpl.getInternalDependencies(ConstructorBindingImpl.java:181)
	at com.google.inject.internal.InjectorImpl.getInternalDependencies(InjectorImpl.java:661)
	at com.google.inject.internal.InjectorImpl.cleanup(InjectorImpl.java:617)
	at com.google.inject.internal.InjectorImpl.initializeJitBinding(InjectorImpl.java:603)
	at com.google.inject.internal.InjectorImpl.createJustInTimeBinding(InjectorImpl.java:932)
	at com.google.inject.internal.InjectorImpl.createJustInTimeBindingRecursive(InjectorImpl.java:852)
	at com.google.inject.internal.InjectorImpl.getJustInTimeBinding(InjectorImpl.java:291)
	at com.google.inject.internal.InjectorImpl.getBindingOrThrow(InjectorImpl.java:222)
	at com.google.inject.internal.InjectorImpl.getProviderOrThrow(InjectorImpl.java:1040)
	at com.google.inject.internal.InjectorImpl.getProvider(InjectorImpl.java:1071)
	at com.google.inject.internal.InjectorImpl.getProvider(InjectorImpl.java:1034)
	at com.google.inject.internal.InjectorImpl.getInstance(InjectorImpl.java:1086)
	at com.prft.cif.guice.inject.CIFInjector.getInstance(CIFInjector.java:38)
	at com.prft.cif.guice.inject.CIFInjector.createInstance(CIFInjector.java:52)
	at se.ff.cc.WorkbookStepDefs.some_start_condition(WorkbookStepDefs.java:40)
	at ?.Given I have parsed a workbook(se/ff/cc/workbook.feature:9)
Caused by: java.lang.ClassNotFoundException: org.apache.poi.xssf.usermodel.XSSFSheet
	at java.net.URLClassLoader.findClass(URLClassLoader.java:381)
	at java.lang.ClassLoader.loadClass(ClassLoader.java:424)
	at sun.misc.Launcher$AppClassLoader.loadClass(Launcher.java:331)
	at java.lang.ClassLoader.loadClass(ClassLoader.java:357)
	at java.lang.Class.getDeclaredMethods0(Native Method)
	at java.lang.Class.privateGetDeclaredMethods(Class.java:2701)
	at java.lang.Class.getDeclaredMethods(Class.java:1975)
	at com.google.inject.spi.InjectionPoint.getDeclaredMethods(InjectionPoint.java:766)
	at com.google.inject.spi.InjectionPoint.getInjectionPoints(InjectionPoint.java:683)
	at com.google.inject.spi.InjectionPoint.forInstanceMethodsAndFields(InjectionPoint.java:378)
	at com.google.inject.internal.ConstructorBindingImpl.getInternalDependencies(ConstructorBindingImpl.java:181)
	at com.google.inject.internal.InjectorImpl.getInternalDependencies(InjectorImpl.java:661)
	at com.google.inject.internal.InjectorImpl.cleanup(InjectorImpl.java:617)
	at com.google.inject.internal.InjectorImpl.initializeJitBinding(InjectorImpl.java:603)
	at com.google.inject.internal.InjectorImpl.createJustInTimeBinding(InjectorImpl.java:932)
	at com.google.inject.internal.InjectorImpl.createJustInTimeBindingRecursive(InjectorImpl.java:852)
	at com.google.inject.internal.InjectorImpl.getJustInTimeBinding(InjectorImpl.java:291)
	at com.google.inject.internal.InjectorImpl.getBindingOrThrow(InjectorImpl.java:222)
	at com.google.inject.internal.InjectorImpl.getProviderOrThrow(InjectorImpl.java:1040)
	at com.google.inject.internal.InjectorImpl.getProvider(InjectorImpl.java:1071)
	at com.google.inject.internal.InjectorImpl.getProvider(InjectorImpl.java:1034)
	at com.google.inject.internal.InjectorImpl.getInstance(InjectorImpl.java:1086)
	at com.prft.cif.guice.inject.CIFInjector.getInstance(CIFInjector.java:38)
	at com.prft.cif.guice.inject.CIFInjector.createInstance(CIFInjector.java:52)
	at se.ff.cc.WorkbookStepDefs.some_start_condition(WorkbookStepDefs.java:40)
	at sun.reflect.NativeMethodAccessorImpl.invoke0(Native Method)
	at sun.reflect.NativeMethodAccessorImpl.invoke(NativeMethodAccessorImpl.java:62)
	at sun.reflect.DelegatingMethodAccessorImpl.invoke(DelegatingMethodAccessorImpl.java:43)
	at java.lang.reflect.Method.invoke(Method.java:498)
	at cucumber.runtime.Utils$1.call(Utils.java:37)
	at cucumber.runtime.Timeout.timeout(Timeout.java:13)
	at cucumber.runtime.Utils.invoke(Utils.java:31)
	at cucumber.runtime.java.JavaStepDefinition.execute(JavaStepDefinition.java:38)
	at cucumber.runtime.StepDefinitionMatch.runStep(StepDefinitionMatch.java:37)
	at cucumber.runtime.Runtime.runStep(Runtime.java:299)
	at cucumber.runtime.model.StepContainer.runStep(StepContainer.java:44)
	at cucumber.runtime.model.StepContainer.runSteps(StepContainer.java:39)
	at cucumber.runtime.model.CucumberScenario.run(CucumberScenario.java:44)
	at cucumber.runtime.junit.ExecutionUnitRunner.run(ExecutionUnitRunner.java:91)
	at cucumber.runtime.junit.FeatureRunner.runChild(FeatureRunner.java:63)
	at cucumber.runtime.junit.FeatureRunner.runChild(FeatureRunner.java:18)
	at org.junit.runners.ParentRunner$3.run(ParentRunner.java:290)
	at org.junit.runners.ParentRunner$1.schedule(ParentRunner.java:71)
	at org.junit.runners.ParentRunner.runChildren(ParentRunner.java:288)
	at org.junit.runners.ParentRunner.access$000(ParentRunner.java:58)
	at org.junit.runners.ParentRunner$2.evaluate(ParentRunner.java:268)
	at org.junit.runners.ParentRunner.run(ParentRunner.java:363)
	at cucumber.runtime.junit.FeatureRunner.run(FeatureRunner.java:70)
	at cucumber.api.junit.Cucumber.runChild(Cucumber.java:93)
	at cucumber.api.junit.Cucumber.runChild(Cucumber.java:37)
	at org.junit.runners.ParentRunner$3.run(ParentRunner.java:290)
	at org.junit.runners.ParentRunner$1.schedule(ParentRunner.java:71)
	at org.junit.runners.ParentRunner.runChildren(ParentRunner.java:288)
	at org.junit.runners.ParentRunner.access$000(ParentRunner.java:58)
	at org.junit.runners.ParentRunner$2.evaluate(ParentRunner.java:268)
	at org.junit.runners.ParentRunner.run(ParentRunner.java:363)
	at cucumber.api.junit.Cucumber.run(Cucumber.java:98)
	at org.apache.maven.surefire.junit4.JUnit4Provider.execute(JUnit4Provider.java:252)
	at org.apache.maven.surefire.junit4.JUnit4Provider.executeTestSet(JUnit4Provider.java:141)
	at org.apache.maven.surefire.junit4.JUnit4Provider.invoke(JUnit4Provider.java:112)
	at sun.reflect.NativeMethodAccessorImpl.invoke0(Native Method)
	at sun.reflect.NativeMethodAccessorImpl.invoke(NativeMethodAccessorImpl.java:62)
	at sun.reflect.DelegatingMethodAccessorImpl.invoke(DelegatingMethodAccessorImpl.java:43)
	at java.lang.reflect.Method.invoke(Method.java:498)
	at org.apache.maven.surefire.util.ReflectionUtils.invokeMethodWithArray(ReflectionUtils.java:189)
	at org.apache.maven.surefire.booter.ProviderFactory$ProviderProxy.invoke(ProviderFactory.java:165)
	at org.apache.maven.surefire.booter.ProviderFactory.invokeProvider(ProviderFactory.java:85)
	at org.apache.maven.surefire.booter.ForkedBooter.runSuitesInProcess(ForkedBooter.java:115)
	at org.apache.maven.surefire.booter.ForkedBooter.main(ForkedBooter.java:75)

