<?xml version="1.0" encoding="UTF-8" ?>
<testsuite tests="54" failures="0" name="se.ff.cc.RunCukesTest" time="0.047" errors="0" skipped="6">
  <properties>
[...]
</properties>
  <testcase classname="Scenario: Fields flagged for encryption by the workbook should be encrypted in the target zone." name="Given a data set in the RAW zone and its counterpart in the curate zone" time="0.015"/>
  <testcase classname="Scenario: Fields flagged for encryption by the workbook should be encrypted in the target zone." name="When I query Cloudera Navigator for the data set&apos;s onboarded workbook metadata" time="0"/>
  <testcase classname="Scenario: Fields flagged for encryption by the workbook should be encrypted in the target zone." name="Then fields flagged for encryption in the metadata should be actually encrypted in the curate zone" time="0"/>
  <testcase classname="Scenario: Fields flagged for encryption by the workbook should be encrypted in the target zone." name="Scenario: Fields flagged for encryption by the workbook should be encrypted in the target zone." time="0"/>
  <testcase classname="Scenario: Data from the RAW zone should be completely ingested to the curate zone according to the metadata provided by the workbook." name="Given a data set in the RAW zone and its counterpart in the curate zone" time="0"/>
  <testcase classname="Scenario: Data from the RAW zone should be completely ingested to the curate zone according to the metadata provided by the workbook." name="When I query Cloudera Navigator for the data set&apos;s onboarded workbook metadata" time="0"/>
  <testcase classname="Scenario: Data from the RAW zone should be completely ingested to the curate zone according to the metadata provided by the workbook." name="Then fields flagged for encryption in the metadata should be actually encrypted in the curate zone" time="0"/>
  <testcase classname="Scenario: Data from the RAW zone should be completely ingested to the curate zone according to the metadata provided by the workbook." name="Scenario: Data from the RAW zone should be completely ingested to the curate zone according to the metadata provided by the workbook." time="0"/>
  <testcase classname="Scenario: Day 1 record are all loaded." name="Given Day 1 RME incremental files are ingested" time="0">
    <skipped/>
    <system-out>
  Scenario: Data from the RAW zone should be completely ingested to the curate zone according to the metadata provided by the workbook. &amp;#27;[90m# se/ff/cc/Curate.feature:13&amp;#27;[0m
    &amp;#27;[32mGiven &amp;#27;[0m&amp;#27;[32ma data set in the RAW zone and its counterpart in the curate zone&amp;#27;[0m                                                             &amp;#27;[90m# CurateStepDefs.some_start_condition()&amp;#27;[0m
    &amp;#27;[32mWhen &amp;#27;[0m&amp;#27;[32mI query Cloudera Navigator for the data set&apos;s onboarded workbook metadata&amp;#27;[0m                                                      &amp;#27;[90m# CurateStepDefs.something_is_done()&amp;#27;[0m
    &amp;#27;[32mThen &amp;#27;[0m&amp;#27;[32mfields flagged for encryption in the metadata should be actually encrypted in the curate zone&amp;#27;[0m                                  &amp;#27;[90m# CurateStepDefs.something_should_happen()&amp;#27;[0m
Feature: f1
Feature: f2
Feature: Incremental file loading

  Background: Full file has been uploaded with action types as null &amp;#27;[90m# se/ff/cc/incremental.feature:6&amp;#27;[0m
</system-out>
  </testcase>
  <testcase classname="Scenario: Day 1 record are all loaded." name="When I query Cloudera Navigator for that workbook&apos;s metadata" time="0">
    <skipped/>
  </testcase>
  <testcase classname="Scenario: Day 1 record are all loaded." name="Then it should match the parsed workbook" time="0">
    <skipped/>
  </testcase>
  <testcase classname="Scenario: Day 1 record are all loaded." name="Scenario: Day 1 record are all loaded." time="0.016">
    <skipped/>
  </testcase>
  <testcase classname="Scenario: Day 1 record are all loaded." name="Scenario: Day 1 record are all loaded." time="0.016"/>
  <testcase classname="Scenario: Day 1 record actions are null." name="Given I have parsed a workbook" time="0"/>
  <testcase classname="Scenario: Day 1 record actions are null." name="When I query Cloudera Navigator for that workbook&apos;s metadata" time="0"/>
  <testcase classname="Scenario: Day 1 record actions are null." name="Then it should match the parsed workbook" time="0"/>
  <testcase classname="Scenario: Day 1 record actions are null." name="Scenario: Day 1 record actions are null." time="0"/>
  <testcase classname="Scenario: Day 2 records have an action type." name="Given I have parsed a workbook" time="0"/>
  <testcase classname="Scenario: Day 2 records have an action type." name="When I query Cloudera Navigator for that workbook&apos;s metadata" time="0"/>
  <testcase classname="Scenario: Day 2 records have an action type." name="Then it should match the parsed" time="0">
    <skipped/>
  </testcase>
  <testcase classname="Scenario: Day 2 records have an action type." name="Scenario: Day 2 records have an action type." time="0">
    <skipped/>
  </testcase>
  <testcase classname="Scenario: Day 2 records have an action type." name="Scenario: Day 2 records have an action type." time="0"/>
  <testcase classname="Scenario: Day 2 records are updated in Hue SCD." name="Given I have parsed a workbook" time="0"/>
  <testcase classname="Scenario: Day 2 records are updated in Hue SCD." name="When I query Cloudera Navigator for that workbook&apos;s metadata" time="0"/>
  <testcase classname="Scenario: Day 2 records are updated in Hue SCD." name="Then it should match the parsed workbook" time="0"/>
  <testcase classname="Scenario: Day 2 records are updated in Hue SCD." name="Scenario: Day 2 records are updated in Hue SCD." time="0"/>
  <testcase classname="Scenario: Day 2 records are maybe updated properly in Hue Norm." name="Given I have parsed a workbook" time="0"/>
  <testcase classname="Scenario: Day 2 records are maybe updated properly in Hue Norm." name="When I query Cloudera Navigator for that workbook&apos;s metadata" time="0"/>
  <testcase classname="Scenario: Day 2 records are maybe updated properly in Hue Norm." name="Then it should match the parsed workbook" time="0"/>
  <testcase classname="Scenario: Day 2 records are maybe updated properly in Hue Norm." name="Scenario: Day 2 records are maybe updated properly in Hue Norm." time="0"/>
  <testcase classname="Scenario: Day 2 records are with dflag should not show up in Hue Norm." name="Given I have parsed a workbook" time="0"/>
  <testcase classname="Scenario: Day 2 records are with dflag should not show up in Hue Norm." name="When I query Cloudera Navigator for that workbook&apos;s metadata" time="0"/>
  <testcase classname="Scenario: Day 2 records are with dflag should not show up in Hue Norm." name="Then it should match the parsed workbook" time="0"/>
  <testcase classname="Scenario: Day 2 records are with dflag should not show up in Hue Norm." name="Scenario: Day 2 records are with dflag should not show up in Hue Norm." time="0"/>
  <testcase classname="Scenario: Day 3 record count is correct in Hue SCD." name="Given I have parsed a workbook" time="0"/>
  <testcase classname="Scenario: Day 3 record count is correct in Hue SCD." name="When I query Cloudera Navigator for that workbook&apos;s metadata" time="0"/>
  <testcase classname="Scenario: Day 3 record count is correct in Hue SCD." name="Then it should match the parsed workbook" time="0"/>
  <testcase classname="Scenario: Day 3 record count is correct in Hue SCD." name="Scenario: Day 3 record count is correct in Hue SCD." time="0"/>
  <testcase classname="Scenario: Day 3 record count is correct in Hue norm." name="Given I have parsed a workbook" time="0"/>
  <testcase classname="Scenario: Day 3 record count is correct in Hue norm." name="When I query Cloudera Navigator for that workbook&apos;s metadata" time="0"/>
  <testcase classname="Scenario: Day 3 record count is correct in Hue norm." name="Then it should match the parsed workbook" time="0"/>
  <testcase classname="Scenario: Day 3 record count is correct in Hue norm." name="Scenario: Day 3 record count is correct in Hue norm." time="0"/>
  <testcase classname="Scenario: Day 3 records action type is updated." name="Given I have parsed a workbook" time="0"/>
  <testcase classname="Scenario: Day 3 records action type is updated." name="When I query Cloudera Navigator for that workbook&apos;s metadata" time="0"/>
  <testcase classname="Scenario: Day 3 records action type is updated." name="Then it should match the parsed workbook" time="0"/>
  <testcase classname="Scenario: Day 3 records action type is updated." name="Scenario: Day 3 records action type is updated." time="0"/>
  <testcase classname="Scenario: Day 3 records flags are updated correctly." name="Given I have parsed a workbook" time="0"/>
  <testcase classname="Scenario: Day 3 records flags are updated correctly." name="When I query Cloudera Navigator for that workbook&apos;s metadata" time="0"/>
  <testcase classname="Scenario: Day 3 records flags are updated correctly." name="Then it should match the parsed workbook" time="0"/>
  <testcase classname="Scenario: Day 3 records flags are updated correctly." name="Scenario: Day 3 records flags are updated correctly." time="0"/>
  <testcase classname="Scenario: A workbook, parsed from an excel spreadsheet, should exist in Cloudera Navigator as metadata." name="Given I have parsed a workbook" time="0"/>
  <testcase classname="Scenario: A workbook, parsed from an excel spreadsheet, should exist in Cloudera Navigator as metadata." name="When I query Cloudera Navigator for that workbook&apos;s metadata" time="0"/>
  <testcase classname="Scenario: A workbook, parsed from an excel spreadsheet, should exist in Cloudera Navigator as metadata." name="Then it should match the parsed workbook" time="0"/>
  <testcase classname="Scenario: A workbook, parsed from an excel spreadsheet, should exist in Cloudera Navigator as metadata." name="Scenario: A workbook, parsed from an excel spreadsheet, should exist in Cloudera Navigator as metadata." time="0"/>
</testsuite>