<?xml version="1.0" encoding="UTF-8" ?>
<testsuite tests="184" failures="0" name="se.ff.cc.RunCukesTest" time="1.356" errors="10" skipped="142">
  <properties>
[...]
</properties>
  <testcase classname="Scenario: Test fixture of input and expected output files." name="Given an example raw file is processed all the way to the publish zone and I have an expected output xxx" time="0.004">
    <skipped/>
    <system-out>#### DLAPDEV-135,
#### CURATE_DAILY_CASH.xlsx
Feature: Data is moved from the Curate to the Publish zone and is tranformed according to onboarded workbook metadata.

  Background: I have moved a data set to Publish Zone &amp;#27;[90m# se/ff/cc/AbcControls.feature:6&amp;#27;[0m
</system-out>
  </testcase>
  <testcase classname="Scenario: Test fixture of input and expected output files." name="When I select the appropriate table via impala" time="0.005">
    <skipped/>
  </testcase>
  <testcase classname="Scenario: Test fixture of input and expected output files." name="Then the results should match the expected output xxx" time="0.005">
    <skipped/>
  </testcase>
  <testcase classname="Scenario: Test fixture of input and expected output files." name="Scenario: Test fixture of input and expected output files." time="0.005">
    <skipped/>
  </testcase>
  <testcase classname="Scenario: Test fixture of input and expected output files." name="Scenario: Test fixture of input and expected output files." time="0.005"/>
  <testcase classname="Scenario: Rows in the Publish zone data set should have columns per the workbook." name="Given a data set in the RW zone and its counterpart in the curate zone" time="0.001">
    <skipped/>
    <system-out>
  Scenario: Test fixture of input and expected output files.                                                 &amp;#27;[90m# se/ff/cc/AbcControls.feature:9&amp;#27;[0m
    &amp;#27;[33mGiven &amp;#27;[0m&amp;#27;[33man example raw file is processed all the way to the publish zone and I have an expected output xxx&amp;#27;[0m
    &amp;#27;[33mWhen &amp;#27;[0m&amp;#27;[33mI select the appropriate table via impala&amp;#27;[0m
    &amp;#27;[33mThen &amp;#27;[0m&amp;#27;[33mthe results should match the expected output xxx&amp;#27;[0m

  Background: I have moved a data set to Publish Zone &amp;#27;[90m# se/ff/cc/AbcControls.feature:6&amp;#27;[0m
</system-out>
  </testcase>
  <testcase classname="Scenario: Rows in the Publish zone data set should have columns per the workbook." name="When I query Cloudera Naviator for the data set&apos;s onboarded workbook metadata" time="0.001">
    <skipped/>
  </testcase>
  <testcase classname="Scenario: Rows in the Publish zone data set should have columns per the workbook." name="Then fields flagged for encrption in the metadata should be actually encrypted in the curate zone" time="0.002">
    <skipped/>
  </testcase>
  <testcase classname="Scenario: Rows in the Publish zone data set should have columns per the workbook." name="Scenario: Rows in the Publish zone data set should have columns per the workbook." time="0.002">
    <skipped/>
  </testcase>
  <testcase classname="Scenario: Rows in the Publish zone data set should have columns per the workbook." name="Scenario: Rows in the Publish zone data set should have columns per the workbook." time="0.002"/>
  <testcase classname="Scenario: Rows in the Publish zone data set should ." name="Given a data set in the RAW zne and its counterpart in the curate zone" time="0.002">
    <skipped/>
    <system-out>
  Scenario: Rows in the Publish zone data set should have columns per the workbook.                   &amp;#27;[90m# se/ff/cc/AbcControls.feature:18&amp;#27;[0m
    &amp;#27;[33mGiven &amp;#27;[0m&amp;#27;[33ma data set in the RW zone and its counterpart in the curate zone&amp;#27;[0m
    &amp;#27;[33mWhen &amp;#27;[0m&amp;#27;[33mI query Cloudera Naviator for the data set&apos;s onboarded workbook metadata&amp;#27;[0m
    &amp;#27;[33mThen &amp;#27;[0m&amp;#27;[33mfields flagged for encrption in the metadata should be actually encrypted in the curate zone&amp;#27;[0m

  Background: I have moved a data set to Publish Zone &amp;#27;[90m# se/ff/cc/AbcControls.feature:6&amp;#27;[0m
</system-out>
  </testcase>
  <testcase classname="Scenario: Rows in the Publish zone data set should ." name="When I query Cloudera Naviator for the data set&apos;s onboarded workbook metadata" time="0.002">
    <skipped/>
  </testcase>
  <testcase classname="Scenario: Rows in the Publish zone data set should ." name="Then fields flagged for encrption in the metadata should be actually encrypted in the curate zone" time="0.002">
    <skipped/>
  </testcase>
  <testcase classname="Scenario: Rows in the Publish zone data set should ." name="Scenario: Rows in the Publish zone data set should ." time="0.002">
    <skipped/>
  </testcase>
  <testcase classname="Scenario: Rows in the Publish zone data set should ." name="Scenario: Rows in the Publish zone data set should ." time="0.002"/>
  <testcase classname="Scenario: Curate workbook schema validation." name="Given I have parsed a workbook" time="0.026">
    <error message="org/apache/poi/xssf/usermodel/XSSFSheet" type="java.lang.NoClassDefFoundError">java.lang.NoClassDefFoundError: org/apache/poi/xssf/usermodel/XSSFSheet
	at java.lang.Class.getDeclaredMethods0(Native Method)
	at java.lang.Class.privateGetDeclaredMethods(Class.java:2701)
	at java.lang.Class.getDeclaredMethods(Class.java:1975)
	at com.google.inject.spi.InjectionPoint.getDeclaredMethods(InjectionPoint.java:766)
	at com.google.inject.spi.InjectionPoint.getInjectionPoints(InjectionPoint.java:683)
	at com.google.inject.spi.InjectionPoint.forInstanceMethodsAndFields(InjectionPoint.java:378)
	at com.google.inject.internal.ConstructorBindingImpl.getInternalDependencies(ConstructorBindingImpl.java:181)
	at com.google.inject.internal.InjectorImpl.getInternalDependencies(InjectorImpl.java:661)
	at com.google.inject.internal.InjectorImpl.cleanup(InjectorImpl.java:617)
	at com.google.inject.internal.InjectorImpl.initializeJitBinding(InjectorImpl.java:603)
	at com.google.inject.internal.InjectorImpl.createJustInTimeBinding(InjectorImpl.java:932)
	at com.google.inject.internal.InjectorImpl.createJustInTimeBindingRecursive(InjectorImpl.java:852)
	at com.google.inject.internal.InjectorImpl.getJustInTimeBinding(InjectorImpl.java:291)
	at com.google.inject.internal.InjectorImpl.getBindingOrThrow(InjectorImpl.java:222)
	at com.google.inject.internal.InjectorImpl.getProviderOrThrow(InjectorImpl.java:1040)
	at com.google.inject.internal.InjectorImpl.getProvider(InjectorImpl.java:1071)
	at com.google.inject.internal.InjectorImpl.getProvider(InjectorImpl.java:1034)
	at com.google.inject.internal.InjectorImpl.getInstance(InjectorImpl.java:1086)
	at com.prft.cif.guice.inject.CIFInjector.getInstance(CIFInjector.java:38)
	at com.prft.cif.guice.inject.CIFInjector.createInstance(CIFInjector.java:52)
	at se.ff.cc.WorkbookStepDefs.some_start_condition(WorkbookStepDefs.java:40)
	at ✽.Given I have parsed a workbook(se/ff/cc/AbcControls.feature:31)
Caused by: java.lang.ClassNotFoundException: org.apache.poi.xssf.usermodel.XSSFSheet
	at java.net.URLClassLoader.findClass(URLClassLoader.java:381)
	at java.lang.ClassLoader.loadClass(ClassLoader.java:424)
	at sun.misc.Launcher$AppClassLoader.loadClass(Launcher.java:331)
	at java.lang.ClassLoader.loadClass(ClassLoader.java:357)
	at java.lang.Class.getDeclaredMethods0(Native Method)
	at java.lang.Class.privateGetDeclaredMethods(Class.java:2701)
	at java.lang.Class.getDeclaredMethods(Class.java:1975)
	at com.google.inject.spi.InjectionPoint.getDeclaredMethods(InjectionPoint.java:766)
	at com.google.inject.spi.InjectionPoint.getInjectionPoints(InjectionPoint.java:683)
	at com.google.inject.spi.InjectionPoint.forInstanceMethodsAndFields(InjectionPoint.java:378)
	at com.google.inject.internal.ConstructorBindingImpl.getInternalDependencies(ConstructorBindingImpl.java:181)
	at com.google.inject.internal.InjectorImpl.getInternalDependencies(InjectorImpl.java:661)
	at com.google.inject.internal.InjectorImpl.cleanup(InjectorImpl.java:617)
	at com.google.inject.internal.InjectorImpl.initializeJitBinding(InjectorImpl.java:603)
	at com.google.inject.internal.InjectorImpl.createJustInTimeBinding(InjectorImpl.java:932)
	at com.google.inject.internal.InjectorImpl.createJustInTimeBindingRecursive(InjectorImpl.java:852)
	at com.google.inject.internal.InjectorImpl.getJustInTimeBinding(InjectorImpl.java:291)
	at com.google.inject.internal.InjectorImpl.getBindingOrThrow(InjectorImpl.java:222)
	at com.google.inject.internal.InjectorImpl.getProviderOrThrow(InjectorImpl.java:1040)
	at com.google.inject.internal.InjectorImpl.getProvider(InjectorImpl.java:1071)
	at com.google.inject.internal.InjectorImpl.getProvider(InjectorImpl.java:1034)
	at com.google.inject.internal.InjectorImpl.getInstance(InjectorImpl.java:1086)
	at com.prft.cif.guice.inject.CIFInjector.getInstance(CIFInjector.java:38)
	at com.prft.cif.guice.inject.CIFInjector.createInstance(CIFInjector.java:52)
	at se.ff.cc.WorkbookStepDefs.some_start_condition(WorkbookStepDefs.java:40)
	at sun.reflect.NativeMethodAccessorImpl.invoke0(Native Method)
	at sun.reflect.NativeMethodAccessorImpl.invoke(NativeMethodAccessorImpl.java:62)
	at sun.reflect.DelegatingMethodAccessorImpl.invoke(DelegatingMethodAccessorImpl.java:43)
	at java.lang.reflect.Method.invoke(Method.java:498)
	at cucumber.runtime.Utils$1.call(Utils.java:37)
	at cucumber.runtime.Timeout.timeout(Timeout.java:13)
	at cucumber.runtime.Utils.invoke(Utils.java:31)
	at cucumber.runtime.java.JavaStepDefinition.execute(JavaStepDefinition.java:38)
	at cucumber.runtime.StepDefinitionMatch.runStep(StepDefinitionMatch.java:37)
	at cucumber.runtime.Runtime.runStep(Runtime.java:299)
	at cucumber.runtime.model.StepContainer.runStep(StepContainer.java:44)
	at cucumber.runtime.model.StepContainer.runSteps(StepContainer.java:39)
	at cucumber.runtime.model.CucumberScenario.run(CucumberScenario.java:44)
	at cucumber.runtime.junit.ExecutionUnitRunner.run(ExecutionUnitRunner.java:91)
	at cucumber.runtime.junit.FeatureRunner.runChild(FeatureRunner.java:63)
	at cucumber.runtime.junit.FeatureRunner.runChild(FeatureRunner.java:18)
	at org.junit.runners.ParentRunner$3.run(ParentRunner.java:290)
	at org.junit.runners.ParentRunner$1.schedule(ParentRunner.java:71)
	at org.junit.runners.ParentRunner.runChildren(ParentRunner.java:288)
	at org.junit.runners.ParentRunner.access$000(ParentRunner.java:58)
	at org.junit.runners.ParentRunner$2.evaluate(ParentRunner.java:268)
	at org.junit.runners.ParentRunner.run(ParentRunner.java:363)
	at cucumber.runtime.junit.FeatureRunner.run(FeatureRunner.java:70)
	at cucumber.api.junit.Cucumber.runChild(Cucumber.java:93)
	at cucumber.api.junit.Cucumber.runChild(Cucumber.java:37)
	at org.junit.runners.ParentRunner$3.run(ParentRunner.java:290)
	at org.junit.runners.ParentRunner$1.schedule(ParentRunner.java:71)
	at org.junit.runners.ParentRunner.runChildren(ParentRunner.java:288)
	at org.junit.runners.ParentRunner.access$000(ParentRunner.java:58)
	at org.junit.runners.ParentRunner$2.evaluate(ParentRunner.java:268)
	at org.junit.runners.ParentRunner.run(ParentRunner.java:363)
	at cucumber.api.junit.Cucumber.run(Cucumber.java:98)
	at org.apache.maven.surefire.junit4.JUnit4Provider.execute(JUnit4Provider.java:252)
	at org.apache.maven.surefire.junit4.JUnit4Provider.executeTestSet(JUnit4Provider.java:141)
	at org.apache.maven.surefire.junit4.JUnit4Provider.invoke(JUnit4Provider.java:112)
	at sun.reflect.NativeMethodAccessorImpl.invoke0(Native Method)
	at sun.reflect.NativeMethodAccessorImpl.invoke(NativeMethodAccessorImpl.java:62)
	at sun.reflect.DelegatingMethodAccessorImpl.invoke(DelegatingMethodAccessorImpl.java:43)
	at java.lang.reflect.Method.invoke(Method.java:498)
	at org.apache.maven.surefire.util.ReflectionUtils.invokeMethodWithArray(ReflectionUtils.java:189)
	at org.apache.maven.surefire.booter.ProviderFactory$ProviderProxy.invoke(ProviderFactory.java:165)
	at org.apache.maven.surefire.booter.ProviderFactory.invokeProvider(ProviderFactory.java:85)
	at org.apache.maven.surefire.booter.ForkedBooter.runSuitesInProcess(ForkedBooter.java:115)
	at org.apache.maven.surefire.booter.ForkedBooter.main(ForkedBooter.java:75)
</error>
    <system-out>
  Scenario: Rows in the Publish zone data set should .                                                &amp;#27;[90m# se/ff/cc/AbcControls.feature:24&amp;#27;[0m
    &amp;#27;[33mGiven &amp;#27;[0m&amp;#27;[33ma data set in the RAW zne and its counterpart in the curate zone&amp;#27;[0m
    &amp;#27;[33mWhen &amp;#27;[0m&amp;#27;[33mI query Cloudera Naviator for the data set&apos;s onboarded workbook metadata&amp;#27;[0m
    &amp;#27;[33mThen &amp;#27;[0m&amp;#27;[33mfields flagged for encrption in the metadata should be actually encrypted in the curate zone&amp;#27;[0m

  Background: I have moved a data set to Publish Zone &amp;#27;[90m# se/ff/cc/AbcControls.feature:6&amp;#27;[0m
</system-out>
  </testcase>
  <testcase classname="Scenario: Curate workbook schema validation." name="Scenario: Curate workbook schema validation." time="0.027">
    <error message="org/apache/poi/xssf/usermodel/XSSFSheet" type="java.lang.NoClassDefFoundError">java.lang.NoClassDefFoundError: org/apache/poi/xssf/usermodel/XSSFSheet
	at java.lang.Class.getDeclaredMethods0(Native Method)
	at java.lang.Class.privateGetDeclaredMethods(Class.java:2701)
	at java.lang.Class.getDeclaredMethods(Class.java:1975)
	at com.google.inject.spi.InjectionPoint.getDeclaredMethods(InjectionPoint.java:766)
	at com.google.inject.spi.InjectionPoint.getInjectionPoints(InjectionPoint.java:683)
	at com.google.inject.spi.InjectionPoint.forInstanceMethodsAndFields(InjectionPoint.java:378)
	at com.google.inject.internal.ConstructorBindingImpl.getInternalDependencies(ConstructorBindingImpl.java:181)
	at com.google.inject.internal.InjectorImpl.getInternalDependencies(InjectorImpl.java:661)
	at com.google.inject.internal.InjectorImpl.cleanup(InjectorImpl.java:617)
	at com.google.inject.internal.InjectorImpl.initializeJitBinding(InjectorImpl.java:603)
	at com.google.inject.internal.InjectorImpl.createJustInTimeBinding(InjectorImpl.java:932)
	at com.google.inject.internal.InjectorImpl.createJustInTimeBindingRecursive(InjectorImpl.java:852)
	at com.google.inject.internal.InjectorImpl.getJustInTimeBinding(InjectorImpl.java:291)
	at com.google.inject.internal.InjectorImpl.getBindingOrThrow(InjectorImpl.java:222)
	at com.google.inject.internal.InjectorImpl.getProviderOrThrow(InjectorImpl.java:1040)
	at com.google.inject.internal.InjectorImpl.getProvider(InjectorImpl.java:1071)
	at com.google.inject.internal.InjectorImpl.getProvider(InjectorImpl.java:1034)
	at com.google.inject.internal.InjectorImpl.getInstance(InjectorImpl.java:1086)
	at com.prft.cif.guice.inject.CIFInjector.getInstance(CIFInjector.java:38)
	at com.prft.cif.guice.inject.CIFInjector.createInstance(CIFInjector.java:52)
	at se.ff.cc.WorkbookStepDefs.some_start_condition(WorkbookStepDefs.java:40)
	at ✽.Given I have parsed a workbook(se/ff/cc/AbcControls.feature:31)
Caused by: java.lang.ClassNotFoundException: org.apache.poi.xssf.usermodel.XSSFSheet
	at java.net.URLClassLoader.findClass(URLClassLoader.java:381)
	at java.lang.ClassLoader.loadClass(ClassLoader.java:424)
	at sun.misc.Launcher$AppClassLoader.loadClass(Launcher.java:331)
	at java.lang.ClassLoader.loadClass(ClassLoader.java:357)
	at java.lang.Class.getDeclaredMethods0(Native Method)
	at java.lang.Class.privateGetDeclaredMethods(Class.java:2701)
	at java.lang.Class.getDeclaredMethods(Class.java:1975)
	at com.google.inject.spi.InjectionPoint.getDeclaredMethods(InjectionPoint.java:766)
	at com.google.inject.spi.InjectionPoint.getInjectionPoints(InjectionPoint.java:683)
	at com.google.inject.spi.InjectionPoint.forInstanceMethodsAndFields(InjectionPoint.java:378)
	at com.google.inject.internal.ConstructorBindingImpl.getInternalDependencies(ConstructorBindingImpl.java:181)
	at com.google.inject.internal.InjectorImpl.getInternalDependencies(InjectorImpl.java:661)
	at com.google.inject.internal.InjectorImpl.cleanup(InjectorImpl.java:617)
	at com.google.inject.internal.InjectorImpl.initializeJitBinding(InjectorImpl.java:603)
	at com.google.inject.internal.InjectorImpl.createJustInTimeBinding(InjectorImpl.java:932)
	at com.google.inject.internal.InjectorImpl.createJustInTimeBindingRecursive(InjectorImpl.java:852)
	at com.google.inject.internal.InjectorImpl.getJustInTimeBinding(InjectorImpl.java:291)
	at com.google.inject.internal.InjectorImpl.getBindingOrThrow(InjectorImpl.java:222)
	at com.google.inject.internal.InjectorImpl.getProviderOrThrow(InjectorImpl.java:1040)
	at com.google.inject.internal.InjectorImpl.getProvider(InjectorImpl.java:1071)
	at com.google.inject.internal.InjectorImpl.getProvider(InjectorImpl.java:1034)
	at com.google.inject.internal.InjectorImpl.getInstance(InjectorImpl.java:1086)
	at com.prft.cif.guice.inject.CIFInjector.getInstance(CIFInjector.java:38)
	at com.prft.cif.guice.inject.CIFInjector.createInstance(CIFInjector.java:52)
	at se.ff.cc.WorkbookStepDefs.some_start_condition(WorkbookStepDefs.java:40)
	at sun.reflect.NativeMethodAccessorImpl.invoke0(Native Method)
	at sun.reflect.NativeMethodAccessorImpl.invoke(NativeMethodAccessorImpl.java:62)
	at sun.reflect.DelegatingMethodAccessorImpl.invoke(DelegatingMethodAccessorImpl.java:43)
	at java.lang.reflect.Method.invoke(Method.java:498)
	at cucumber.runtime.Utils$1.call(Utils.java:37)
	at cucumber.runtime.Timeout.timeout(Timeout.java:13)
	at cucumber.runtime.Utils.invoke(Utils.java:31)
	at cucumber.runtime.java.JavaStepDefinition.execute(JavaStepDefinition.java:38)
	at cucumber.runtime.StepDefinitionMatch.runStep(StepDefinitionMatch.java:37)
	at cucumber.runtime.Runtime.runStep(Runtime.java:299)
	at cucumber.runtime.model.StepContainer.runStep(StepContainer.java:44)
	at cucumber.runtime.model.StepContainer.runSteps(StepContainer.java:39)
	at cucumber.runtime.model.CucumberScenario.run(CucumberScenario.java:44)
	at cucumber.runtime.junit.ExecutionUnitRunner.run(ExecutionUnitRunner.java:91)
	at cucumber.runtime.junit.FeatureRunner.runChild(FeatureRunner.java:63)
	at cucumber.runtime.junit.FeatureRunner.runChild(FeatureRunner.java:18)
	at org.junit.runners.ParentRunner$3.run(ParentRunner.java:290)
	at org.junit.runners.ParentRunner$1.schedule(ParentRunner.java:71)
	at org.junit.runners.ParentRunner.runChildren(ParentRunner.java:288)
	at org.junit.runners.ParentRunner.access$000(ParentRunner.java:58)
	at org.junit.runners.ParentRunner$2.evaluate(ParentRunner.java:268)
	at org.junit.runners.ParentRunner.run(ParentRunner.java:363)
	at cucumber.runtime.junit.FeatureRunner.run(FeatureRunner.java:70)
	at cucumber.api.junit.Cucumber.runChild(Cucumber.java:93)
	at cucumber.api.junit.Cucumber.runChild(Cucumber.java:37)
	at org.junit.runners.ParentRunner$3.run(ParentRunner.java:290)
	at org.junit.runners.ParentRunner$1.schedule(ParentRunner.java:71)
	at org.junit.runners.ParentRunner.runChildren(ParentRunner.java:288)
	at org.junit.runners.ParentRunner.access$000(ParentRunner.java:58)
	at org.junit.runners.ParentRunner$2.evaluate(ParentRunner.java:268)
	at org.junit.runners.ParentRunner.run(ParentRunner.java:363)
	at cucumber.api.junit.Cucumber.run(Cucumber.java:98)
	at org.apache.maven.surefire.junit4.JUnit4Provider.execute(JUnit4Provider.java:252)
	at org.apache.maven.surefire.junit4.JUnit4Provider.executeTestSet(JUnit4Provider.java:141)
	at org.apache.maven.surefire.junit4.JUnit4Provider.invoke(JUnit4Provider.java:112)
	at sun.reflect.NativeMethodAccessorImpl.invoke0(Native Method)
	at sun.reflect.NativeMethodAccessorImpl.invoke(NativeMethodAccessorImpl.java:62)
	at sun.reflect.DelegatingMethodAccessorImpl.invoke(DelegatingMethodAccessorImpl.java:43)
	at java.lang.reflect.Method.invoke(Method.java:498)
	at org.apache.maven.surefire.util.ReflectionUtils.invokeMethodWithArray(ReflectionUtils.java:189)
	at org.apache.maven.surefire.booter.ProviderFactory$ProviderProxy.invoke(ProviderFactory.java:165)
	at org.apache.maven.surefire.booter.ProviderFactory.invokeProvider(ProviderFactory.java:85)
	at org.apache.maven.surefire.booter.ForkedBooter.runSuitesInProcess(ForkedBooter.java:115)
	at org.apache.maven.surefire.booter.ForkedBooter.main(ForkedBooter.java:75)
</error>
  </testcase>
  <testcase classname="Scenario: Curate workbook schema validation." name="When I query Cloudera Navigator for that workbook&apos;s metadata" time="0.027">
    <skipped/>
  </testcase>
  <testcase classname="Scenario: Curate workbook schema validation." name="Then I should see Hive columns in the appropriate DB" time="0.027">
    <skipped/>
  </testcase>
  <testcase classname="Scenario: Curate workbook schema validation." name="Scenario: Curate workbook schema validation." time="0.027">
    <skipped/>
  </testcase>
  <testcase classname="Scenario: Data from the RAW zone should be completely ingested to the curate zone according to the metadata provided by the workbook." name="Given a data set in the RAW zone and its counterpart in the curate zone" time="0.001">
    <error message="org/apache/poi/xssf/usermodel/XSSFSheet" type="java.lang.NoClassDefFoundError">java.lang.NoClassDefFoundError: org/apache/poi/xssf/usermodel/XSSFSheet
	at java.lang.Class.getDeclaredMethods0(Native Method)
	at java.lang.Class.privateGetDeclaredMethods(Class.java:2701)
	at java.lang.Class.getDeclaredMethods(Class.java:1975)
	at com.google.inject.spi.InjectionPoint.getDeclaredMethods(InjectionPoint.java:766)
	at com.google.inject.spi.InjectionPoint.getInjectionPoints(InjectionPoint.java:683)
	at com.google.inject.spi.InjectionPoint.forInstanceMethodsAndFields(InjectionPoint.java:378)
	at com.google.inject.internal.ConstructorBindingImpl.getInternalDependencies(ConstructorBindingImpl.java:181)
	at com.google.inject.internal.InjectorImpl.getInternalDependencies(InjectorImpl.java:661)
	at com.google.inject.internal.InjectorImpl.cleanup(InjectorImpl.java:617)
	at com.google.inject.internal.InjectorImpl.initializeJitBinding(InjectorImpl.java:603)
	at com.google.inject.internal.InjectorImpl.createJustInTimeBinding(InjectorImpl.java:932)
	at com.google.inject.internal.InjectorImpl.createJustInTimeBindingRecursive(InjectorImpl.java:852)
	at com.google.inject.internal.InjectorImpl.getJustInTimeBinding(InjectorImpl.java:291)
	at com.google.inject.internal.InjectorImpl.getBindingOrThrow(InjectorImpl.java:222)
	at com.google.inject.internal.InjectorImpl.getProviderOrThrow(InjectorImpl.java:1040)
	at com.google.inject.internal.InjectorImpl.getProvider(InjectorImpl.java:1071)
	at com.google.inject.internal.InjectorImpl.getProvider(InjectorImpl.java:1034)
	at com.google.inject.internal.InjectorImpl.getInstance(InjectorImpl.java:1086)
	at com.prft.cif.guice.inject.CIFInjector.getInstance(CIFInjector.java:38)
	at com.prft.cif.guice.inject.CIFInjector.createInstance(CIFInjector.java:52)
	at se.ff.cc.CurateStepDefs.some_start_condition(CurateStepDefs.java:41)
	at ✽.Given a data set in the RAW zone and its counterpart in the curate zone(se/ff/cc/Curate.feature:9)
Caused by: java.lang.ClassNotFoundException: org.apache.poi.xssf.usermodel.XSSFSheet
	at java.net.URLClassLoader.findClass(URLClassLoader.java:381)
	at java.lang.ClassLoader.loadClass(ClassLoader.java:424)
	at sun.misc.Launcher$AppClassLoader.loadClass(Launcher.java:331)
	at java.lang.ClassLoader.loadClass(ClassLoader.java:357)
	at java.lang.Class.getDeclaredMethods0(Native Method)
	at java.lang.Class.privateGetDeclaredMethods(Class.java:2701)
	at java.lang.Class.getDeclaredMethods(Class.java:1975)
	at com.google.inject.spi.InjectionPoint.getDeclaredMethods(InjectionPoint.java:766)
	at com.google.inject.spi.InjectionPoint.getInjectionPoints(InjectionPoint.java:683)
	at com.google.inject.spi.InjectionPoint.forInstanceMethodsAndFields(InjectionPoint.java:378)
	at com.google.inject.internal.ConstructorBindingImpl.getInternalDependencies(ConstructorBindingImpl.java:181)
	at com.google.inject.internal.InjectorImpl.getInternalDependencies(InjectorImpl.java:661)
	at com.google.inject.internal.InjectorImpl.cleanup(InjectorImpl.java:617)
	at com.google.inject.internal.InjectorImpl.initializeJitBinding(InjectorImpl.java:603)
	at com.google.inject.internal.InjectorImpl.createJustInTimeBinding(InjectorImpl.java:932)
	at com.google.inject.internal.InjectorImpl.createJustInTimeBindingRecursive(InjectorImpl.java:852)
	at com.google.inject.internal.InjectorImpl.getJustInTimeBinding(InjectorImpl.java:291)
	at com.google.inject.internal.InjectorImpl.getBindingOrThrow(InjectorImpl.java:222)
	at com.google.inject.internal.InjectorImpl.getProviderOrThrow(InjectorImpl.java:1040)
	at com.google.inject.internal.InjectorImpl.getProvider(InjectorImpl.java:1071)
	at com.google.inject.internal.InjectorImpl.getProvider(InjectorImpl.java:1034)
	at com.google.inject.internal.InjectorImpl.getInstance(InjectorImpl.java:1086)
	at com.prft.cif.guice.inject.CIFInjector.getInstance(CIFInjector.java:38)
	at com.prft.cif.guice.inject.CIFInjector.createInstance(CIFInjector.java:52)
	at se.ff.cc.CurateStepDefs.some_start_condition(CurateStepDefs.java:41)
	at sun.reflect.NativeMethodAccessorImpl.invoke0(Native Method)
	at sun.reflect.NativeMethodAccessorImpl.invoke(NativeMethodAccessorImpl.java:62)
	at sun.reflect.DelegatingMethodAccessorImpl.invoke(DelegatingMethodAccessorImpl.java:43)
	at java.lang.reflect.Method.invoke(Method.java:498)
	at cucumber.runtime.Utils$1.call(Utils.java:37)
	at cucumber.runtime.Timeout.timeout(Timeout.java:13)
	at cucumber.runtime.Utils.invoke(Utils.java:31)
	at cucumber.runtime.java.JavaStepDefinition.execute(JavaStepDefinition.java:38)
	at cucumber.runtime.StepDefinitionMatch.runStep(StepDefinitionMatch.java:37)
	at cucumber.runtime.Runtime.runStep(Runtime.java:299)
	at cucumber.runtime.model.StepContainer.runStep(StepContainer.java:44)
	at cucumber.runtime.model.StepContainer.runSteps(StepContainer.java:39)
	at cucumber.runtime.model.CucumberScenario.run(CucumberScenario.java:44)
	at cucumber.runtime.junit.ExecutionUnitRunner.run(ExecutionUnitRunner.java:91)
	at cucumber.runtime.junit.FeatureRunner.runChild(FeatureRunner.java:63)
	at cucumber.runtime.junit.FeatureRunner.runChild(FeatureRunner.java:18)
	at org.junit.runners.ParentRunner$3.run(ParentRunner.java:290)
	at org.junit.runners.ParentRunner$1.schedule(ParentRunner.java:71)
	at org.junit.runners.ParentRunner.runChildren(ParentRunner.java:288)
	at org.junit.runners.ParentRunner.access$000(ParentRunner.java:58)
	at org.junit.runners.ParentRunner$2.evaluate(ParentRunner.java:268)
	at org.junit.runners.ParentRunner.run(ParentRunner.java:363)
	at cucumber.runtime.junit.FeatureRunner.run(FeatureRunner.java:70)
	at cucumber.api.junit.Cucumber.runChild(Cucumber.java:93)
	at cucumber.api.junit.Cucumber.runChild(Cucumber.java:37)
	at org.junit.runners.ParentRunner$3.run(ParentRunner.java:290)
	at org.junit.runners.ParentRunner$1.schedule(ParentRunner.java:71)
	at org.junit.runners.ParentRunner.runChildren(ParentRunner.java:288)
	at org.junit.runners.ParentRunner.access$000(ParentRunner.java:58)
	at org.junit.runners.ParentRunner$2.evaluate(ParentRunner.java:268)
	at org.junit.runners.ParentRunner.run(ParentRunner.java:363)
	at cucumber.api.junit.Cucumber.run(Cucumber.java:98)
	at org.apache.maven.surefire.junit4.JUnit4Provider.execute(JUnit4Provider.java:252)
	at org.apache.maven.surefire.junit4.JUnit4Provider.executeTestSet(JUnit4Provider.java:141)
	at org.apache.maven.surefire.junit4.JUnit4Provider.invoke(JUnit4Provider.java:112)
	at sun.reflect.NativeMethodAccessorImpl.invoke0(Native Method)
	at sun.reflect.NativeMethodAccessorImpl.invoke(NativeMethodAccessorImpl.java:62)
	at sun.reflect.DelegatingMethodAccessorImpl.invoke(DelegatingMethodAccessorImpl.java:43)
	at java.lang.reflect.Method.invoke(Method.java:498)
	at org.apache.maven.surefire.util.ReflectionUtils.invokeMethodWithArray(ReflectionUtils.java:189)
	at org.apache.maven.surefire.booter.ProviderFactory$ProviderProxy.invoke(ProviderFactory.java:165)
	at org.apache.maven.surefire.booter.ProviderFactory.invokeProvider(ProviderFactory.java:85)
	at org.apache.maven.surefire.booter.ForkedBooter.runSuitesInProcess(ForkedBooter.java:115)
	at org.apache.maven.surefire.booter.ForkedBooter.main(ForkedBooter.java:75)
</error>
    <system-out>
  Scenario: Curate workbook schema validation.                   &amp;#27;[90m# se/ff/cc/AbcControls.feature:30&amp;#27;[0m
    &amp;#27;[31mGiven &amp;#27;[0m&amp;#27;[31mI have parsed a workbook&amp;#27;[0m                               &amp;#27;[90m# WorkbookStepDefs.some_start_condition()&amp;#27;[0m
      &amp;#27;[31mjava.lang.NoClassDefFoundError: org/apache/poi/xssf/usermodel/XSSFSheet
      	at java.lang.Class.getDeclaredMethods0(Native Method)
      	at java.lang.Class.privateGetDeclaredMethods(Class.java:2701)
      	at java.lang.Class.getDeclaredMethods(Class.java:1975)
      	at com.google.inject.spi.InjectionPoint.getDeclaredMethods(InjectionPoint.java:766)
      	at com.google.inject.spi.InjectionPoint.getInjectionPoints(InjectionPoint.java:683)
      	at com.google.inject.spi.InjectionPoint.forInstanceMethodsAndFields(InjectionPoint.java:378)
      	at com.google.inject.internal.ConstructorBindingImpl.getInternalDependencies(ConstructorBindingImpl.java:181)
      	at com.google.inject.internal.InjectorImpl.getInternalDependencies(InjectorImpl.java:661)
      	at com.google.inject.internal.InjectorImpl.cleanup(InjectorImpl.java:617)
      	at com.google.inject.internal.InjectorImpl.initializeJitBinding(InjectorImpl.java:603)
      	at com.google.inject.internal.InjectorImpl.createJustInTimeBinding(InjectorImpl.java:932)
      	at com.google.inject.internal.InjectorImpl.createJustInTimeBindingRecursive(InjectorImpl.java:852)
      	at com.google.inject.internal.InjectorImpl.getJustInTimeBinding(InjectorImpl.java:291)
      	at com.google.inject.internal.InjectorImpl.getBindingOrThrow(InjectorImpl.java:222)
      	at com.google.inject.internal.InjectorImpl.getProviderOrThrow(InjectorImpl.java:1040)
      	at com.google.inject.internal.InjectorImpl.getProvider(InjectorImpl.java:1071)
      	at com.google.inject.internal.InjectorImpl.getProvider(InjectorImpl.java:1034)
      	at com.google.inject.internal.InjectorImpl.getInstance(InjectorImpl.java:1086)
      	at com.prft.cif.guice.inject.CIFInjector.getInstance(CIFInjector.java:38)
      	at com.prft.cif.guice.inject.CIFInjector.createInstance(CIFInjector.java:52)
      	at se.ff.cc.WorkbookStepDefs.some_start_condition(WorkbookStepDefs.java:40)
      	at ?.Given I have parsed a workbook(se/ff/cc/AbcControls.feature:31)
      Caused by: java.lang.ClassNotFoundException: org.apache.poi.xssf.usermodel.XSSFSheet
      	at java.net.URLClassLoader.findClass(URLClassLoader.java:381)
      	at java.lang.ClassLoader.loadClass(ClassLoader.java:424)
      	at sun.misc.Launcher$AppClassLoader.loadClass(Launcher.java:331)
      	at java.lang.ClassLoader.loadClass(ClassLoader.java:357)
      	at java.lang.Class.getDeclaredMethods0(Native Method)
      	at java.lang.Class.privateGetDeclaredMethods(Class.java:2701)
      	at java.lang.Class.getDeclaredMethods(Class.java:1975)
      	at com.google.inject.spi.InjectionPoint.getDeclaredMethods(InjectionPoint.java:766)
      	at com.google.inject.spi.InjectionPoint.getInjectionPoints(InjectionPoint.java:683)
      	at com.google.inject.spi.InjectionPoint.forInstanceMethodsAndFields(InjectionPoint.java:378)
      	at com.google.inject.internal.ConstructorBindingImpl.getInternalDependencies(ConstructorBindingImpl.java:181)
      	at com.google.inject.internal.InjectorImpl.getInternalDependencies(InjectorImpl.java:661)
      	at com.google.inject.internal.InjectorImpl.cleanup(InjectorImpl.java:617)
      	at com.google.inject.internal.InjectorImpl.initializeJitBinding(InjectorImpl.java:603)
      	at com.google.inject.internal.InjectorImpl.createJustInTimeBinding(InjectorImpl.java:932)
      	at com.google.inject.internal.InjectorImpl.createJustInTimeBindingRecursive(InjectorImpl.java:852)
      	at com.google.inject.internal.InjectorImpl.getJustInTimeBinding(InjectorImpl.java:291)
      	at com.google.inject.internal.InjectorImpl.getBindingOrThrow(InjectorImpl.java:222)
      	at com.google.inject.internal.InjectorImpl.getProviderOrThrow(InjectorImpl.java:1040)
      	at com.google.inject.internal.InjectorImpl.getProvider(InjectorImpl.java:1071)
      	at com.google.inject.internal.InjectorImpl.getProvider(InjectorImpl.java:1034)
      	at com.google.inject.internal.InjectorImpl.getInstance(InjectorImpl.java:1086)
      	at com.prft.cif.guice.inject.CIFInjector.getInstance(CIFInjector.java:38)
      	at com.prft.cif.guice.inject.CIFInjector.createInstance(CIFInjector.java:52)
      	at se.ff.cc.WorkbookStepDefs.some_start_condition(WorkbookStepDefs.java:40)
      	at sun.reflect.NativeMethodAccessorImpl.invoke0(Native Method)
      	at sun.reflect.NativeMethodAccessorImpl.invoke(NativeMethodAccessorImpl.java:62)
      	at sun.reflect.DelegatingMethodAccessorImpl.invoke(DelegatingMethodAccessorImpl.java:43)
      	at java.lang.reflect.Method.invoke(Method.java:498)
      	at cucumber.runtime.Utils$1.call(Utils.java:37)
      	at cucumber.runtime.Timeout.timeout(Timeout.java:13)
      	at cucumber.runtime.Utils.invoke(Utils.java:31)
      	at cucumber.runtime.java.JavaStepDefinition.execute(JavaStepDefinition.java:38)
      	at cucumber.runtime.StepDefinitionMatch.runStep(StepDefinitionMatch.java:37)
      	at cucumber.runtime.Runtime.runStep(Runtime.java:299)
      	at cucumber.runtime.model.StepContainer.runStep(StepContainer.java:44)
      	at cucumber.runtime.model.StepContainer.runSteps(StepContainer.java:39)
      	at cucumber.runtime.model.CucumberScenario.run(CucumberScenario.java:44)
      	at cucumber.runtime.junit.ExecutionUnitRunner.run(ExecutionUnitRunner.java:91)
      	at cucumber.runtime.junit.FeatureRunner.runChild(FeatureRunner.java:63)
      	at cucumber.runtime.junit.FeatureRunner.runChild(FeatureRunner.java:18)
      	at org.junit.runners.ParentRunner$3.run(ParentRunner.java:290)
      	at org.junit.runners.ParentRunner$1.schedule(ParentRunner.java:71)
      	at org.junit.runners.ParentRunner.runChildren(ParentRunner.java:288)
      	at org.junit.runners.ParentRunner.access$000(ParentRunner.java:58)
      	at org.junit.runners.ParentRunner$2.evaluate(ParentRunner.java:268)
      	at org.junit.runners.ParentRunner.run(ParentRunner.java:363)
      	at cucumber.runtime.junit.FeatureRunner.run(FeatureRunner.java:70)
      	at cucumber.api.junit.Cucumber.runChild(Cucumber.java:93)
      	at cucumber.api.junit.Cucumber.runChild(Cucumber.java:37)
      	at org.junit.runners.ParentRunner$3.run(ParentRunner.java:290)
      	at org.junit.runners.ParentRunner$1.schedule(ParentRunner.java:71)
      	at org.junit.runners.ParentRunner.runChildren(ParentRunner.java:288)
      	at org.junit.runners.ParentRunner.access$000(ParentRunner.java:58)
      	at org.junit.runners.ParentRunner$2.evaluate(ParentRunner.java:268)
      	at org.junit.runners.ParentRunner.run(ParentRunner.java:363)
      	at cucumber.api.junit.Cucumber.run(Cucumber.java:98)
      	at org.apache.maven.surefire.junit4.JUnit4Provider.execute(JUnit4Provider.java:252)
      	at org.apache.maven.surefire.junit4.JUnit4Provider.executeTestSet(JUnit4Provider.java:141)
      	at org.apache.maven.surefire.junit4.JUnit4Provider.invoke(JUnit4Provider.java:112)
      	at sun.reflect.NativeMethodAccessorImpl.invoke0(Native Method)
      	at sun.reflect.NativeMethodAccessorImpl.invoke(NativeMethodAccessorImpl.java:62)
      	at sun.reflect.DelegatingMethodAccessorImpl.invoke(DelegatingMethodAccessorImpl.java:43)
      	at java.lang.reflect.Method.invoke(Method.java:498)
      	at org.apache.maven.surefire.util.ReflectionUtils.invokeMethodWithArray(ReflectionUtils.java:189)
      	at org.apache.maven.surefire.booter.ProviderFactory$ProviderProxy.invoke(ProviderFactory.java:165)
      	at org.apache.maven.surefire.booter.ProviderFactory.invokeProvider(ProviderFactory.java:85)
      	at org.apache.maven.surefire.booter.ForkedBooter.runSuitesInProcess(ForkedBooter.java:115)
      	at org.apache.maven.surefire.booter.ForkedBooter.main(ForkedBooter.java:75)
      &amp;#27;[0m
    &amp;#27;[36mWhen &amp;#27;[0m&amp;#27;[36mI query Cloudera Navigator for that workbook&apos;s metadata&amp;#27;[0m &amp;#27;[90m# WorkbookStepDefs.something_is_done()&amp;#27;[0m
    &amp;#27;[33mThen &amp;#27;[0m&amp;#27;[33mI should see Hive columns in the appropriate DB&amp;#27;[0m
#### DLAPDEV-135,
#### CURATE_DAILY_CASH.xlsx
Feature: Data is moved from the RAW to Curate zone and is tranformed according to onboarded workbook metadata

  Background: I have ingested the data set &quot;data set name or xlsx&quot; &amp;#27;[90m# se/ff/cc/Curate.feature:6&amp;#27;[0m
</system-out>
  </testcase>
  <testcase classname="Scenario: Data from the RAW zone should be completely ingested to the curate zone according to the metadata provided by the workbook." name="Scenario: Data from the RAW zone should be completely ingested to the curate zone according to the metadata provided by the workbook." time="0.002">
    <error message="org/apache/poi/xssf/usermodel/XSSFSheet" type="java.lang.NoClassDefFoundError">java.lang.NoClassDefFoundError: org/apache/poi/xssf/usermodel/XSSFSheet
	at java.lang.Class.getDeclaredMethods0(Native Method)
	at java.lang.Class.privateGetDeclaredMethods(Class.java:2701)
	at java.lang.Class.getDeclaredMethods(Class.java:1975)
	at com.google.inject.spi.InjectionPoint.getDeclaredMethods(InjectionPoint.java:766)
	at com.google.inject.spi.InjectionPoint.getInjectionPoints(InjectionPoint.java:683)
	at com.google.inject.spi.InjectionPoint.forInstanceMethodsAndFields(InjectionPoint.java:378)
	at com.google.inject.internal.ConstructorBindingImpl.getInternalDependencies(ConstructorBindingImpl.java:181)
	at com.google.inject.internal.InjectorImpl.getInternalDependencies(InjectorImpl.java:661)
	at com.google.inject.internal.InjectorImpl.cleanup(InjectorImpl.java:617)
	at com.google.inject.internal.InjectorImpl.initializeJitBinding(InjectorImpl.java:603)
	at com.google.inject.internal.InjectorImpl.createJustInTimeBinding(InjectorImpl.java:932)
	at com.google.inject.internal.InjectorImpl.createJustInTimeBindingRecursive(InjectorImpl.java:852)
	at com.google.inject.internal.InjectorImpl.getJustInTimeBinding(InjectorImpl.java:291)
	at com.google.inject.internal.InjectorImpl.getBindingOrThrow(InjectorImpl.java:222)
	at com.google.inject.internal.InjectorImpl.getProviderOrThrow(InjectorImpl.java:1040)
	at com.google.inject.internal.InjectorImpl.getProvider(InjectorImpl.java:1071)
	at com.google.inject.internal.InjectorImpl.getProvider(InjectorImpl.java:1034)
	at com.google.inject.internal.InjectorImpl.getInstance(InjectorImpl.java:1086)
	at com.prft.cif.guice.inject.CIFInjector.getInstance(CIFInjector.java:38)
	at com.prft.cif.guice.inject.CIFInjector.createInstance(CIFInjector.java:52)
	at se.ff.cc.CurateStepDefs.some_start_condition(CurateStepDefs.java:41)
	at ✽.Given a data set in the RAW zone and its counterpart in the curate zone(se/ff/cc/Curate.feature:9)
Caused by: java.lang.ClassNotFoundException: org.apache.poi.xssf.usermodel.XSSFSheet
	at java.net.URLClassLoader.findClass(URLClassLoader.java:381)
	at java.lang.ClassLoader.loadClass(ClassLoader.java:424)
	at sun.misc.Launcher$AppClassLoader.loadClass(Launcher.java:331)
	at java.lang.ClassLoader.loadClass(ClassLoader.java:357)
	at java.lang.Class.getDeclaredMethods0(Native Method)
	at java.lang.Class.privateGetDeclaredMethods(Class.java:2701)
	at java.lang.Class.getDeclaredMethods(Class.java:1975)
	at com.google.inject.spi.InjectionPoint.getDeclaredMethods(InjectionPoint.java:766)
	at com.google.inject.spi.InjectionPoint.getInjectionPoints(InjectionPoint.java:683)
	at com.google.inject.spi.InjectionPoint.forInstanceMethodsAndFields(InjectionPoint.java:378)
	at com.google.inject.internal.ConstructorBindingImpl.getInternalDependencies(ConstructorBindingImpl.java:181)
	at com.google.inject.internal.InjectorImpl.getInternalDependencies(InjectorImpl.java:661)
	at com.google.inject.internal.InjectorImpl.cleanup(InjectorImpl.java:617)
	at com.google.inject.internal.InjectorImpl.initializeJitBinding(InjectorImpl.java:603)
	at com.google.inject.internal.InjectorImpl.createJustInTimeBinding(InjectorImpl.java:932)
	at com.google.inject.internal.InjectorImpl.createJustInTimeBindingRecursive(InjectorImpl.java:852)
	at com.google.inject.internal.InjectorImpl.getJustInTimeBinding(InjectorImpl.java:291)
	at com.google.inject.internal.InjectorImpl.getBindingOrThrow(InjectorImpl.java:222)
	at com.google.inject.internal.InjectorImpl.getProviderOrThrow(InjectorImpl.java:1040)
	at com.google.inject.internal.InjectorImpl.getProvider(InjectorImpl.java:1071)
	at com.google.inject.internal.InjectorImpl.getProvider(InjectorImpl.java:1034)
	at com.google.inject.internal.InjectorImpl.getInstance(InjectorImpl.java:1086)
	at com.prft.cif.guice.inject.CIFInjector.getInstance(CIFInjector.java:38)
	at com.prft.cif.guice.inject.CIFInjector.createInstance(CIFInjector.java:52)
	at se.ff.cc.CurateStepDefs.some_start_condition(CurateStepDefs.java:41)
	at sun.reflect.NativeMethodAccessorImpl.invoke0(Native Method)
	at sun.reflect.NativeMethodAccessorImpl.invoke(NativeMethodAccessorImpl.java:62)
	at sun.reflect.DelegatingMethodAccessorImpl.invoke(DelegatingMethodAccessorImpl.java:43)
	at java.lang.reflect.Method.invoke(Method.java:498)
	at cucumber.runtime.Utils$1.call(Utils.java:37)
	at cucumber.runtime.Timeout.timeout(Timeout.java:13)
	at cucumber.runtime.Utils.invoke(Utils.java:31)
	at cucumber.runtime.java.JavaStepDefinition.execute(JavaStepDefinition.java:38)
	at cucumber.runtime.StepDefinitionMatch.runStep(StepDefinitionMatch.java:37)
	at cucumber.runtime.Runtime.runStep(Runtime.java:299)
	at cucumber.runtime.model.StepContainer.runStep(StepContainer.java:44)
	at cucumber.runtime.model.StepContainer.runSteps(StepContainer.java:39)
	at cucumber.runtime.model.CucumberScenario.run(CucumberScenario.java:44)
	at cucumber.runtime.junit.ExecutionUnitRunner.run(ExecutionUnitRunner.java:91)
	at cucumber.runtime.junit.FeatureRunner.runChild(FeatureRunner.java:63)
	at cucumber.runtime.junit.FeatureRunner.runChild(FeatureRunner.java:18)
	at org.junit.runners.ParentRunner$3.run(ParentRunner.java:290)
	at org.junit.runners.ParentRunner$1.schedule(ParentRunner.java:71)
	at org.junit.runners.ParentRunner.runChildren(ParentRunner.java:288)
	at org.junit.runners.ParentRunner.access$000(ParentRunner.java:58)
	at org.junit.runners.ParentRunner$2.evaluate(ParentRunner.java:268)
	at org.junit.runners.ParentRunner.run(ParentRunner.java:363)
	at cucumber.runtime.junit.FeatureRunner.run(FeatureRunner.java:70)
	at cucumber.api.junit.Cucumber.runChild(Cucumber.java:93)
	at cucumber.api.junit.Cucumber.runChild(Cucumber.java:37)
	at org.junit.runners.ParentRunner$3.run(ParentRunner.java:290)
	at org.junit.runners.ParentRunner$1.schedule(ParentRunner.java:71)
	at org.junit.runners.ParentRunner.runChildren(ParentRunner.java:288)
	at org.junit.runners.ParentRunner.access$000(ParentRunner.java:58)
	at org.junit.runners.ParentRunner$2.evaluate(ParentRunner.java:268)
	at org.junit.runners.ParentRunner.run(ParentRunner.java:363)
	at cucumber.api.junit.Cucumber.run(Cucumber.java:98)
	at org.apache.maven.surefire.junit4.JUnit4Provider.execute(JUnit4Provider.java:252)
	at org.apache.maven.surefire.junit4.JUnit4Provider.executeTestSet(JUnit4Provider.java:141)
	at org.apache.maven.surefire.junit4.JUnit4Provider.invoke(JUnit4Provider.java:112)
	at sun.reflect.NativeMethodAccessorImpl.invoke0(Native Method)
	at sun.reflect.NativeMethodAccessorImpl.invoke(NativeMethodAccessorImpl.java:62)
	at sun.reflect.DelegatingMethodAccessorImpl.invoke(DelegatingMethodAccessorImpl.java:43)
	at java.lang.reflect.Method.invoke(Method.java:498)
	at org.apache.maven.surefire.util.ReflectionUtils.invokeMethodWithArray(ReflectionUtils.java:189)
	at org.apache.maven.surefire.booter.ProviderFactory$ProviderProxy.invoke(ProviderFactory.java:165)
	at org.apache.maven.surefire.booter.ProviderFactory.invokeProvider(ProviderFactory.java:85)
	at org.apache.maven.surefire.booter.ForkedBooter.runSuitesInProcess(ForkedBooter.java:115)
	at org.apache.maven.surefire.booter.ForkedBooter.main(ForkedBooter.java:75)
</error>
  </testcase>
  <testcase classname="Scenario: Data from the RAW zone should be completely ingested to the curate zone according to the metadata provided by the workbook." name="When I query Cloudera Navigator for the data set&apos;s onboarded workbook metadata" time="0.002">
    <skipped/>
  </testcase>
  <testcase classname="Scenario: Data from the RAW zone should be completely ingested to the curate zone according to the metadata provided by the workbook." name="Then fields flagged for encryption in the metadata should be actually encrypted in the curate zone" time="0.002">
    <skipped/>
  </testcase>
  <testcase classname="Scenario: Fields flagged for encryption by the workbook should be encrypted in the target zone." name="Given a data set in the RAW zne and its counterpart in the curate zone" time="0.003">
    <skipped/>
    <system-out>
  Scenario: Data from the RAW zone should be completely ingested to the curate zone according to the metadata provided by the workbook. &amp;#27;[90m# se/ff/cc/Curate.feature:8&amp;#27;[0m
    &amp;#27;[31mGiven &amp;#27;[0m&amp;#27;[31ma data set in the RAW zone and its counterpart in the curate zone&amp;#27;[0m                                                             &amp;#27;[90m# CurateStepDefs.some_start_condition()&amp;#27;[0m
      &amp;#27;[31mjava.lang.NoClassDefFoundError: org/apache/poi/xssf/usermodel/XSSFSheet
      	at java.lang.Class.getDeclaredMethods0(Native Method)
      	at java.lang.Class.privateGetDeclaredMethods(Class.java:2701)
      	at java.lang.Class.getDeclaredMethods(Class.java:1975)
      	at com.google.inject.spi.InjectionPoint.getDeclaredMethods(InjectionPoint.java:766)
      	at com.google.inject.spi.InjectionPoint.getInjectionPoints(InjectionPoint.java:683)
      	at com.google.inject.spi.InjectionPoint.forInstanceMethodsAndFields(InjectionPoint.java:378)
      	at com.google.inject.internal.ConstructorBindingImpl.getInternalDependencies(ConstructorBindingImpl.java:181)
      	at com.google.inject.internal.InjectorImpl.getInternalDependencies(InjectorImpl.java:661)
      	at com.google.inject.internal.InjectorImpl.cleanup(InjectorImpl.java:617)
      	at com.google.inject.internal.InjectorImpl.initializeJitBinding(InjectorImpl.java:603)
      	at com.google.inject.internal.InjectorImpl.createJustInTimeBinding(InjectorImpl.java:932)
      	at com.google.inject.internal.InjectorImpl.createJustInTimeBindingRecursive(InjectorImpl.java:852)
      	at com.google.inject.internal.InjectorImpl.getJustInTimeBinding(InjectorImpl.java:291)
      	at com.google.inject.internal.InjectorImpl.getBindingOrThrow(InjectorImpl.java:222)
      	at com.google.inject.internal.InjectorImpl.getProviderOrThrow(InjectorImpl.java:1040)
      	at com.google.inject.internal.InjectorImpl.getProvider(InjectorImpl.java:1071)
      	at com.google.inject.internal.InjectorImpl.getProvider(InjectorImpl.java:1034)
      	at com.google.inject.internal.InjectorImpl.getInstance(InjectorImpl.java:1086)
      	at com.prft.cif.guice.inject.CIFInjector.getInstance(CIFInjector.java:38)
      	at com.prft.cif.guice.inject.CIFInjector.createInstance(CIFInjector.java:52)
      	at se.ff.cc.CurateStepDefs.some_start_condition(CurateStepDefs.java:41)
      	at ?.Given a data set in the RAW zone and its counterpart in the curate zone(se/ff/cc/Curate.feature:9)
      Caused by: java.lang.ClassNotFoundException: org.apache.poi.xssf.usermodel.XSSFSheet
      	at java.net.URLClassLoader.findClass(URLClassLoader.java:381)
      	at java.lang.ClassLoader.loadClass(ClassLoader.java:424)
      	at sun.misc.Launcher$AppClassLoader.loadClass(Launcher.java:331)
      	at java.lang.ClassLoader.loadClass(ClassLoader.java:357)
      	at java.lang.Class.getDeclaredMethods0(Native Method)
      	at java.lang.Class.privateGetDeclaredMethods(Class.java:2701)
      	at java.lang.Class.getDeclaredMethods(Class.java:1975)
      	at com.google.inject.spi.InjectionPoint.getDeclaredMethods(InjectionPoint.java:766)
      	at com.google.inject.spi.InjectionPoint.getInjectionPoints(InjectionPoint.java:683)
      	at com.google.inject.spi.InjectionPoint.forInstanceMethodsAndFields(InjectionPoint.java:378)
      	at com.google.inject.internal.ConstructorBindingImpl.getInternalDependencies(ConstructorBindingImpl.java:181)
      	at com.google.inject.internal.InjectorImpl.getInternalDependencies(InjectorImpl.java:661)
      	at com.google.inject.internal.InjectorImpl.cleanup(InjectorImpl.java:617)
      	at com.google.inject.internal.InjectorImpl.initializeJitBinding(InjectorImpl.java:603)
      	at com.google.inject.internal.InjectorImpl.createJustInTimeBinding(InjectorImpl.java:932)
      	at com.google.inject.internal.InjectorImpl.createJustInTimeBindingRecursive(InjectorImpl.java:852)
      	at com.google.inject.internal.InjectorImpl.getJustInTimeBinding(InjectorImpl.java:291)
      	at com.google.inject.internal.InjectorImpl.getBindingOrThrow(InjectorImpl.java:222)
      	at com.google.inject.internal.InjectorImpl.getProviderOrThrow(InjectorImpl.java:1040)
      	at com.google.inject.internal.InjectorImpl.getProvider(InjectorImpl.java:1071)
      	at com.google.inject.internal.InjectorImpl.getProvider(InjectorImpl.java:1034)
      	at com.google.inject.internal.InjectorImpl.getInstance(InjectorImpl.java:1086)
      	at com.prft.cif.guice.inject.CIFInjector.getInstance(CIFInjector.java:38)
      	at com.prft.cif.guice.inject.CIFInjector.createInstance(CIFInjector.java:52)
      	at se.ff.cc.CurateStepDefs.some_start_condition(CurateStepDefs.java:41)
      	at sun.reflect.NativeMethodAccessorImpl.invoke0(Native Method)
      	at sun.reflect.NativeMethodAccessorImpl.invoke(NativeMethodAccessorImpl.java:62)
      	at sun.reflect.DelegatingMethodAccessorImpl.invoke(DelegatingMethodAccessorImpl.java:43)
      	at java.lang.reflect.Method.invoke(Method.java:498)
      	at cucumber.runtime.Utils$1.call(Utils.java:37)
      	at cucumber.runtime.Timeout.timeout(Timeout.java:13)
      	at cucumber.runtime.Utils.invoke(Utils.java:31)
      	at cucumber.runtime.java.JavaStepDefinition.execute(JavaStepDefinition.java:38)
      	at cucumber.runtime.StepDefinitionMatch.runStep(StepDefinitionMatch.java:37)
      	at cucumber.runtime.Runtime.runStep(Runtime.java:299)
      	at cucumber.runtime.model.StepContainer.runStep(StepContainer.java:44)
      	at cucumber.runtime.model.StepContainer.runSteps(StepContainer.java:39)
      	at cucumber.runtime.model.CucumberScenario.run(CucumberScenario.java:44)
      	at cucumber.runtime.junit.ExecutionUnitRunner.run(ExecutionUnitRunner.java:91)
      	at cucumber.runtime.junit.FeatureRunner.runChild(FeatureRunner.java:63)
      	at cucumber.runtime.junit.FeatureRunner.runChild(FeatureRunner.java:18)
      	at org.junit.runners.ParentRunner$3.run(ParentRunner.java:290)
      	at org.junit.runners.ParentRunner$1.schedule(ParentRunner.java:71)
      	at org.junit.runners.ParentRunner.runChildren(ParentRunner.java:288)
      	at org.junit.runners.ParentRunner.access$000(ParentRunner.java:58)
      	at org.junit.runners.ParentRunner$2.evaluate(ParentRunner.java:268)
      	at org.junit.runners.ParentRunner.run(ParentRunner.java:363)
      	at cucumber.runtime.junit.FeatureRunner.run(FeatureRunner.java:70)
      	at cucumber.api.junit.Cucumber.runChild(Cucumber.java:93)
      	at cucumber.api.junit.Cucumber.runChild(Cucumber.java:37)
      	at org.junit.runners.ParentRunner$3.run(ParentRunner.java:290)
      	at org.junit.runners.ParentRunner$1.schedule(ParentRunner.java:71)
      	at org.junit.runners.ParentRunner.runChildren(ParentRunner.java:288)
      	at org.junit.runners.ParentRunner.access$000(ParentRunner.java:58)
      	at org.junit.runners.ParentRunner$2.evaluate(ParentRunner.java:268)
      	at org.junit.runners.ParentRunner.run(ParentRunner.java:363)
      	at cucumber.api.junit.Cucumber.run(Cucumber.java:98)
      	at org.apache.maven.surefire.junit4.JUnit4Provider.execute(JUnit4Provider.java:252)
      	at org.apache.maven.surefire.junit4.JUnit4Provider.executeTestSet(JUnit4Provider.java:141)
      	at org.apache.maven.surefire.junit4.JUnit4Provider.invoke(JUnit4Provider.java:112)
      	at sun.reflect.NativeMethodAccessorImpl.invoke0(Native Method)
      	at sun.reflect.NativeMethodAccessorImpl.invoke(NativeMethodAccessorImpl.java:62)
      	at sun.reflect.DelegatingMethodAccessorImpl.invoke(DelegatingMethodAccessorImpl.java:43)
      	at java.lang.reflect.Method.invoke(Method.java:498)
      	at org.apache.maven.surefire.util.ReflectionUtils.invokeMethodWithArray(ReflectionUtils.java:189)
      	at org.apache.maven.surefire.booter.ProviderFactory$ProviderProxy.invoke(ProviderFactory.java:165)
      	at org.apache.maven.surefire.booter.ProviderFactory.invokeProvider(ProviderFactory.java:85)
      	at org.apache.maven.surefire.booter.ForkedBooter.runSuitesInProcess(ForkedBooter.java:115)
      	at org.apache.maven.surefire.booter.ForkedBooter.main(ForkedBooter.java:75)
      &amp;#27;[0m
    &amp;#27;[36mWhen &amp;#27;[0m&amp;#27;[36mI query Cloudera Navigator for the data set&apos;s onboarded workbook metadata&amp;#27;[0m                                                      &amp;#27;[90m# CurateStepDefs.something_is_done()&amp;#27;[0m
    &amp;#27;[36mThen &amp;#27;[0m&amp;#27;[36mfields flagged for encryption in the metadata should be actually encrypted in the curate zone&amp;#27;[0m                                  &amp;#27;[90m# CurateStepDefs.something_should_happen()&amp;#27;[0m

  Background: I have ingested the data set &quot;data set name or xlsx&quot; &amp;#27;[90m# se/ff/cc/Curate.feature:6&amp;#27;[0m
</system-out>
  </testcase>
  <testcase classname="Scenario: Fields flagged for encryption by the workbook should be encrypted in the target zone." name="When I select rows with columns flagged for encryption" time="0.005">
    <skipped/>
  </testcase>
  <testcase classname="Scenario: Fields flagged for encryption by the workbook should be encrypted in the target zone." name="Then fields flagged for encryption in the metdata should be actually encrypted in the curate zone" time="0.005">
    <skipped/>
  </testcase>
  <testcase classname="Scenario: Fields flagged for encryption by the workbook should be encrypted in the target zone." name="Scenario: Fields flagged for encryption by the workbook should be encrypted in the target zone." time="0.005">
    <skipped/>
  </testcase>
  <testcase classname="Scenario: Fields flagged for encryption by the workbook should be encrypted in the target zone." name="Scenario: Fields flagged for encryption by the workbook should be encrypted in the target zone." time="0.005"/>
  <testcase classname="Scenario: The record count in the curate zone data set should match the record count in the RAW file." name="Given a data set in the RAW zne and its counterpart in the curate zone" time="0.001">
    <skipped/>
    <system-out>
  Scenario: Fields flagged for encryption by the workbook should be encrypted in the target zone.     &amp;#27;[90m# se/ff/cc/Curate.feature:13&amp;#27;[0m
    &amp;#27;[33mGiven &amp;#27;[0m&amp;#27;[33ma data set in the RAW zne and its counterpart in the curate zone&amp;#27;[0m
    &amp;#27;[33mWhen &amp;#27;[0m&amp;#27;[33mI select rows with columns flagged for encryption&amp;#27;[0m
    &amp;#27;[33mThen &amp;#27;[0m&amp;#27;[33mfields flagged for encryption in the metdata should be actually encrypted in the curate zone&amp;#27;[0m

  Background: I have ingested the data set &quot;data set name or xlsx&quot; &amp;#27;[90m# se/ff/cc/Curate.feature:6&amp;#27;[0m
</system-out>
  </testcase>
  <testcase classname="Scenario: The record count in the curate zone data set should match the record count in the RAW file." name="When I query Hive for the record count" time="0.001">
    <skipped/>
  </testcase>
  <testcase classname="Scenario: The record count in the curate zone data set should match the record count in the RAW file." name="Then the record count should match the record count of the file in the RAW zone" time="0.001">
    <skipped/>
  </testcase>
  <testcase classname="Scenario: The record count in the curate zone data set should match the record count in the RAW file." name="Scenario: The record count in the curate zone data set should match the record count in the RAW file." time="0.002">
    <skipped/>
  </testcase>
  <testcase classname="Scenario: The record count in the curate zone data set should match the record count in the RAW file." name="Scenario: The record count in the curate zone data set should match the record count in the RAW file." time="0.002"/>
  <testcase classname="Scenario: Rows in the Curate zone data set should have columns per the workbook." name="Given a data set in the RW zone and its counterpart in the curate zone" time="0">
    <skipped/>
    <system-out>
  ###   Row counting is problematic - design review needed
  Scenario: The record count in the curate zone data set should match the record count in the RAW file. &amp;#27;[90m# se/ff/cc/Curate.feature:19&amp;#27;[0m
    &amp;#27;[33mGiven &amp;#27;[0m&amp;#27;[33ma data set in the RAW zne and its counterpart in the curate zone&amp;#27;[0m
    &amp;#27;[33mWhen &amp;#27;[0m&amp;#27;[33mI query Hive for the record count&amp;#27;[0m
    &amp;#27;[33mThen &amp;#27;[0m&amp;#27;[33mthe record count should match the record count of the file in the RAW zone&amp;#27;[0m

  Background: I have ingested the data set &quot;data set name or xlsx&quot; &amp;#27;[90m# se/ff/cc/Curate.feature:6&amp;#27;[0m
</system-out>
  </testcase>
  <testcase classname="Scenario: Rows in the Curate zone data set should have columns per the workbook." name="When I query Cloudera Naviator for the data set&apos;s onboarded workbook metadata" time="0">
    <skipped/>
  </testcase>
  <testcase classname="Scenario: Rows in the Curate zone data set should have columns per the workbook." name="Then fields flagged for encrption in the metadata should be actually encrypted in the curate zone" time="0">
    <skipped/>
  </testcase>
  <testcase classname="Scenario: Rows in the Curate zone data set should have columns per the workbook." name="Scenario: Rows in the Curate zone data set should have columns per the workbook." time="0.001">
    <skipped/>
  </testcase>
  <testcase classname="Scenario: Rows in the Curate zone data set should have columns per the workbook." name="Scenario: Rows in the Curate zone data set should have columns per the workbook." time="0.001"/>
  <testcase classname="Scenario: Rows in the Curate zone data set should be transformed correctly." name="Given a data set in the RAW zne and its counterpart in the curate zone" time="0">
    <skipped/>
    <system-out>
  Scenario: Rows in the Curate zone data set should have columns per the workbook.                    &amp;#27;[90m# se/ff/cc/Curate.feature:25&amp;#27;[0m
    &amp;#27;[33mGiven &amp;#27;[0m&amp;#27;[33ma data set in the RW zone and its counterpart in the curate zone&amp;#27;[0m
    &amp;#27;[33mWhen &amp;#27;[0m&amp;#27;[33mI query Cloudera Naviator for the data set&apos;s onboarded workbook metadata&amp;#27;[0m
    &amp;#27;[33mThen &amp;#27;[0m&amp;#27;[33mfields flagged for encrption in the metadata should be actually encrypted in the curate zone&amp;#27;[0m

  Background: I have ingested the data set &quot;data set name or xlsx&quot; &amp;#27;[90m# se/ff/cc/Curate.feature:6&amp;#27;[0m
</system-out>
  </testcase>
  <testcase classname="Scenario: Rows in the Curate zone data set should be transformed correctly." name="When I query Hive for data rows containing columns that required transform" time="0">
    <skipped/>
  </testcase>
  <testcase classname="Scenario: Rows in the Curate zone data set should be transformed correctly." name="Then the data in the row/column should be tranformed correctly" time="0">
    <skipped/>
  </testcase>
  <testcase classname="Scenario: Rows in the Curate zone data set should be transformed correctly." name="Scenario: Rows in the Curate zone data set should be transformed correctly." time="0">
    <skipped/>
  </testcase>
  <testcase classname="Scenario: Rows in the Curate zone data set should be transformed correctly." name="Scenario: Rows in the Curate zone data set should be transformed correctly." time="0.001"/>
  <testcase classname="Scenario: RAW zone file transfer." name="Given I have parsed a workbook" time="0.049">
    <error message="org/apache/poi/xssf/usermodel/XSSFSheet" type="java.lang.NoClassDefFoundError">java.lang.NoClassDefFoundError: org/apache/poi/xssf/usermodel/XSSFSheet
	at java.lang.Class.getDeclaredMethods0(Native Method)
	at java.lang.Class.privateGetDeclaredMethods(Class.java:2701)
	at java.lang.Class.getDeclaredMethods(Class.java:1975)
	at com.google.inject.spi.InjectionPoint.getDeclaredMethods(InjectionPoint.java:766)
	at com.google.inject.spi.InjectionPoint.getInjectionPoints(InjectionPoint.java:683)
	at com.google.inject.spi.InjectionPoint.forInstanceMethodsAndFields(InjectionPoint.java:378)
	at com.google.inject.internal.ConstructorBindingImpl.getInternalDependencies(ConstructorBindingImpl.java:181)
	at com.google.inject.internal.InjectorImpl.getInternalDependencies(InjectorImpl.java:661)
	at com.google.inject.internal.InjectorImpl.cleanup(InjectorImpl.java:617)
	at com.google.inject.internal.InjectorImpl.initializeJitBinding(InjectorImpl.java:603)
	at com.google.inject.internal.InjectorImpl.createJustInTimeBinding(InjectorImpl.java:932)
	at com.google.inject.internal.InjectorImpl.createJustInTimeBindingRecursive(InjectorImpl.java:852)
	at com.google.inject.internal.InjectorImpl.getJustInTimeBinding(InjectorImpl.java:291)
	at com.google.inject.internal.InjectorImpl.getBindingOrThrow(InjectorImpl.java:222)
	at com.google.inject.internal.InjectorImpl.getProviderOrThrow(InjectorImpl.java:1040)
	at com.google.inject.internal.InjectorImpl.getProvider(InjectorImpl.java:1071)
	at com.google.inject.internal.InjectorImpl.getProvider(InjectorImpl.java:1034)
	at com.google.inject.internal.InjectorImpl.getInstance(InjectorImpl.java:1086)
	at com.prft.cif.guice.inject.CIFInjector.getInstance(CIFInjector.java:38)
	at com.prft.cif.guice.inject.CIFInjector.createInstance(CIFInjector.java:52)
	at se.ff.cc.WorkbookStepDefs.some_start_condition(WorkbookStepDefs.java:40)
	at ✽.Given I have parsed a workbook(se/ff/cc/Curate.feature:40)
Caused by: java.lang.ClassNotFoundException: org.apache.poi.xssf.usermodel.XSSFSheet
	at java.net.URLClassLoader.findClass(URLClassLoader.java:381)
	at java.lang.ClassLoader.loadClass(ClassLoader.java:424)
	at sun.misc.Launcher$AppClassLoader.loadClass(Launcher.java:331)
	at java.lang.ClassLoader.loadClass(ClassLoader.java:357)
	at java.lang.Class.getDeclaredMethods0(Native Method)
	at java.lang.Class.privateGetDeclaredMethods(Class.java:2701)
	at java.lang.Class.getDeclaredMethods(Class.java:1975)
	at com.google.inject.spi.InjectionPoint.getDeclaredMethods(InjectionPoint.java:766)
	at com.google.inject.spi.InjectionPoint.getInjectionPoints(InjectionPoint.java:683)
	at com.google.inject.spi.InjectionPoint.forInstanceMethodsAndFields(InjectionPoint.java:378)
	at com.google.inject.internal.ConstructorBindingImpl.getInternalDependencies(ConstructorBindingImpl.java:181)
	at com.google.inject.internal.InjectorImpl.getInternalDependencies(InjectorImpl.java:661)
	at com.google.inject.internal.InjectorImpl.cleanup(InjectorImpl.java:617)
	at com.google.inject.internal.InjectorImpl.initializeJitBinding(InjectorImpl.java:603)
	at com.google.inject.internal.InjectorImpl.createJustInTimeBinding(InjectorImpl.java:932)
	at com.google.inject.internal.InjectorImpl.createJustInTimeBindingRecursive(InjectorImpl.java:852)
	at com.google.inject.internal.InjectorImpl.getJustInTimeBinding(InjectorImpl.java:291)
	at com.google.inject.internal.InjectorImpl.getBindingOrThrow(InjectorImpl.java:222)
	at com.google.inject.internal.InjectorImpl.getProviderOrThrow(InjectorImpl.java:1040)
	at com.google.inject.internal.InjectorImpl.getProvider(InjectorImpl.java:1071)
	at com.google.inject.internal.InjectorImpl.getProvider(InjectorImpl.java:1034)
	at com.google.inject.internal.InjectorImpl.getInstance(InjectorImpl.java:1086)
	at com.prft.cif.guice.inject.CIFInjector.getInstance(CIFInjector.java:38)
	at com.prft.cif.guice.inject.CIFInjector.createInstance(CIFInjector.java:52)
	at se.ff.cc.WorkbookStepDefs.some_start_condition(WorkbookStepDefs.java:40)
	at sun.reflect.NativeMethodAccessorImpl.invoke0(Native Method)
	at sun.reflect.NativeMethodAccessorImpl.invoke(NativeMethodAccessorImpl.java:62)
	at sun.reflect.DelegatingMethodAccessorImpl.invoke(DelegatingMethodAccessorImpl.java:43)
	at java.lang.reflect.Method.invoke(Method.java:498)
	at cucumber.runtime.Utils$1.call(Utils.java:37)
	at cucumber.runtime.Timeout.timeout(Timeout.java:13)
	at cucumber.runtime.Utils.invoke(Utils.java:31)
	at cucumber.runtime.java.JavaStepDefinition.execute(JavaStepDefinition.java:38)
	at cucumber.runtime.StepDefinitionMatch.runStep(StepDefinitionMatch.java:37)
	at cucumber.runtime.Runtime.runStep(Runtime.java:299)
	at cucumber.runtime.model.StepContainer.runStep(StepContainer.java:44)
	at cucumber.runtime.model.StepContainer.runSteps(StepContainer.java:39)
	at cucumber.runtime.model.CucumberScenario.run(CucumberScenario.java:44)
	at cucumber.runtime.junit.ExecutionUnitRunner.run(ExecutionUnitRunner.java:91)
	at cucumber.runtime.junit.FeatureRunner.runChild(FeatureRunner.java:63)
	at cucumber.runtime.junit.FeatureRunner.runChild(FeatureRunner.java:18)
	at org.junit.runners.ParentRunner$3.run(ParentRunner.java:290)
	at org.junit.runners.ParentRunner$1.schedule(ParentRunner.java:71)
	at org.junit.runners.ParentRunner.runChildren(ParentRunner.java:288)
	at org.junit.runners.ParentRunner.access$000(ParentRunner.java:58)
	at org.junit.runners.ParentRunner$2.evaluate(ParentRunner.java:268)
	at org.junit.runners.ParentRunner.run(ParentRunner.java:363)
	at cucumber.runtime.junit.FeatureRunner.run(FeatureRunner.java:70)
	at cucumber.api.junit.Cucumber.runChild(Cucumber.java:93)
	at cucumber.api.junit.Cucumber.runChild(Cucumber.java:37)
	at org.junit.runners.ParentRunner$3.run(ParentRunner.java:290)
	at org.junit.runners.ParentRunner$1.schedule(ParentRunner.java:71)
	at org.junit.runners.ParentRunner.runChildren(ParentRunner.java:288)
	at org.junit.runners.ParentRunner.access$000(ParentRunner.java:58)
	at org.junit.runners.ParentRunner$2.evaluate(ParentRunner.java:268)
	at org.junit.runners.ParentRunner.run(ParentRunner.java:363)
	at cucumber.api.junit.Cucumber.run(Cucumber.java:98)
	at org.apache.maven.surefire.junit4.JUnit4Provider.execute(JUnit4Provider.java:252)
	at org.apache.maven.surefire.junit4.JUnit4Provider.executeTestSet(JUnit4Provider.java:141)
	at org.apache.maven.surefire.junit4.JUnit4Provider.invoke(JUnit4Provider.java:112)
	at sun.reflect.NativeMethodAccessorImpl.invoke0(Native Method)
	at sun.reflect.NativeMethodAccessorImpl.invoke(NativeMethodAccessorImpl.java:62)
	at sun.reflect.DelegatingMethodAccessorImpl.invoke(DelegatingMethodAccessorImpl.java:43)
	at java.lang.reflect.Method.invoke(Method.java:498)
	at org.apache.maven.surefire.util.ReflectionUtils.invokeMethodWithArray(ReflectionUtils.java:189)
	at org.apache.maven.surefire.booter.ProviderFactory$ProviderProxy.invoke(ProviderFactory.java:165)
	at org.apache.maven.surefire.booter.ProviderFactory.invokeProvider(ProviderFactory.java:85)
	at org.apache.maven.surefire.booter.ForkedBooter.runSuitesInProcess(ForkedBooter.java:115)
	at org.apache.maven.surefire.booter.ForkedBooter.main(ForkedBooter.java:75)
</error>
    <system-out>
  Scenario: Rows in the Curate zone data set should be transformed correctly.  &amp;#27;[90m# se/ff/cc/Curate.feature:31&amp;#27;[0m
    &amp;#27;[33mGiven &amp;#27;[0m&amp;#27;[33ma data set in the RAW zne and its counterpart in the curate zone&amp;#27;[0m
    &amp;#27;[33mWhen &amp;#27;[0m&amp;#27;[33mI query Hive for data rows containing columns that required transform&amp;#27;[0m
    &amp;#27;[33mThen &amp;#27;[0m&amp;#27;[33mthe data in the row/column should be tranformed correctly&amp;#27;[0m

  Background: I have ingested the data set &quot;data set name or xlsx&quot; &amp;#27;[90m# se/ff/cc/Curate.feature:6&amp;#27;[0m
</system-out>
  </testcase>
  <testcase classname="Scenario: RAW zone file transfer." name="Scenario: RAW zone file transfer." time="0.049">
    <error message="org/apache/poi/xssf/usermodel/XSSFSheet" type="java.lang.NoClassDefFoundError">java.lang.NoClassDefFoundError: org/apache/poi/xssf/usermodel/XSSFSheet
	at java.lang.Class.getDeclaredMethods0(Native Method)
	at java.lang.Class.privateGetDeclaredMethods(Class.java:2701)
	at java.lang.Class.getDeclaredMethods(Class.java:1975)
	at com.google.inject.spi.InjectionPoint.getDeclaredMethods(InjectionPoint.java:766)
	at com.google.inject.spi.InjectionPoint.getInjectionPoints(InjectionPoint.java:683)
	at com.google.inject.spi.InjectionPoint.forInstanceMethodsAndFields(InjectionPoint.java:378)
	at com.google.inject.internal.ConstructorBindingImpl.getInternalDependencies(ConstructorBindingImpl.java:181)
	at com.google.inject.internal.InjectorImpl.getInternalDependencies(InjectorImpl.java:661)
	at com.google.inject.internal.InjectorImpl.cleanup(InjectorImpl.java:617)
	at com.google.inject.internal.InjectorImpl.initializeJitBinding(InjectorImpl.java:603)
	at com.google.inject.internal.InjectorImpl.createJustInTimeBinding(InjectorImpl.java:932)
	at com.google.inject.internal.InjectorImpl.createJustInTimeBindingRecursive(InjectorImpl.java:852)
	at com.google.inject.internal.InjectorImpl.getJustInTimeBinding(InjectorImpl.java:291)
	at com.google.inject.internal.InjectorImpl.getBindingOrThrow(InjectorImpl.java:222)
	at com.google.inject.internal.InjectorImpl.getProviderOrThrow(InjectorImpl.java:1040)
	at com.google.inject.internal.InjectorImpl.getProvider(InjectorImpl.java:1071)
	at com.google.inject.internal.InjectorImpl.getProvider(InjectorImpl.java:1034)
	at com.google.inject.internal.InjectorImpl.getInstance(InjectorImpl.java:1086)
	at com.prft.cif.guice.inject.CIFInjector.getInstance(CIFInjector.java:38)
	at com.prft.cif.guice.inject.CIFInjector.createInstance(CIFInjector.java:52)
	at se.ff.cc.WorkbookStepDefs.some_start_condition(WorkbookStepDefs.java:40)
	at ✽.Given I have parsed a workbook(se/ff/cc/Curate.feature:40)
Caused by: java.lang.ClassNotFoundException: org.apache.poi.xssf.usermodel.XSSFSheet
	at java.net.URLClassLoader.findClass(URLClassLoader.java:381)
	at java.lang.ClassLoader.loadClass(ClassLoader.java:424)
	at sun.misc.Launcher$AppClassLoader.loadClass(Launcher.java:331)
	at java.lang.ClassLoader.loadClass(ClassLoader.java:357)
	at java.lang.Class.getDeclaredMethods0(Native Method)
	at java.lang.Class.privateGetDeclaredMethods(Class.java:2701)
	at java.lang.Class.getDeclaredMethods(Class.java:1975)
	at com.google.inject.spi.InjectionPoint.getDeclaredMethods(InjectionPoint.java:766)
	at com.google.inject.spi.InjectionPoint.getInjectionPoints(InjectionPoint.java:683)
	at com.google.inject.spi.InjectionPoint.forInstanceMethodsAndFields(InjectionPoint.java:378)
	at com.google.inject.internal.ConstructorBindingImpl.getInternalDependencies(ConstructorBindingImpl.java:181)
	at com.google.inject.internal.InjectorImpl.getInternalDependencies(InjectorImpl.java:661)
	at com.google.inject.internal.InjectorImpl.cleanup(InjectorImpl.java:617)
	at com.google.inject.internal.InjectorImpl.initializeJitBinding(InjectorImpl.java:603)
	at com.google.inject.internal.InjectorImpl.createJustInTimeBinding(InjectorImpl.java:932)
	at com.google.inject.internal.InjectorImpl.createJustInTimeBindingRecursive(InjectorImpl.java:852)
	at com.google.inject.internal.InjectorImpl.getJustInTimeBinding(InjectorImpl.java:291)
	at com.google.inject.internal.InjectorImpl.getBindingOrThrow(InjectorImpl.java:222)
	at com.google.inject.internal.InjectorImpl.getProviderOrThrow(InjectorImpl.java:1040)
	at com.google.inject.internal.InjectorImpl.getProvider(InjectorImpl.java:1071)
	at com.google.inject.internal.InjectorImpl.getProvider(InjectorImpl.java:1034)
	at com.google.inject.internal.InjectorImpl.getInstance(InjectorImpl.java:1086)
	at com.prft.cif.guice.inject.CIFInjector.getInstance(CIFInjector.java:38)
	at com.prft.cif.guice.inject.CIFInjector.createInstance(CIFInjector.java:52)
	at se.ff.cc.WorkbookStepDefs.some_start_condition(WorkbookStepDefs.java:40)
	at sun.reflect.NativeMethodAccessorImpl.invoke0(Native Method)
	at sun.reflect.NativeMethodAccessorImpl.invoke(NativeMethodAccessorImpl.java:62)
	at sun.reflect.DelegatingMethodAccessorImpl.invoke(DelegatingMethodAccessorImpl.java:43)
	at java.lang.reflect.Method.invoke(Method.java:498)
	at cucumber.runtime.Utils$1.call(Utils.java:37)
	at cucumber.runtime.Timeout.timeout(Timeout.java:13)
	at cucumber.runtime.Utils.invoke(Utils.java:31)
	at cucumber.runtime.java.JavaStepDefinition.execute(JavaStepDefinition.java:38)
	at cucumber.runtime.StepDefinitionMatch.runStep(StepDefinitionMatch.java:37)
	at cucumber.runtime.Runtime.runStep(Runtime.java:299)
	at cucumber.runtime.model.StepContainer.runStep(StepContainer.java:44)
	at cucumber.runtime.model.StepContainer.runSteps(StepContainer.java:39)
	at cucumber.runtime.model.CucumberScenario.run(CucumberScenario.java:44)
	at cucumber.runtime.junit.ExecutionUnitRunner.run(ExecutionUnitRunner.java:91)
	at cucumber.runtime.junit.FeatureRunner.runChild(FeatureRunner.java:63)
	at cucumber.runtime.junit.FeatureRunner.runChild(FeatureRunner.java:18)
	at org.junit.runners.ParentRunner$3.run(ParentRunner.java:290)
	at org.junit.runners.ParentRunner$1.schedule(ParentRunner.java:71)
	at org.junit.runners.ParentRunner.runChildren(ParentRunner.java:288)
	at org.junit.runners.ParentRunner.access$000(ParentRunner.java:58)
	at org.junit.runners.ParentRunner$2.evaluate(ParentRunner.java:268)
	at org.junit.runners.ParentRunner.run(ParentRunner.java:363)
	at cucumber.runtime.junit.FeatureRunner.run(FeatureRunner.java:70)
	at cucumber.api.junit.Cucumber.runChild(Cucumber.java:93)
	at cucumber.api.junit.Cucumber.runChild(Cucumber.java:37)
	at org.junit.runners.ParentRunner$3.run(ParentRunner.java:290)
	at org.junit.runners.ParentRunner$1.schedule(ParentRunner.java:71)
	at org.junit.runners.ParentRunner.runChildren(ParentRunner.java:288)
	at org.junit.runners.ParentRunner.access$000(ParentRunner.java:58)
	at org.junit.runners.ParentRunner$2.evaluate(ParentRunner.java:268)
	at org.junit.runners.ParentRunner.run(ParentRunner.java:363)
	at cucumber.api.junit.Cucumber.run(Cucumber.java:98)
	at org.apache.maven.surefire.junit4.JUnit4Provider.execute(JUnit4Provider.java:252)
	at org.apache.maven.surefire.junit4.JUnit4Provider.executeTestSet(JUnit4Provider.java:141)
	at org.apache.maven.surefire.junit4.JUnit4Provider.invoke(JUnit4Provider.java:112)
	at sun.reflect.NativeMethodAccessorImpl.invoke0(Native Method)
	at sun.reflect.NativeMethodAccessorImpl.invoke(NativeMethodAccessorImpl.java:62)
	at sun.reflect.DelegatingMethodAccessorImpl.invoke(DelegatingMethodAccessorImpl.java:43)
	at java.lang.reflect.Method.invoke(Method.java:498)
	at org.apache.maven.surefire.util.ReflectionUtils.invokeMethodWithArray(ReflectionUtils.java:189)
	at org.apache.maven.surefire.booter.ProviderFactory$ProviderProxy.invoke(ProviderFactory.java:165)
	at org.apache.maven.surefire.booter.ProviderFactory.invokeProvider(ProviderFactory.java:85)
	at org.apache.maven.surefire.booter.ForkedBooter.runSuitesInProcess(ForkedBooter.java:115)
	at org.apache.maven.surefire.booter.ForkedBooter.main(ForkedBooter.java:75)
</error>
  </testcase>
  <testcase classname="Scenario: RAW zone file transfer." name="And I have a datafile" time="0.049">
    <skipped/>
  </testcase>
  <testcase classname="Scenario: RAW zone file transfer." name="When I query Cloudera Navigator for that dataset&apos;s metadata" time="0.049">
    <skipped/>
  </testcase>
  <testcase classname="Scenario: RAW zone file transfer." name="Then I should see the RAW file in the appropriate HDFS folder" time="0.049">
    <skipped/>
  </testcase>
  <testcase classname="Scenario: RAW zone file transfer." name="Scenario: RAW zone file transfer." time="0.049">
    <skipped/>
  </testcase>
  <testcase classname="Scenario: Bad data files result in an error being logged." name="Given an bad example raw file is processed all the way to the publish zone and I have an expected output xxx" time="0.004">
    <skipped/>
    <system-out>
  Scenario: RAW zone file transfer.                               &amp;#27;[90m# se/ff/cc/Curate.feature:39&amp;#27;[0m
    &amp;#27;[31mGiven &amp;#27;[0m&amp;#27;[31mI have parsed a workbook&amp;#27;[0m                                &amp;#27;[90m# WorkbookStepDefs.some_start_condition()&amp;#27;[0m
      &amp;#27;[31mjava.lang.NoClassDefFoundError: org/apache/poi/xssf/usermodel/XSSFSheet
      	at java.lang.Class.getDeclaredMethods0(Native Method)
      	at java.lang.Class.privateGetDeclaredMethods(Class.java:2701)
      	at java.lang.Class.getDeclaredMethods(Class.java:1975)
      	at com.google.inject.spi.InjectionPoint.getDeclaredMethods(InjectionPoint.java:766)
      	at com.google.inject.spi.InjectionPoint.getInjectionPoints(InjectionPoint.java:683)
      	at com.google.inject.spi.InjectionPoint.forInstanceMethodsAndFields(InjectionPoint.java:378)
      	at com.google.inject.internal.ConstructorBindingImpl.getInternalDependencies(ConstructorBindingImpl.java:181)
      	at com.google.inject.internal.InjectorImpl.getInternalDependencies(InjectorImpl.java:661)
      	at com.google.inject.internal.InjectorImpl.cleanup(InjectorImpl.java:617)
      	at com.google.inject.internal.InjectorImpl.initializeJitBinding(InjectorImpl.java:603)
      	at com.google.inject.internal.InjectorImpl.createJustInTimeBinding(InjectorImpl.java:932)
      	at com.google.inject.internal.InjectorImpl.createJustInTimeBindingRecursive(InjectorImpl.java:852)
      	at com.google.inject.internal.InjectorImpl.getJustInTimeBinding(InjectorImpl.java:291)
      	at com.google.inject.internal.InjectorImpl.getBindingOrThrow(InjectorImpl.java:222)
      	at com.google.inject.internal.InjectorImpl.getProviderOrThrow(InjectorImpl.java:1040)
      	at com.google.inject.internal.InjectorImpl.getProvider(InjectorImpl.java:1071)
      	at com.google.inject.internal.InjectorImpl.getProvider(InjectorImpl.java:1034)
      	at com.google.inject.internal.InjectorImpl.getInstance(InjectorImpl.java:1086)
      	at com.prft.cif.guice.inject.CIFInjector.getInstance(CIFInjector.java:38)
      	at com.prft.cif.guice.inject.CIFInjector.createInstance(CIFInjector.java:52)
      	at se.ff.cc.WorkbookStepDefs.some_start_condition(WorkbookStepDefs.java:40)
      	at ?.Given I have parsed a workbook(se/ff/cc/Curate.feature:40)
      Caused by: java.lang.ClassNotFoundException: org.apache.poi.xssf.usermodel.XSSFSheet
      	at java.net.URLClassLoader.findClass(URLClassLoader.java:381)
      	at java.lang.ClassLoader.loadClass(ClassLoader.java:424)
      	at sun.misc.Launcher$AppClassLoader.loadClass(Launcher.java:331)
      	at java.lang.ClassLoader.loadClass(ClassLoader.java:357)
      	at java.lang.Class.getDeclaredMethods0(Native Method)
      	at java.lang.Class.privateGetDeclaredMethods(Class.java:2701)
      	at java.lang.Class.getDeclaredMethods(Class.java:1975)
      	at com.google.inject.spi.InjectionPoint.getDeclaredMethods(InjectionPoint.java:766)
      	at com.google.inject.spi.InjectionPoint.getInjectionPoints(InjectionPoint.java:683)
      	at com.google.inject.spi.InjectionPoint.forInstanceMethodsAndFields(InjectionPoint.java:378)
[...]
	at java.lang.Class.getDeclaredMethods0(Native Method)
	at java.lang.Class.privateGetDeclaredMethods(Class.java:2701)
	at java.lang.Class.getDeclaredMethods(Class.java:1975)
	at com.google.inject.spi.InjectionPoint.getDeclaredMethods(InjectionPoint.java:766)
	at com.google.inject.spi.InjectionPoint.getInjectionPoints(InjectionPoint.java:683)
	at com.google.inject.spi.InjectionPoint.forInstanceMethodsAndFields(InjectionPoint.java:378)
	at com.google.inject.internal.ConstructorBindingImpl.getInternalDependencies(ConstructorBindingImpl.java:181)
	at com.google.inject.internal.InjectorImpl.getInternalDependencies(InjectorImpl.java:661)
	at com.google.inject.internal.InjectorImpl.cleanup(InjectorImpl.java:617)
	at com.google.inject.internal.InjectorImpl.initializeJitBinding(InjectorImpl.java:603)
	at com.google.inject.internal.InjectorImpl.createJustInTimeBinding(InjectorImpl.java:932)
	at com.google.inject.internal.InjectorImpl.createJustInTimeBindingRecursive(InjectorImpl.java:852)
	at com.google.inject.internal.InjectorImpl.getJustInTimeBinding(InjectorImpl.java:291)
	at com.google.inject.internal.InjectorImpl.getBindingOrThrow(InjectorImpl.java:222)
	at com.google.inject.internal.InjectorImpl.getProviderOrThrow(InjectorImpl.java:1040)
	at com.google.inject.internal.InjectorImpl.getProvider(InjectorImpl.java:1071)
	at com.google.inject.internal.InjectorImpl.getProvider(InjectorImpl.java:1034)
	at com.google.inject.internal.InjectorImpl.getInstance(InjectorImpl.java:1086)
	at com.prft.cif.guice.inject.CIFInjector.getInstance(CIFInjector.java:38)
	at com.prft.cif.guice.inject.CIFInjector.createInstance(CIFInjector.java:52)
	at se.ff.cc.WorkbookStepDefs.some_start_condition(WorkbookStepDefs.java:40)
	at ✽.Given I have parsed a workbook(se/ff/cc/workbook.feature:9)
Caused by: java.lang.ClassNotFoundException: org.apache.poi.xssf.usermodel.XSSFSheet
	at java.net.URLClassLoader.findClass(URLClassLoader.java:381)
	at java.lang.ClassLoader.loadClass(ClassLoader.java:424)
	at sun.misc.Launcher$AppClassLoader.loadClass(Launcher.java:331)
	at java.lang.ClassLoader.loadClass(ClassLoader.java:357)
	at java.lang.Class.getDeclaredMethods0(Native Method)
	at java.lang.Class.privateGetDeclaredMethods(Class.java:2701)
	at java.lang.Class.getDeclaredMethods(Class.java:1975)
	at com.google.inject.spi.InjectionPoint.getDeclaredMethods(InjectionPoint.java:766)
	at com.google.inject.spi.InjectionPoint.getInjectionPoints(InjectionPoint.java:683)
	at com.google.inject.spi.InjectionPoint.forInstanceMethodsAndFields(InjectionPoint.java:378)
	at com.google.inject.internal.ConstructorBindingImpl.getInternalDependencies(ConstructorBindingImpl.java:181)
	at com.google.inject.internal.InjectorImpl.getInternalDependencies(InjectorImpl.java:661)
	at com.google.inject.internal.InjectorImpl.cleanup(InjectorImpl.java:617)
	at com.google.inject.internal.InjectorImpl.initializeJitBinding(InjectorImpl.java:603)
	at com.google.inject.internal.InjectorImpl.createJustInTimeBinding(InjectorImpl.java:932)
	at com.google.inject.internal.InjectorImpl.createJustInTimeBindingRecursive(InjectorImpl.java:852)
	at com.google.inject.internal.InjectorImpl.getJustInTimeBinding(InjectorImpl.java:291)
	at com.google.inject.internal.InjectorImpl.getBindingOrThrow(InjectorImpl.java:222)
	at com.google.inject.internal.InjectorImpl.getProviderOrThrow(InjectorImpl.java:1040)
	at com.google.inject.internal.InjectorImpl.getProvider(InjectorImpl.java:1071)
	at com.google.inject.internal.InjectorImpl.getProvider(InjectorImpl.java:1034)
	at com.google.inject.internal.InjectorImpl.getInstance(InjectorImpl.java:1086)
	at com.prft.cif.guice.inject.CIFInjector.getInstance(CIFInjector.java:38)
	at com.prft.cif.guice.inject.CIFInjector.createInstance(CIFInjector.java:52)
	at se.ff.cc.WorkbookStepDefs.some_start_condition(WorkbookStepDefs.java:40)
	at sun.reflect.NativeMethodAccessorImpl.invoke0(Native Method)
	at sun.reflect.NativeMethodAccessorImpl.invoke(NativeMethodAccessorImpl.java:62)
	at sun.reflect.DelegatingMethodAccessorImpl.invoke(DelegatingMethodAccessorImpl.java:43)
	at java.lang.reflect.Method.invoke(Method.java:498)
	at cucumber.runtime.Utils$1.call(Utils.java:37)
	at cucumber.runtime.Timeout.timeout(Timeout.java:13)
	at cucumber.runtime.Utils.invoke(Utils.java:31)
	at cucumber.runtime.java.JavaStepDefinition.execute(JavaStepDefinition.java:38)
	at cucumber.runtime.StepDefinitionMatch.runStep(StepDefinitionMatch.java:37)
	at cucumber.runtime.Runtime.runStep(Runtime.java:299)
	at cucumber.runtime.model.StepContainer.runStep(StepContainer.java:44)
	at cucumber.runtime.model.StepContainer.runSteps(StepContainer.java:39)
	at cucumber.runtime.model.CucumberScenario.run(CucumberScenario.java:44)
	at cucumber.runtime.junit.ExecutionUnitRunner.run(ExecutionUnitRunner.java:91)
	at cucumber.runtime.junit.FeatureRunner.runChild(FeatureRunner.java:63)
	at cucumber.runtime.junit.FeatureRunner.runChild(FeatureRunner.java:18)
	at org.junit.runners.ParentRunner$3.run(ParentRunner.java:290)
	at org.junit.runners.ParentRunner$1.schedule(ParentRunner.java:71)
	at org.junit.runners.ParentRunner.runChildren(ParentRunner.java:288)
	at org.junit.runners.ParentRunner.access$000(ParentRunner.java:58)
	at org.junit.runners.ParentRunner$2.evaluate(ParentRunner.java:268)
	at org.junit.runners.ParentRunner.run(ParentRunner.java:363)
	at cucumber.runtime.junit.FeatureRunner.run(FeatureRunner.java:70)
	at cucumber.api.junit.Cucumber.runChild(Cucumber.java:93)
	at cucumber.api.junit.Cucumber.runChild(Cucumber.java:37)
	at org.junit.runners.ParentRunner$3.run(ParentRunner.java:290)
	at org.junit.runners.ParentRunner$1.schedule(ParentRunner.java:71)
	at org.junit.runners.ParentRunner.runChildren(ParentRunner.java:288)
	at org.junit.runners.ParentRunner.access$000(ParentRunner.java:58)
	at org.junit.runners.ParentRunner$2.evaluate(ParentRunner.java:268)
	at org.junit.runners.ParentRunner.run(ParentRunner.java:363)
	at cucumber.api.junit.Cucumber.run(Cucumber.java:98)
	at org.apache.maven.surefire.junit4.JUnit4Provider.execute(JUnit4Provider.java:252)
	at org.apache.maven.surefire.junit4.JUnit4Provider.executeTestSet(JUnit4Provider.java:141)
	at org.apache.maven.surefire.junit4.JUnit4Provider.invoke(JUnit4Provider.java:112)
	at sun.reflect.NativeMethodAccessorImpl.invoke0(Native Method)
	at sun.reflect.NativeMethodAccessorImpl.invoke(NativeMethodAccessorImpl.java:62)
	at sun.reflect.DelegatingMethodAccessorImpl.invoke(DelegatingMethodAccessorImpl.java:43)
	at java.lang.reflect.Method.invoke(Method.java:498)
	at org.apache.maven.surefire.util.ReflectionUtils.invokeMethodWithArray(ReflectionUtils.java:189)
	at org.apache.maven.surefire.booter.ProviderFactory$ProviderProxy.invoke(ProviderFactory.java:165)
	at org.apache.maven.surefire.booter.ProviderFactory.invokeProvider(ProviderFactory.java:85)
	at org.apache.maven.surefire.booter.ForkedBooter.runSuitesInProcess(ForkedBooter.java:115)
	at org.apache.maven.surefire.booter.ForkedBooter.main(ForkedBooter.java:75)
</error>
  </testcase>
  <testcase classname="Scenario: A workbook, parsed from an excel spreadsheet, should exist in Cloudera Navigator as metadata." name="When I query Cloudera Navigator for that workbook&apos;s metadata" time="0.001">
    <skipped/>
  </testcase>
  <testcase classname="Scenario: A workbook, parsed from an excel spreadsheet, should exist in Cloudera Navigator as metadata." name="Then it should match the parsed workbook" time="0.001">
    <skipped/>
  </testcase>
  <testcase classname="Scenario: Curate data set db creation." name="Given I have parsed a curate workbook" time="0.003">
    <skipped/>
    <system-out>
  Scenario: A workbook, parsed from an excel spreadsheet, should exist in Cloudera Navigator as metadata. &amp;#27;[90m# se/ff/cc/workbook.feature:8&amp;#27;[0m
    &amp;#27;[31mGiven &amp;#27;[0m&amp;#27;[31mI have parsed a workbook&amp;#27;[0m                                                                        &amp;#27;[90m# WorkbookStepDefs.some_start_condition()&amp;#27;[0m
      &amp;#27;[31mjava.lang.NoClassDefFoundError: org/apache/poi/xssf/usermodel/XSSFSheet
      	at java.lang.Class.getDeclaredMethods0(Native Method)
      	at java.lang.Class.privateGetDeclaredMethods(Class.java:2701)
      	at java.lang.Class.getDeclaredMethods(Class.java:1975)
      	at com.google.inject.spi.InjectionPoint.getDeclaredMethods(InjectionPoint.java:766)
      	at com.google.inject.spi.InjectionPoint.getInjectionPoints(InjectionPoint.java:683)
      	at com.google.inject.spi.InjectionPoint.forInstanceMethodsAndFields(InjectionPoint.java:378)
      	at com.google.inject.internal.ConstructorBindingImpl.getInternalDependencies(ConstructorBindingImpl.java:181)
      	at com.google.inject.internal.InjectorImpl.getInternalDependencies(InjectorImpl.java:661)
      	at com.google.inject.internal.InjectorImpl.cleanup(InjectorImpl.java:617)
      	at com.google.inject.internal.InjectorImpl.initializeJitBinding(InjectorImpl.java:603)
      	at com.google.inject.internal.InjectorImpl.createJustInTimeBinding(InjectorImpl.java:932)
      	at com.google.inject.internal.InjectorImpl.createJustInTimeBindingRecursive(InjectorImpl.java:852)
      	at com.google.inject.internal.InjectorImpl.getJustInTimeBinding(InjectorImpl.java:291)
      	at com.google.inject.internal.InjectorImpl.getBindingOrThrow(InjectorImpl.java:222)
      	at com.google.inject.internal.InjectorImpl.getProviderOrThrow(InjectorImpl.java:1040)
      	at com.google.inject.internal.InjectorImpl.getProvider(InjectorImpl.java:1071)
      	at com.google.inject.internal.InjectorImpl.getProvider(InjectorImpl.java:1034)
      	at com.google.inject.internal.InjectorImpl.getInstance(InjectorImpl.java:1086)
      	at com.prft.cif.guice.inject.CIFInjector.getInstance(CIFInjector.java:38)
      	at com.prft.cif.guice.inject.CIFInjector.createInstance(CIFInjector.java:52)
      	at se.ff.cc.WorkbookStepDefs.some_start_condition(WorkbookStepDefs.java:40)
      	at ?.Given I have parsed a workbook(se/ff/cc/workbook.feature:9)
      Caused by: java.lang.ClassNotFoundException: org.apache.poi.xssf.usermodel.XSSFSheet
      	at java.net.URLClassLoader.findClass(URLClassLoader.java:381)
      	at java.lang.ClassLoader.loadClass(ClassLoader.java:424)
      	at sun.misc.Launcher$AppClassLoader.loadClass(Launcher.java:331)
      	at java.lang.ClassLoader.loadClass(ClassLoader.java:357)
      	at java.lang.Class.getDeclaredMethods0(Native Method)
      	at java.lang.Class.privateGetDeclaredMethods(Class.java:2701)
      	at java.lang.Class.getDeclaredMethods(Class.java:1975)
      	at com.google.inject.spi.InjectionPoint.getDeclaredMethods(InjectionPoint.java:766)
      	at com.google.inject.spi.InjectionPoint.getInjectionPoints(InjectionPoint.java:683)
      	at com.google.inject.spi.InjectionPoint.forInstanceMethodsAndFields(InjectionPoint.java:378)
      	at com.google.inject.internal.ConstructorBindingImpl.getInternalDependencies(ConstructorBindingImpl.java:181)
      	at com.google.inject.internal.InjectorImpl.getInternalDependencies(InjectorImpl.java:661)
      	at com.google.inject.internal.InjectorImpl.cleanup(InjectorImpl.java:617)
      	at com.google.inject.internal.InjectorImpl.initializeJitBinding(InjectorImpl.java:603)
      	at com.google.inject.internal.InjectorImpl.createJustInTimeBinding(InjectorImpl.java:932)
      	at com.google.inject.internal.InjectorImpl.createJustInTimeBindingRecursive(InjectorImpl.java:852)
      	at com.google.inject.internal.InjectorImpl.getJustInTimeBinding(InjectorImpl.java:291)
      	at com.google.inject.internal.InjectorImpl.getBindingOrThrow(InjectorImpl.java:222)
      	at com.google.inject.internal.InjectorImpl.getProviderOrThrow(InjectorImpl.java:1040)
      	at com.google.inject.internal.InjectorImpl.getProvider(InjectorImpl.java:1071)
      	at com.google.inject.internal.InjectorImpl.getProvider(InjectorImpl.java:1034)
      	at com.google.inject.internal.InjectorImpl.getInstance(InjectorImpl.java:1086)
      	at com.prft.cif.guice.inject.CIFInjector.getInstance(CIFInjector.java:38)
      	at com.prft.cif.guice.inject.CIFInjector.createInstance(CIFInjector.java:52)
      	at se.ff.cc.WorkbookStepDefs.some_start_condition(WorkbookStepDefs.java:40)
      	at sun.reflect.NativeMethodAccessorImpl.invoke0(Native Method)
      	at sun.reflect.NativeMethodAccessorImpl.invoke(NativeMethodAccessorImpl.java:62)
      	at sun.reflect.DelegatingMethodAccessorImpl.invoke(DelegatingMethodAccessorImpl.java:43)
      	at java.lang.reflect.Method.invoke(Method.java:498)
      	at cucumber.runtime.Utils$1.call(Utils.java:37)
      	at cucumber.runtime.Timeout.timeout(Timeout.java:13)
      	at cucumber.runtime.Utils.invoke(Utils.java:31)
      	at cucumber.runtime.java.JavaStepDefinition.execute(JavaStepDefinition.java:38)
      	at cucumber.runtime.StepDefinitionMatch.runStep(StepDefinitionMatch.java:37)
      	at cucumber.runtime.Runtime.runStep(Runtime.java:299)
      	at cucumber.runtime.model.StepContainer.runStep(StepContainer.java:44)
      	at cucumber.runtime.model.StepContainer.runSteps(StepContainer.java:39)
      	at cucumber.runtime.model.CucumberScenario.run(CucumberScenario.java:44)
      	at cucumber.runtime.junit.ExecutionUnitRunner.run(ExecutionUnitRunner.java:91)
      	at cucumber.runtime.junit.FeatureRunner.runChild(FeatureRunner.java:63)
      	at cucumber.runtime.junit.FeatureRunner.runChild(FeatureRunner.java:18)
      	at org.junit.runners.ParentRunner$3.run(ParentRunner.java:290)
      	at org.junit.runners.ParentRunner$1.schedule(ParentRunner.java:71)
      	at org.junit.runners.ParentRunner.runChildren(ParentRunner.java:288)
      	at org.junit.runners.ParentRunner.access$000(ParentRunner.java:58)
      	at org.junit.runners.ParentRunner$2.evaluate(ParentRunner.java:268)
      	at org.junit.runners.ParentRunner.run(ParentRunner.java:363)
      	at cucumber.runtime.junit.FeatureRunner.run(FeatureRunner.java:70)
      	at cucumber.api.junit.Cucumber.runChild(Cucumber.java:93)
      	at cucumber.api.junit.Cucumber.runChild(Cucumber.java:37)
      	at org.junit.runners.ParentRunner$3.run(ParentRunner.java:290)
      	at org.junit.runners.ParentRunner$1.schedule(ParentRunner.java:71)
      	at org.junit.runners.ParentRunner.runChildren(ParentRunner.java:288)
      	at org.junit.runners.ParentRunner.access$000(ParentRunner.java:58)
      	at org.junit.runners.ParentRunner$2.evaluate(ParentRunner.java:268)
      	at org.junit.runners.ParentRunner.run(ParentRunner.java:363)
      	at cucumber.api.junit.Cucumber.run(Cucumber.java:98)
      	at org.apache.maven.surefire.junit4.JUnit4Provider.execute(JUnit4Provider.java:252)
      	at org.apache.maven.surefire.junit4.JUnit4Provider.executeTestSet(JUnit4Provider.java:141)
      	at org.apache.maven.surefire.junit4.JUnit4Provider.invoke(JUnit4Provider.java:112)
      	at sun.reflect.NativeMethodAccessorImpl.invoke0(Native Method)
      	at sun.reflect.NativeMethodAccessorImpl.invoke(NativeMethodAccessorImpl.java:62)
      	at sun.reflect.DelegatingMethodAccessorImpl.invoke(DelegatingMethodAccessorImpl.java:43)
      	at java.lang.reflect.Method.invoke(Method.java:498)
      	at org.apache.maven.surefire.util.ReflectionUtils.invokeMethodWithArray(ReflectionUtils.java:189)
      	at org.apache.maven.surefire.booter.ProviderFactory$ProviderProxy.invoke(ProviderFactory.java:165)
      	at org.apache.maven.surefire.booter.ProviderFactory.invokeProvider(ProviderFactory.java:85)
      	at org.apache.maven.surefire.booter.ForkedBooter.runSuitesInProcess(ForkedBooter.java:115)
      	at org.apache.maven.surefire.booter.ForkedBooter.main(ForkedBooter.java:75)
      &amp;#27;[0m
    &amp;#27;[36mWhen &amp;#27;[0m&amp;#27;[36mI query Cloudera Navigator for that workbook&apos;s metadata&amp;#27;[0m                                          &amp;#27;[90m# WorkbookStepDefs.something_is_done()&amp;#27;[0m
    &amp;#27;[36mThen &amp;#27;[0m&amp;#27;[36mit should match the parsed workbook&amp;#27;[0m                                                              &amp;#27;[90m# WorkbookStepDefs.something_should_happen()&amp;#27;[0m
</system-out>
  </testcase>
  <testcase classname="Scenario: Curate data set db creation." name="When I query Cloudera Navigator for the existence of an appropriately named database" time="0.003">
    <skipped/>
  </testcase>
  <testcase classname="Scenario: Curate data set db creation." name="Then I should see Hive DB created with appropriate name in the correct location" time="0.003">
    <skipped/>
  </testcase>
  <testcase classname="Scenario: Curate data set db creation." name="Scenario: Curate data set db creation." time="0.003">
    <skipped/>
  </testcase>
  <testcase classname="Scenario: Curate data set db creation." name="Scenario: Curate data set db creation." time="0.003"/>
  <testcase classname="Scenario: Curate data set schema validation." name="Given I have parsed a curate workbook" time="0">
    <skipped/>
    <system-out>
  ##Just check that a database exists with the right name. Database name should be
  Scenario: Curate data set db creation.                                                 &amp;#27;[90m# se/ff/cc/workbook.feature:14&amp;#27;[0m
    &amp;#27;[33mGiven &amp;#27;[0m&amp;#27;[33mI have parsed a curate workbook&amp;#27;[0m
    &amp;#27;[33mWhen &amp;#27;[0m&amp;#27;[33mI query Cloudera Navigator for the existence of an appropriately named database&amp;#27;[0m
    &amp;#27;[33mThen &amp;#27;[0m&amp;#27;[33mI should see Hive DB created with appropriate name in the correct location&amp;#27;[0m
</system-out>
  </testcase>
  <testcase classname="Scenario: Curate data set schema validation." name="When I query Cloudera Navigator for the list of columns in the data set database" time="0">
    <skipped/>
  </testcase>
  <testcase classname="Scenario: Curate data set schema validation." name="Then I should see appropriate columns in the appropriate DB available via Impala" time="0">
    <skipped/>
  </testcase>
  <testcase classname="Scenario: Curate data set schema validation." name="Scenario: Curate data set schema validation." time="0">
    <skipped/>
  </testcase>
  <testcase classname="Scenario: Curate data set schema validation." name="Scenario: Curate data set schema validation." time="0"/>
  <testcase classname="Scenario: SUCCESS folder is created in HDFS path at /env/zone/domain/file" name="Given I have parsed a curate workbook" time="0">
    <skipped/>
    <system-out>
  ## describe test_curate_fin.test_cash_detail - confirm the columns match what we expect from the workbook. Check Impala instead of Hive
  Scenario: Curate data set schema validation.                                       &amp;#27;[90m# se/ff/cc/workbook.feature:20&amp;#27;[0m
    &amp;#27;[33mGiven &amp;#27;[0m&amp;#27;[33mI have parsed a curate workbook&amp;#27;[0m
    &amp;#27;[33mWhen &amp;#27;[0m&amp;#27;[33mI query Cloudera Navigator for the list of columns in the data set database&amp;#27;[0m
    &amp;#27;[33mThen &amp;#27;[0m&amp;#27;[33mI should see appropriate columns in the appropriate DB available via Impala&amp;#27;[0m
</system-out>
  </testcase>
  <testcase classname="Scenario: SUCCESS folder is created in HDFS path at /env/zone/domain/file" name="When I query Cloudera Navigator for the existence of HDFS target folder for the parquet files" time="0">
    <skipped/>
  </testcase>
  <testcase classname="Scenario: SUCCESS folder is created in HDFS path at /env/zone/domain/file" name="Then I should see the correct path and folder name" time="0">
    <skipped/>
  </testcase>
  <testcase classname="Scenario: SUCCESS folder is created in HDFS path at /env/zone/domain/file" name="Scenario: SUCCESS folder is created in HDFS path at /env/zone/domain/file" time="0">
    <skipped/>
  </testcase>
  <testcase classname="Scenario: SUCCESS folder is created in HDFS path at /env/zone/domain/file" name="Scenario: SUCCESS folder is created in HDFS path at /env/zone/domain/file" time="0"/>
</testsuite>