-------------------------------------------------------------------------------
Test set: Parallel02IT
-------------------------------------------------------------------------------
Tests run: 4, Failures: 0, Errors: 2, Skipped: 0, Time elapsed: 5.811 sec <<< FAILURE! - in Parallel02IT
Then something should happens(Scenario: s1)  Time elapsed: 0 sec  <<< ERROR!
cucumber.api.PendingException: TODO: implement me

Scenario: s1  Time elapsed: 0 sec  <<< ERROR!
cucumber.api.PendingException: TODO: implement me

